     1                                          BOOT_LOAD equ 0x7C00
     2                                          ORG BOOT_LOAD
     3                                  
     4                                  ;***********************************************************
     5                                  ;  マクロ
     6                                  ;***********************************************************
     7                                  %include "../include/macro.s"
     1                              <1> %macro cdecl 1-*.nolist
     2                              <1>   %rep %0 - 1
     3                              <1>     push %{-1:-1}
     4                              <1>     %rotate -1
     5                              <1>   %endrep
     6                              <1>   %rotate -1
     7                              <1> 
     8                              <1>   call %1
     9                              <1> 
    10                              <1>   %if 1 < %0
    11                              <1>     add sp, (__BITS__ >> 3) * (%0 - 1)
    12                              <1>   %endif
    13                              <1> %endmacro
     8                                  
     9                                  ;***********************************************************
    10                                  ;  エントリポイント
    11                                  ;***********************************************************
    12                                  entry:
    13                                          ;---------------------------------------
    14                                          ; BPB(BIOS Parameter Block)
    15                                          ;---------------------------------------
    16 00000000 EB58                            jmp ipl
    17 00000002 90<rept>                        times 90 - ($ - $$) db 0x90
    18                                  
    19                                          ;---------------------------------------
    20                                          ; IPL(Initial Program Loader)
    21                                          ;---------------------------------------
    22                                  ipl:
    23 0000005A FA                              cli
    24                                  
    25 0000005B B80000                          mov ax, 0x0000
    26 0000005E 8ED8                            mov ds, ax
    27 00000060 8EC0                            mov es, ax
    28 00000062 8ED0                            mov ss, ax
    29 00000064 BC007C                          mov sp, BOOT_LOAD
    30                                  
    31 00000067 FB                              sti
    32                                  
    33 00000068 8816[8800]                      mov [BOOT.DRIVE], dl
    34                                  
    35                                          ;---------------------------------------
    36                                          ; 文字列を表示
    37                                          ;---------------------------------------
    38 0000006C 68[7A00]E8180083C4-             cdecl puts, .s0
    38 00000074 02                 
    39 00000075 E83100                          cdecl reboot
    40                                  
    41                                          ;---------------------------------------
    42                                          ; 処理の終了
    43                                          ;---------------------------------------
    44 00000078 EBFE                            jmp $
    45                                  
    46                                          ;---------------------------------------
    47                                          ; データ
    48                                          ;---------------------------------------
    49 0000007A 426F6F74696E672E2E-     .s0     db "Booting...", 0x0A, 0x0D, 0
    49 00000083 2E0A0D00           
    50                                  
    51 00000087 00                      ALIGN 2, db 0
    52                                  BOOT:
    53 00000088 0000                    .DRIVE: dw 0
    54                                  
    55                                  ;***********************************************************
    56                                  ;  モジュール
    57                                  ;***********************************************************
    58                                  %include "../modules/real/puts.s"
     1                              <1> puts:
     2                              <1>         ;---------------------------------------
     3                              <1>         ; 【スタックフレームの構築】
     4                              <1>         ;---------------------------------------
     5 0000008A 55                  <1>         push bp
     6 0000008B 89E5                <1>         mov bp, sp
     7                              <1> 
     8                              <1>         ;---------------------------------------
     9                              <1>         ; 【レジスタの保存】
    10                              <1>         ;---------------------------------------
    11 0000008D 50                  <1>         push ax
    12 0000008E 53                  <1>         push bx
    13 0000008F 56                  <1>         push si
    14                              <1> 
    15                              <1>         ;---------------------------------------
    16                              <1>         ; 引数を取得
    17                              <1>         ;---------------------------------------
    18 00000090 8B7604              <1>         mov si, [bp + 4]
    19                              <1> 
    20                              <1>         ;---------------------------------------
    21                              <1>         ; 【処理の開始】
    22                              <1>         ;---------------------------------------
    23 00000093 B40E                <1>         mov ah, 0x0E
    24 00000095 BB0000              <1>         mov bx, 0x0000
    25 00000098 FC                  <1>         cld
    26                              <1> .10L:
    27 00000099 AC                  <1>         lodsb
    28 0000009A 3C00                <1>         cmp al, 0
    29 0000009C 7404                <1>         je .10E
    30 0000009E CD10                <1>         int 0x10
    31 000000A0 EBF7                <1>         jmp .10L
    32                              <1> .10E:
    33                              <1> 
    34                              <1>         ;---------------------------------------
    35                              <1>         ; 【レジスタの復帰】
    36                              <1>         ;---------------------------------------
    37 000000A2 5E                  <1>         pop si
    38 000000A3 5B                  <1>         pop bx
    39 000000A4 58                  <1>         pop ax
    40                              <1> 
    41                              <1>         ;---------------------------------------
    42                              <1>         ; 【スタックフレームの破棄】
    43                              <1>         ;---------------------------------------
    44 000000A5 89EC                <1>         mov sp, bp
    45 000000A7 5D                  <1>         pop bp
    46                              <1> 
    47 000000A8 C3                  <1>         ret
    59                                  %include "../modules/real/reboot.s"
     1                              <1> reboot:
     2                              <1>         ;---------------------------------------
     3                              <1>         ; メッセージを表示
     4                              <1>         ;---------------------------------------
     5 000000A9 68[C500]E8DBFF83C4- <1>         cdecl puts, .s0
     5 000000B1 02                  <1>
     6                              <1> 
     7                              <1>         ;---------------------------------------
     8                              <1>         ; キー入力待ち
     9                              <1>         ;---------------------------------------
    10                              <1> .10L:
    11 000000B2 B410                <1>         mov ah, 0x10
    12 000000B4 CD16                <1>         int 0x16
    13                              <1> 
    14 000000B6 3C20                <1>         cmp al, ' '
    15 000000B8 75F8                <1>         jne .10L
    16                              <1> 
    17                              <1>         ;---------------------------------------
    18                              <1>         ; 改行を出力
    19                              <1>         ;---------------------------------------
    20 000000BA 68[E300]E8CAFF83C4- <1>         cdecl puts, .s1
    20 000000C2 02                  <1>
    21                              <1> 
    22                              <1>         ;---------------------------------------
    23                              <1>         ; 再起動
    24                              <1>         ;---------------------------------------
    25 000000C3 CD19                <1>         int 0x19
    26                              <1> 
    27                              <1>         ;---------------------------------------
    28                              <1>         ; 文字列データ
    29                              <1>         ;---------------------------------------
    30 000000C5 0A0D50757368205350- <1> .s0     db 0x0A, 0x0D, "Push SPACE key to reboot...", 0
    30 000000CE 414345206B65792074- <1>
    30 000000D7 6F207265626F6F742E- <1>
    30 000000E0 2E2E00              <1>
    31 000000E3 0A0D0A0D00          <1> .s1     db 0x0A, 0x0D, 0x0A, 0x0D, 0
    60                                  
    61                                  ;***********************************************************
    62                                  ;  ブートフラグ(先頭512バイトの終了)
    63                                  ;***********************************************************
    64 000000E8 00<rept>                        times 510 - ($ - $$) db 0x00
    65 000001FE 55AA                            db 0x55, 0xAA
