     1                                  ;***********************************************************
     2                                  ;  マクロ
     3                                  ;***********************************************************
     4                                  %include "../include/define.s"
     1                              <1> BOOT_SIZE equ (1024 * 8)
     2                              <1> KERNEL_SIZE equ (1024 * 8)
     3                              <1> 
     4                              <1> BOOT_LOAD equ 0x7C00
     5                              <1> BOOT_END equ (BOOT_LOAD + BOOT_SIZE)
     6                              <1> 
     7                              <1> KERNEL_LOAD equ 0x0010_1000
     8                              <1> 
     9                              <1> SECT_SIZE equ (512)
    10                              <1> 
    11                              <1> BOOT_SECT equ (BOOT_SIZE / SECT_SIZE)
    12                              <1> KERNEL_SECT equ (KERNEL_SIZE / SECT_SIZE)
    13                              <1> 
    14                              <1> E820_RECORD_SIZE equ 20
     5                                  %include "../include/macro.s"
     1                              <1> %macro cdecl 1-*.nolist
     2                              <1>     %rep %0 - 1
     3                              <1>         push %{-1:-1}
     4                              <1>         %rotate -1
     5                              <1>     %endrep
     6                              <1>     %rotate -1
     7                              <1> 
     8                              <1>     call %1
     9                              <1> 
    10                              <1>     %if 1 < %0
    11                              <1>         add sp, (__BITS__ >> 3) * (%0 - 1)
    12                              <1>     %endif
    13                              <1> %endmacro
    14                              <1> 
    15                              <1> struc drive
    16 00000000 <res 00000002>      <1>     .no resw 1      ; ドライブ番号
    17 00000002 <res 00000002>      <1>     .cyln resw 1    ; シリンダ
    18 00000004 <res 00000002>      <1>     .head resw 1    ; ヘッド
    19 00000006 <res 00000002>      <1>     .sect resw 1    ; セクタ
    20                              <1> endstruc
     6                                  
     7                                          ORG KERNEL_LOAD
     8                                  
     9                                  [BITS 32]
    10                                  ;***********************************************************
    11                                  ;  エントリポイント
    12                                  ;***********************************************************
    13                                  kernel:
    14                                          ;------------------------------------------
    15                                          ; フォントアドレスを取得
    16                                          ;------------------------------------------
    17 00000000 BE007E0000                      mov esi, BOOT_LOAD + SECT_SIZE
    18 00000005 0FB706                          movzx eax, word[esi + 0]
    19 00000008 0FB75E02                        movzx ebx, word[esi + 2]
    20 0000000C C1E004                          shl eax, 4
    21 0000000F 01D8                            add eax, ebx
    22 00000011 A3[84000000]                    mov [FONT_ADR], eax
    23                                  
    24                                          ;------------------------------------------
    25                                          ; フォントの一覧表示
    26                                          ;------------------------------------------
    27 00000016 6A0D6A3FE8E4010000-             cdecl draw_font, 63, 13
    27 0000001F 6683C408           
    28 00000023 6A046A3FE865020000-             cdecl draw_color_bar, 63, 4
    28 0000002C 6683C408           
    29                                  
    30                                          ;------------------------------------------
    31                                          ; 文字列を描画
    32                                          ;------------------------------------------
    33 00000030 68[71000000]680F01-             cdecl draw_str, 25, 14, 0x010F, .s0
    33 00000038 00006A0E6A19E80502-
    33 00000041 00006683C410       
    34                                  
    35                                          ;------------------------------------------
    36                                          ; 時刻の表示
    37                                          ;------------------------------------------
    38                                  .10L:
    39 00000047 68[88000000]E87305-             cdecl rtc_get_time, RTC_TIME
    39 0000004F 00006683C404       
    40 00000055 FF35[88000000]6800-             cdecl draw_time, 72, 0, 0x0700, dword[RTC_TIME]
    40 0000005D 0700006A006A48E89C-
    40 00000066 0500006683C410     
    41 0000006D EBD8                            jmp .10L
    42                                  
    43                                          ;------------------------------------------
    44                                          ; 処理の終了
    45                                          ;------------------------------------------
    46 0000006F EBFE                            jmp $
    47                                  
    48 00000071 2048656C6C6F2C206B-     .s0:    db " Hello, kernel! ", 0
    48 0000007A 65726E656C212000   
    49                                  
    50 00000082 00<rept>                ALIGN 4, db 0
    51 00000084 00000000                FONT_ADR: dd 0
    52 00000088 00000000                RTC_TIME: dd 0
    53                                  
    54                                  ;***********************************************************
    55                                  ;  モジュール
    56                                  ;***********************************************************
    57                                  %include "../modules/protect/vga.s"
     1                              <1> vga_set_read_plane:
     2                              <1>         ;-----------------------------------------
     3                              <1>         ; 【スタックフレームの構築】
     4                              <1>         ;-----------------------------------------
     5 0000008C 55                  <1>         push ebp
     6 0000008D 89E5                <1>         mov ebp, esp
     7                              <1> 
     8                              <1>         ;-----------------------------------------
     9                              <1>         ; 【レジスタの保存】
    10                              <1>         ;-----------------------------------------
    11 0000008F 50                  <1>         push eax
    12 00000090 52                  <1>         push edx
    13                              <1> 
    14                              <1>         ;-----------------------------------------
    15                              <1>         ; 読み込みプレーンの選択
    16                              <1>         ;-----------------------------------------
    17 00000091 8A6508              <1>         mov ah, [ebp + 8]
    18 00000094 80E403              <1>         and ah, 0x03
    19 00000097 B004                <1>         mov al, 0x04
    20 00000099 66BACE03            <1>         mov dx, 0x03CE
    21 0000009D 66EF                <1>         out dx, ax
    22                              <1> 
    23                              <1>         ;-----------------------------------------
    24                              <1>         ; 【レジスタの復帰】
    25                              <1>         ;-----------------------------------------
    26 0000009F 5A                  <1>         pop edx
    27 000000A0 58                  <1>         pop eax
    28                              <1> 
    29                              <1>         ;-----------------------------------------
    30                              <1>         ; 【スタックフレームの破棄】
    31                              <1>         ;-----------------------------------------
    32 000000A1 89EC                <1>         mov esp, ebp
    33 000000A3 5D                  <1>         pop ebp
    34                              <1> 
    35 000000A4 C3                  <1>         ret
    36                              <1> 
    37                              <1> vga_set_write_plane:
    38                              <1>         ;-----------------------------------------
    39                              <1>         ; 【スタックフレームの構築】
    40                              <1>         ;-----------------------------------------
    41 000000A5 55                  <1>         push ebp
    42 000000A6 89E5                <1>         mov ebp, esp
    43                              <1> 
    44                              <1>         ;-----------------------------------------
    45                              <1>         ; 【レジスタの保存】
    46                              <1>         ;-----------------------------------------
    47 000000A8 50                  <1>         push eax
    48 000000A9 52                  <1>         push edx
    49                              <1> 
    50                              <1>         ;-----------------------------------------
    51                              <1>         ; 書き込みプレーンの選択
    52                              <1>         ;-----------------------------------------
    53 000000AA 8A6508              <1>         mov ah, [ebp + 8]
    54 000000AD 80E40F              <1>         and ah, 0x0F
    55 000000B0 B002                <1>         mov al, 0x02
    56 000000B2 66BAC403            <1>         mov dx, 0x03C4
    57 000000B6 66EF                <1>         out dx, ax
    58                              <1> 
    59                              <1>         ;-----------------------------------------
    60                              <1>         ; 【レジスタの復帰】
    61                              <1>         ;-----------------------------------------
    62 000000B8 5A                  <1>         pop edx
    63 000000B9 58                  <1>         pop eax
    64                              <1> 
    65                              <1>         ;-----------------------------------------
    66                              <1>         ; 【スタックフレームの破棄】
    67                              <1>         ;-----------------------------------------
    68 000000BA 89EC                <1>         mov esp, ebp
    69 000000BC 5D                  <1>         pop ebp
    70                              <1> 
    71 000000BD C3                  <1>         ret
    72                              <1> 
    73                              <1> vram_font_copy:
    74                              <1>         ;-----------------------------------------
    75                              <1>         ; 【スタックフレームの構築】
    76                              <1>         ;-----------------------------------------
    77 000000BE 55                  <1>         push ebp
    78 000000BF 89E5                <1>         mov ebp, esp
    79                              <1> 
    80                              <1>         ;-----------------------------------------
    81                              <1>         ; 【レジスタの保存】
    82                              <1>         ;-----------------------------------------
    83 000000C1 50                  <1>         push eax
    84 000000C2 53                  <1>         push ebx
    85 000000C3 51                  <1>         push ecx
    86 000000C4 52                  <1>         push edx
    87 000000C5 56                  <1>         push esi
    88 000000C6 57                  <1>         push edi
    89                              <1> 
    90                              <1>         ;-----------------------------------------
    91                              <1>         ; マスクデータの作成
    92                              <1>         ;-----------------------------------------
    93 000000C7 8B7508              <1>         mov esi, [ebp + 8]
    94 000000CA 8B7D0C              <1>         mov edi, [ebp + 12]
    95 000000CD 0FB64510            <1>         movzx eax, byte [ebp + 16]
    96 000000D1 0FB75D14            <1>         movzx ebx, word [ebp + 20]
    97                              <1> 
    98 000000D5 84C7                <1>         test bh, al
    99 000000D7 0F94C6              <1>         setz dh
   100 000000DA FECE                <1>         dec dh
   101                              <1> 
   102 000000DC 84C3                <1>         test bl, al
   103 000000DE 0F94C2              <1>         setz dl
   104 000000E1 FECA                <1>         dec dl
   105                              <1> 
   106                              <1>         ;-----------------------------------------
   107                              <1>         ; 16ドットフォントのコピー
   108                              <1>         ;-----------------------------------------
   109 000000E3 FC                  <1>         cld
   110                              <1> 
   111 000000E4 B910000000          <1>         mov ecx, 16
   112                              <1> .10L:
   113                              <1> 
   114                              <1>         ;-----------------------------------------
   115                              <1>         ; フォントマスクの作成
   116                              <1>         ;-----------------------------------------
   117 000000E9 AC                  <1>         lodsb
   118 000000EA 88C4                <1>         mov ah, al
   119 000000EC F6D4                <1>         not ah
   120                              <1> 
   121                              <1>         ;-----------------------------------------
   122                              <1>         ; 前景色
   123                              <1>         ;-----------------------------------------
   124 000000EE 20D0                <1>         and al, dl
   125                              <1> 
   126                              <1>         ;-----------------------------------------
   127                              <1>         ; 背景色
   128                              <1>         ;-----------------------------------------
   129 000000F0 F7C310000000        <1>         test ebx, 0x0010
   130 000000F6 7404                <1>         jz .11F
   131 000000F8 2227                <1>         and ah, [edi]
   132 000000FA EB02                <1>         jmp .11E
   133                              <1> .11F:
   134 000000FC 20F4                <1>         and ah, dh
   135                              <1> .11E:
   136                              <1> 
   137                              <1>         ;-----------------------------------------
   138                              <1>         ; 前景色と背景色をコピー
   139                              <1>         ;-----------------------------------------
   140 000000FE 08E0                <1>         or al, ah
   141                              <1> 
   142                              <1>         ;-----------------------------------------
   143                              <1>         ; 新しい値を出力
   144                              <1>         ;-----------------------------------------
   145 00000100 8807                <1>         mov [edi], al
   146                              <1> 
   147 00000102 83C750              <1>         add edi, 80
   148 00000105 E2E2                <1>         loop .10L
   149                              <1> .10E:
   150                              <1> 
   151                              <1>         ;-----------------------------------------
   152                              <1>         ; 【レジスタの復帰】
   153                              <1>         ;-----------------------------------------
   154 00000107 5F                  <1>         pop edi
   155 00000108 5E                  <1>         pop esi
   156 00000109 5A                  <1>         pop edx
   157 0000010A 59                  <1>         pop ecx
   158 0000010B 5B                  <1>         pop ebx
   159 0000010C 58                  <1>         pop eax
   160                              <1> 
   161                              <1>         ;-----------------------------------------
   162                              <1>         ; 【スタックフレームの破棄】
   163                              <1>         ;-----------------------------------------
   164 0000010D 89EC                <1>         mov esp, ebp
   165 0000010F 5D                  <1>         pop ebp
   166                              <1> 
   167 00000110 C3                  <1>         ret
   168                              <1> 
   169                              <1> vram_bit_copy:
   170                              <1>         ;-----------------------------------------
   171                              <1>         ; 【スタックフレームの構築】
   172                              <1>         ;-----------------------------------------
   173 00000111 55                  <1>         push ebp
   174 00000112 89E5                <1>         mov ebp, esp
   175                              <1> 
   176                              <1>         ;-----------------------------------------
   177                              <1>         ; 【レジスタの保存】
   178                              <1>         ;-----------------------------------------
   179 00000114 50                  <1>         push eax
   180 00000115 53                  <1>         push ebx
   181 00000116 57                  <1>         push edi
   182                              <1> 
   183                              <1>         ;-----------------------------------------
   184                              <1>         ; ビットのコピー
   185                              <1>         ;-----------------------------------------
   186 00000117 8B7D0C              <1>         mov edi, [ebp + 12]
   187 0000011A 0FB64510            <1>         movzx eax, byte [ebp + 16]
   188 0000011E 0FB75D14            <1>         movzx ebx, word [ebp + 20]
   189                              <1> 
   190 00000122 84C3                <1>         test bl, al
   191 00000124 0F94C3              <1>         setz bl
   192 00000127 FECB                <1>         dec bl
   193                              <1> 
   194                              <1>         ;-----------------------------------------
   195                              <1>         ; 反転処理
   196                              <1>         ;-----------------------------------------
   197 00000129 8A4508              <1>         mov al, [ebp + 8]
   198 0000012C 88C4                <1>         mov ah, al
   199 0000012E F6D4                <1>         not ah
   200                              <1> 
   201                              <1>         ;-----------------------------------------
   202                              <1>         ; 描画処理
   203                              <1>         ;-----------------------------------------
   204 00000130 2227                <1>         and ah, [edi]
   205 00000132 20D8                <1>         and al, bl
   206 00000134 08E0                <1>         or al, ah
   207 00000136 8807                <1>         mov [edi], al
   208                              <1> 
   209                              <1>         ;-----------------------------------------
   210                              <1>         ; 【レジスタの復帰】
   211                              <1>         ;-----------------------------------------
   212 00000138 5F                  <1>         pop edi
   213 00000139 5B                  <1>         pop ebx
   214 0000013A 58                  <1>         pop eax
   215                              <1> 
   216                              <1>         ;-----------------------------------------
   217                              <1>         ; 【スタックフレームの破棄】
   218                              <1>         ;-----------------------------------------
   219 0000013B 89EC                <1>         mov esp, ebp
   220 0000013D 5D                  <1>         pop ebp
   221                              <1> 
   222 0000013E C3                  <1>         ret
    58                                  %include "../modules/protect/draw_char.s"
     1                              <1> draw_char:
     2                              <1>         ;-----------------------------------------
     3                              <1>         ; 【スタックフレームの構築】
     4                              <1>         ;-----------------------------------------
     5 0000013F 55                  <1>         push ebp
     6 00000140 89E5                <1>         mov ebp, esp
     7                              <1> 
     8                              <1>         ;-----------------------------------------
     9                              <1>         ; 【レジスタの保存】
    10                              <1>         ;-----------------------------------------
    11 00000142 50                  <1>         push eax
    12 00000143 53                  <1>         push ebx
    13 00000144 51                  <1>         push ecx
    14 00000145 52                  <1>         push edx
    15 00000146 56                  <1>         push esi
    16 00000147 57                  <1>         push edi
    17                              <1> 
    18                              <1>         ;-----------------------------------------
    19                              <1>         ; コピー元フォントアドレスを設定
    20                              <1>         ;-----------------------------------------
    21 00000148 0FB67514            <1>         movzx esi, byte [ebp + 20]
    22 0000014C C1E604              <1>         shl esi, 4
    23 0000014F 0335[84000000]      <1>         add esi, [FONT_ADR]
    24                              <1> 
    25                              <1>         ;-----------------------------------------
    26                              <1>         ; コピー先アドレスを取得
    27                              <1>         ; Adr = 0xA0000 + (640 / 8 * 16) * y + x
    28                              <1>         ;-----------------------------------------
    29 00000155 8B7D0C              <1>         mov edi, [ebp + 12]
    30 00000158 C1E708              <1>         shl edi, 8
    31 0000015B 8DBCBF00000A00      <1>         lea edi, [edi * 4 + edi + 0xA0000]
    32 00000162 037D08              <1>         add edi, [ebp + 8]
    33                              <1> 
    34                              <1>         ;-----------------------------------------
    35                              <1>         ; 1文字分のフォントを出力
    36                              <1>         ;-----------------------------------------
    37 00000165 0FB75D10            <1>         movzx ebx, word[ebp + 16]
    38                              <1> 
    39 00000169 6A03E81CFFFFFF6683- <1>         cdecl vga_set_read_plane, 0x03
    39 00000172 C404                <1>
    40 00000174 6A08E82AFFFFFF6683- <1>         cdecl vga_set_write_plane, 0x08
    40 0000017D C404                <1>
    41 0000017F 536A085756E835FFFF- <1>         cdecl vram_font_copy, esi, edi, 0x08, ebx
    41 00000188 FF6683C410          <1>
    42                              <1> 
    43 0000018D 6A02E8F8FEFFFF6683- <1>         cdecl vga_set_read_plane, 0x02
    43 00000196 C404                <1>
    44 00000198 6A04E806FFFFFF6683- <1>         cdecl vga_set_write_plane, 0x04
    44 000001A1 C404                <1>
    45 000001A3 536A045756E811FFFF- <1>         cdecl vram_font_copy, esi, edi, 0x04, ebx
    45 000001AC FF6683C410          <1>
    46                              <1> 
    47 000001B1 6A01E8D4FEFFFF6683- <1>         cdecl vga_set_read_plane, 0x01
    47 000001BA C404                <1>
    48 000001BC 6A02E8E2FEFFFF6683- <1>         cdecl vga_set_write_plane, 0x02
    48 000001C5 C404                <1>
    49 000001C7 536A025756E8EDFEFF- <1>         cdecl vram_font_copy, esi, edi, 0x02, ebx
    49 000001D0 FF6683C410          <1>
    50                              <1> 
    51 000001D5 6A00E8B0FEFFFF6683- <1>         cdecl vga_set_read_plane, 0x00
    51 000001DE C404                <1>
    52 000001E0 6A01E8BEFEFFFF6683- <1>         cdecl vga_set_write_plane, 0x01
    52 000001E9 C404                <1>
    53 000001EB 536A015756E8C9FEFF- <1>         cdecl vram_font_copy, esi, edi, 0x01, ebx
    53 000001F4 FF6683C410          <1>
    54                              <1> 
    55                              <1>         ;-----------------------------------------
    56                              <1>         ; 【レジスタの復帰】
    57                              <1>         ;-----------------------------------------
    58 000001F9 5F                  <1>         pop edi
    59 000001FA 5E                  <1>         pop esi
    60 000001FB 5A                  <1>         pop edx
    61 000001FC 59                  <1>         pop ecx
    62 000001FD 5B                  <1>         pop ebx
    63 000001FE 58                  <1>         pop eax
    64                              <1> 
    65                              <1>         ;-----------------------------------------
    66                              <1>         ; 【スタックフレームの破棄】
    67                              <1>         ;-----------------------------------------
    68 000001FF 89EC                <1>         mov esp, ebp
    69 00000201 5D                  <1>         pop ebp
    70                              <1> 
    71 00000202 C3                  <1>         ret
    59                                  %include "../modules/protect/draw_font.s"
     1                              <1> draw_font:
     2                              <1>         ;-----------------------------------------
     3                              <1>         ; 【スタックフレームの構築】
     4                              <1>         ;-----------------------------------------
     5 00000203 55                  <1>         push ebp
     6 00000204 89E5                <1>         mov ebp, esp
     7                              <1> 
     8                              <1>         ;-----------------------------------------
     9                              <1>         ; 【レジスタの保存】
    10                              <1>         ;-----------------------------------------
    11 00000206 50                  <1>         push eax
    12 00000207 53                  <1>         push ebx
    13 00000208 51                  <1>         push ecx
    14 00000209 52                  <1>         push edx
    15 0000020A 56                  <1>         push esi
    16 0000020B 57                  <1>         push edi
    17                              <1> 
    18                              <1>         ;-----------------------------------------
    19                              <1>         ; 基準となる位置をレジスタに保存
    20                              <1>         ;-----------------------------------------
    21 0000020C 8B7508              <1>         mov esi, [ebp + 8]
    22 0000020F 8B7D0C              <1>         mov edi, [ebp + 12]
    23                              <1> 
    24                              <1>         ;-----------------------------------------
    25                              <1>         ; フォントを一覧表示する
    26                              <1>         ;-----------------------------------------
    27 00000212 B900000000          <1>         mov ecx, 0
    28                              <1> .10L:
    29 00000217 81F900010000        <1>         cmp ecx, 256
    30 0000021D 731F                <1>         jae .10E
    31                              <1> 
    32 0000021F 89C8                <1>         mov eax, ecx
    33 00000221 83E00F              <1>         and eax, 0x0F
    34 00000224 01F0                <1>         add eax, esi
    35                              <1> 
    36 00000226 89CB                <1>         mov ebx, ecx
    37 00000228 C1EB04              <1>         shr ebx, 4
    38 0000022B 01FB                <1>         add ebx, edi
    39                              <1> 
    40 0000022D 516A075350E808FFFF- <1>         cdecl draw_char, eax, ebx, 0x07, ecx
    40 00000236 FF6683C410          <1>
    41                              <1> 
    42 0000023B 41                  <1>         inc ecx
    43 0000023C EBD9                <1>         jmp .10L
    44                              <1> .10E:
    45                              <1> 
    46                              <1>         ;-----------------------------------------
    47                              <1>         ; 【レジスタの復帰】
    48                              <1>         ;-----------------------------------------
    49 0000023E 5F                  <1>         pop edi
    50 0000023F 5E                  <1>         pop esi
    51 00000240 5A                  <1>         pop edx
    52 00000241 59                  <1>         pop ecx
    53 00000242 5B                  <1>         pop ebx
    54 00000243 58                  <1>         pop eax
    55                              <1> 
    56                              <1>         ;-----------------------------------------
    57                              <1>         ; 【スタックフレームの破棄】
    58                              <1>         ;-----------------------------------------
    59 00000244 89EC                <1>         mov esp, ebp
    60 00000246 5D                  <1>         pop ebp
    61                              <1> 
    62 00000247 C3                  <1>         ret
    60                                  %include "../modules/protect/draw_str.s"
     1                              <1> draw_str:
     2                              <1>         ;-----------------------------------------
     3                              <1>         ; 【スタックフレームの構築】
     4                              <1>         ;-----------------------------------------
     5 00000248 55                  <1>         push ebp
     6 00000249 89E5                <1>         mov ebp, esp
     7                              <1> 
     8                              <1>         ;-----------------------------------------
     9                              <1>         ; 【レジスタの保存】
    10                              <1>         ;-----------------------------------------
    11 0000024B 50                  <1>         push eax
    12 0000024C 53                  <1>         push ebx
    13 0000024D 51                  <1>         push ecx
    14 0000024E 52                  <1>         push edx
    15 0000024F 56                  <1>         push esi
    16                              <1> 
    17                              <1>         ;-----------------------------------------
    18                              <1>         ; 文字列を描画する
    19                              <1>         ;-----------------------------------------
    20 00000250 8B4D08              <1>         mov ecx, [ebp + 8]
    21 00000253 8B550C              <1>         mov edx, [ebp + 12]
    22 00000256 0FB75D10            <1>         movzx ebx, word [ebp + 16]
    23 0000025A 8B7514              <1>         mov esi, [ebp + 20]
    24                              <1> 
    25 0000025D FC                  <1>         cld
    26                              <1> .10L:
    27 0000025E AC                  <1>         lodsb
    28 0000025F 3C00                <1>         cmp al, 0
    29 00000261 7425                <1>         je .10E
    30                              <1> 
    31 00000263 50535251E8D3FEFFFF- <1>         cdecl draw_char, ecx, edx, ebx, eax
    31 0000026C 6683C410            <1>
    32                              <1> 
    33 00000270 41                  <1>         inc ecx
    34 00000271 83F950              <1>         cmp ecx, 80
    35 00000274 7C10                <1>         jl .12E
    36 00000276 B900000000          <1>         mov ecx, 0
    37 0000027B 42                  <1>         inc edx
    38 0000027C 83FA1E              <1>         cmp edx, 30
    39 0000027F 7C05                <1>         jl .12E
    40 00000281 BA00000000          <1>         mov edx, 0
    41                              <1> .12E:
    42 00000286 EBD6                <1>         jmp .10L
    43                              <1> .10E:
    44                              <1> 
    45                              <1>         ;-----------------------------------------
    46                              <1>         ; 【レジスタの復帰】
    47                              <1>         ;-----------------------------------------
    48 00000288 5E                  <1>         pop esi
    49 00000289 5A                  <1>         pop edx
    50 0000028A 59                  <1>         pop ecx
    51 0000028B 5B                  <1>         pop ebx
    52 0000028C 58                  <1>         pop eax
    53                              <1> 
    54                              <1>         ;-----------------------------------------
    55                              <1>         ; 【スタックフレームの破棄】
    56                              <1>         ;-----------------------------------------
    57 0000028D 89EC                <1>         mov esp, ebp
    58 0000028F 5D                  <1>         pop ebp
    59                              <1> 
    60 00000290 C3                  <1>         ret
    61                                  %include "../modules/protect/draw_color_bar.s"
     1                              <1> draw_color_bar:
     2                              <1>         ;-----------------------------------------
     3                              <1>         ; 【スタックフレームの構築】
     4                              <1>         ;-----------------------------------------
     5 00000291 55                  <1>         push ebp
     6 00000292 89E5                <1>         mov ebp, esp
     7                              <1> 
     8                              <1>         ;-----------------------------------------
     9                              <1>         ; 【レジスタの保存】
    10                              <1>         ;-----------------------------------------
    11 00000294 50                  <1>         push eax
    12 00000295 53                  <1>         push ebx
    13 00000296 51                  <1>         push ecx
    14 00000297 52                  <1>         push edx
    15 00000298 56                  <1>         push esi
    16 00000299 57                  <1>         push edi
    17                              <1> 
    18                              <1>         ;-----------------------------------------
    19                              <1>         ; 基準となる位置をレジスタに保存
    20                              <1>         ;-----------------------------------------
    21 0000029A 8B7508              <1>         mov esi, [ebp + 8]
    22 0000029D 8B7D0C              <1>         mov edi, [ebp + 12]
    23                              <1> 
    24                              <1>         ;-----------------------------------------
    25                              <1>         ; カラーバーを表示
    26                              <1>         ;-----------------------------------------
    27 000002A0 B900000000          <1>         mov ecx, 0
    28                              <1> .10L:
    29 000002A5 83F910              <1>         cmp ecx, 16
    30 000002A8 732E                <1>         jae .10E
    31                              <1> 
    32 000002AA 89C8                <1>         mov eax, ecx
    33 000002AC 83E001              <1>         and eax, 0x01
    34 000002AF C1E003              <1>         shl eax, 3
    35 000002B2 01F0                <1>         add eax, esi
    36                              <1> 
    37 000002B4 89CB                <1>         mov ebx, ecx
    38 000002B6 D1EB                <1>         shr ebx, 1
    39 000002B8 01FB                <1>         add ebx, edi
    40                              <1> 
    41 000002BA 89CA                <1>         mov edx, ecx
    42 000002BC D1E2                <1>         shl edx, 1
    43 000002BE 8B92[EB020000]      <1>         mov edx, [.t0 + edx]
    44                              <1> 
    45 000002C4 68[E2020000]525350- <1>         cdecl draw_str, eax, ebx, edx, .s0
    45 000002CC E877FFFFFF6683C410  <1>
    46                              <1> 
    47 000002D5 41                  <1>         inc ecx
    48 000002D6 EBCD                <1>         jmp .10L
    49                              <1> .10E:
    50                              <1> 
    51                              <1>         ;-----------------------------------------
    52                              <1>         ; 【レジスタの復帰】
    53                              <1>         ;-----------------------------------------
    54 000002D8 5F                  <1>         pop edi
    55 000002D9 5E                  <1>         pop esi
    56 000002DA 5A                  <1>         pop edx
    57 000002DB 59                  <1>         pop ecx
    58 000002DC 5B                  <1>         pop ebx
    59 000002DD 58                  <1>         pop eax
    60                              <1> 
    61                              <1>         ;-----------------------------------------
    62                              <1>         ; 【スタックフレームの破棄】
    63                              <1>         ;-----------------------------------------
    64 000002DE 89EC                <1>         mov esp, ebp
    65 000002E0 5D                  <1>         pop ebp
    66                              <1> 
    67 000002E1 C3                  <1>         ret
    68                              <1> 
    69 000002E2 202020202020202000  <1> .s0:    db '        ', 0
    70 000002EB 00000008            <1> .t0:    dw 0x0000, 0x0800
    71 000002EF 00010009            <1>         dw 0x0100, 0x0900
    72 000002F3 0002000A            <1>         dw 0x0200, 0x0A00
    73 000002F7 0003000B            <1>         dw 0x0300, 0x0B00
    74 000002FB 0004000C            <1>         dw 0x0400, 0x0C00
    75 000002FF 0005000D            <1>         dw 0x0500, 0x0D00
    76 00000303 0006000E            <1>         dw 0x0600, 0x0E00
    77 00000307 0007000F            <1>         dw 0x0700, 0x0F00
    62                                  %include "../modules/protect/draw_pixel.s"
     1                              <1> draw_pixel:
     2                              <1>         ;-----------------------------------------
     3                              <1>         ; 【スタックフレームの構築】
     4                              <1>         ;-----------------------------------------
     5 0000030B 55                  <1>         push ebp
     6 0000030C 89E5                <1>         mov ebp, esp
     7                              <1> 
     8                              <1>         ;-----------------------------------------
     9                              <1>         ; 【レジスタの保存】
    10                              <1>         ;-----------------------------------------
    11 0000030E 50                  <1>         push eax
    12 0000030F 53                  <1>         push ebx
    13 00000310 51                  <1>         push ecx
    14 00000311 57                  <1>         push edi
    15                              <1> 
    16                              <1>         ;-----------------------------------------
    17                              <1>         ; Y座標を80倍する(640/8)
    18                              <1>         ;-----------------------------------------
    19 00000312 8B7D0C              <1>         mov edi, [ebp + 12]
    20 00000315 C1E704              <1>         shl edi, 4
    21 00000318 8DBCBF00000A00      <1>         lea edi, [edi * 4 + edi + 0xA_0000]
    22                              <1> 
    23                              <1>         ;-----------------------------------------
    24                              <1>         ; X座標を1/8して加算
    25                              <1>         ;-----------------------------------------
    26 0000031F 8B5D08              <1>         mov ebx, [ebp + 8]
    27 00000322 89D9                <1>         mov ecx, ebx
    28 00000324 C1EB03              <1>         shr ebx, 3
    29 00000327 01DF                <1>         add edi, ebx
    30                              <1> 
    31                              <1>         ;-----------------------------------------
    32                              <1>         ; X座標を8で割った余りからビット位置を計算
    33                              <1>         ; (0=0x80, 1=0x40, ..., 7=0x01)
    34                              <1>         ;-----------------------------------------
    35 00000329 83E107              <1>         and ecx, 0x07
    36 0000032C BB80000000          <1>         mov ebx, 0x80
    37 00000331 D3EB                <1>         shr ebx, cl
    38                              <1> 
    39                              <1>         ;-----------------------------------------
    40                              <1>         ; 色指定
    41                              <1>         ;-----------------------------------------
    42 00000333 8B4D10              <1>         mov ecx, [ebp + 16]
    43                              <1> 
    44                              <1>         ;-----------------------------------------
    45                              <1>         ; プレーンごとに出力
    46                              <1>         ;-----------------------------------------
    47 00000336 6A03E84FFDFFFF6683- <1>         cdecl vga_set_read_plane, 0x03
    47 0000033F C404                <1>
    48 00000341 6A08E85DFDFFFF6683- <1>         cdecl vga_set_write_plane, 0x08
    48 0000034A C404                <1>
    49 0000034C 516A085753E8BBFDFF- <1>         cdecl vram_bit_copy, ebx, edi, 0x08, ecx
    49 00000355 FF6683C410          <1>
    50                              <1> 
    51 0000035A 6A02E82BFDFFFF6683- <1>         cdecl vga_set_read_plane, 0x02
    51 00000363 C404                <1>
    52 00000365 6A04E839FDFFFF6683- <1>         cdecl vga_set_write_plane, 0x04
    52 0000036E C404                <1>
    53 00000370 516A045753E897FDFF- <1>         cdecl vram_bit_copy, ebx, edi, 0x04, ecx
    53 00000379 FF6683C410          <1>
    54                              <1> 
    55 0000037E 6A01E807FDFFFF6683- <1>         cdecl vga_set_read_plane, 0x01
    55 00000387 C404                <1>
    56 00000389 6A02E815FDFFFF6683- <1>         cdecl vga_set_write_plane, 0x02
    56 00000392 C404                <1>
    57 00000394 516A025753E873FDFF- <1>         cdecl vram_bit_copy, ebx, edi, 0x02, ecx
    57 0000039D FF6683C410          <1>
    58                              <1> 
    59 000003A2 6A00E8E3FCFFFF6683- <1>         cdecl vga_set_read_plane, 0x00
    59 000003AB C404                <1>
    60 000003AD 6A01E8F1FCFFFF6683- <1>         cdecl vga_set_write_plane, 0x01
    60 000003B6 C404                <1>
    61 000003B8 516A015753E84FFDFF- <1>         cdecl vram_bit_copy, ebx, edi, 0x01, ecx
    61 000003C1 FF6683C410          <1>
    62                              <1> 
    63                              <1>         ;-----------------------------------------
    64                              <1>         ; 【レジスタの復帰】
    65                              <1>         ;-----------------------------------------
    66 000003C6 5F                  <1>         pop edi
    67 000003C7 59                  <1>         pop ecx
    68 000003C8 5B                  <1>         pop ebx
    69 000003C9 58                  <1>         pop eax
    70                              <1> 
    71                              <1>         ;-----------------------------------------
    72                              <1>         ; 【スタックフレームの破棄】
    73                              <1>         ;-----------------------------------------
    74 000003CA 89EC                <1>         mov esp, ebp
    75 000003CC 5D                  <1>         pop ebp
    76                              <1> 
    77 000003CD C3                  <1>         ret
    78                              <1> 
    79 000003CE 202020202020202000  <1> .s0:    db '        ', 0
    80 000003D7 00000008            <1> .t0:    dw 0x0000, 0x0800
    81 000003DB 00010009            <1>         dw 0x0100, 0x0900
    82 000003DF 0002000A            <1>         dw 0x0200, 0x0A00
    83 000003E3 0003000B            <1>         dw 0x0300, 0x0B00
    84 000003E7 0004000C            <1>         dw 0x0400, 0x0C00
    85 000003EB 0005000D            <1>         dw 0x0500, 0x0D00
    86 000003EF 0006000E            <1>         dw 0x0600, 0x0E00
    87 000003F3 0007000F            <1>         dw 0x0700, 0x0F00
    63                                  %include "../modules/protect/draw_line.s"
     1                              <1> draw_line:
     2                              <1>         ;-----------------------------------------
     3                              <1>         ; 【スタックフレームの構築】
     4                              <1>         ;-----------------------------------------
     5 000003F7 55                  <1>         push ebp
     6 000003F8 89E5                <1>         mov ebp, esp
     7                              <1> 
     8 000003FA 6A00                <1>         push dword 0
     9 000003FC 6A00                <1>         push dword 0
    10 000003FE 6A00                <1>         push dword 0
    11 00000400 6A00                <1>         push dword 0
    12 00000402 6A00                <1>         push dword 0
    13 00000404 6A00                <1>         push dword 0
    14 00000406 6A00                <1>         push dword 0
    15                              <1> 
    16                              <1>         ;-----------------------------------------
    17                              <1>         ; 【レジスタの保存】
    18                              <1>         ;-----------------------------------------
    19 00000408 50                  <1>         push eax
    20 00000409 53                  <1>         push ebx
    21 0000040A 51                  <1>         push ecx
    22 0000040B 52                  <1>         push edx
    23 0000040C 56                  <1>         push esi
    24 0000040D 57                  <1>         push edi
    25                              <1> 
    26                              <1>         ;-----------------------------------------
    27                              <1>         ; 幅を計算(X軸)
    28                              <1>         ;-----------------------------------------
    29 0000040E 8B4508              <1>         mov eax, [ebp + 8]
    30 00000411 8B5D10              <1>         mov ebx, [ebp +16]
    31 00000414 29C3                <1>         sub ebx, eax
    32 00000416 7D09                <1>         jge .10F
    33                              <1> 
    34 00000418 F7DB                <1>         neg ebx
    35 0000041A BEFFFFFFFF          <1>         mov esi, -1
    36 0000041F EB05                <1>         jmp .10E
    37                              <1> .10F:
    38 00000421 BE01000000          <1>         mov esi, 1
    39                              <1> .10E:
    40                              <1> 
    41                              <1>         ;-----------------------------------------
    42                              <1>         ; 高さを計算(Y軸)
    43                              <1>         ;-----------------------------------------
    44 00000426 8B4D0C              <1>         mov ecx, [ebp + 12]
    45 00000429 8B5514              <1>         mov edx, [ebp + 20]
    46 0000042C 29CA                <1>         sub edx, ecx
    47 0000042E 7D09                <1>         jge .20F
    48                              <1> 
    49 00000430 F7DA                <1>         neg edx
    50 00000432 BFFFFFFFFF          <1>         mov edi, -1
    51 00000437 EB05                <1>         jmp .20E
    52                              <1> .20F:
    53 00000439 BF01000000          <1>         mov edi, 1
    54                              <1> .20E:
    55                              <1> 
    56                              <1>         ;-----------------------------------------
    57                              <1>         ; X軸
    58                              <1>         ;-----------------------------------------
    59 0000043E 8945F8              <1>         mov [ebp - 8], eax
    60 00000441 895DF4              <1>         mov [ebp - 12], ebx
    61 00000444 8975F0              <1>         mov [ebp - 16], esi
    62                              <1> 
    63                              <1>         ;-----------------------------------------
    64                              <1>         ; Y軸
    65                              <1>         ;-----------------------------------------
    66 00000447 894DEC              <1>         mov [ebp - 20], ecx
    67 0000044A 8955E8              <1>         mov [ebp - 24], edx
    68 0000044D 897DE4              <1>         mov [ebp - 28], edi
    69                              <1> 
    70                              <1>         ;-----------------------------------------
    71                              <1>         ; 基準軸を決める
    72                              <1>         ;-----------------------------------------
    73 00000450 39D3                <1>         cmp ebx, edx
    74 00000452 7F08                <1>         jg .22F
    75                              <1> 
    76 00000454 8D75EC              <1>         lea esi, [ebp - 20]
    77 00000457 8D7DF8              <1>         lea edi, [ebp - 8]
    78                              <1> 
    79 0000045A EB06                <1>         jmp .22E
    80                              <1> .22F:
    81 0000045C 8D75F8              <1>         lea esi, [ebp - 8]
    82 0000045F 8D7DEC              <1>         lea edi, [ebp - 20]
    83                              <1> .22E:
    84                              <1> 
    85                              <1>         ;-----------------------------------------
    86                              <1>         ; 繰り返し回数(基準軸のドット数)
    87                              <1>         ;-----------------------------------------
    88 00000462 8B4EFC              <1>         mov ecx, [esi - 4]
    89 00000465 83F900              <1>         cmp ecx, 0
    90 00000468 7505                <1>         jnz .30E
    91 0000046A B901000000          <1>         mov ecx, 1
    92                              <1> .30E:
    93                              <1> 
    94                              <1>         ;-----------------------------------------
    95                              <1>         ; 線を描画
    96                              <1>         ;-----------------------------------------
    97                              <1> .50L:
    98 0000046F FF7518FF75ECFF75F8- <1>         cdecl draw_pixel, dword [ebp - 8], dword [ebp - 20], dword [ebp + 24]
    98 00000478 E88EFEFFFF6683C40C  <1>
    99                              <1> 
   100 00000481 8B46F8              <1>         mov eax, [esi - 8]
   101 00000484 0106                <1>         add [esi - 0], eax
   102                              <1> 
   103 00000486 8B45FC              <1>         mov eax, [ebp - 4]
   104 00000489 0347FC              <1>         add eax, [edi - 4]
   105 0000048C 8B5EFC              <1>         mov ebx, [esi - 4]
   106                              <1> 
   107 0000048F 39D8                <1>         cmp eax, ebx
   108 00000491 7C07                <1>         jl .52E
   109 00000493 29D8                <1>         sub eax, ebx
   110                              <1> 
   111 00000495 8B5FF8              <1>         mov ebx, [edi - 8]
   112 00000498 011F                <1>         add [edi - 0], ebx
   113                              <1> .52E:
   114 0000049A 8945FC              <1>         mov [ebp - 4], eax
   115                              <1> 
   116 0000049D E2D0                <1>         loop .50L
   117                              <1> .50E:
   118                              <1> 
   119                              <1>         ;-----------------------------------------
   120                              <1>         ; 【レジスタの復帰】
   121                              <1>         ;-----------------------------------------
   122 0000049F 5F                  <1>         pop edi
   123 000004A0 5E                  <1>         pop esi
   124 000004A1 5A                  <1>         pop edx
   125 000004A2 59                  <1>         pop ecx
   126 000004A3 5B                  <1>         pop ebx
   127 000004A4 58                  <1>         pop eax
   128                              <1> 
   129                              <1>         ;-----------------------------------------
   130                              <1>         ; 【スタックフレームの破棄】
   131                              <1>         ;-----------------------------------------
   132 000004A5 89EC                <1>         mov esp, ebp
   133 000004A7 5D                  <1>         pop ebp
   134                              <1> 
   135 000004A8 C3                  <1>         ret
   136                              <1> 
   137 000004A9 202020202020202000  <1> .s0:    db '        ', 0
   138 000004B2 00000008            <1> .t0:    dw 0x0000, 0x0800
   139 000004B6 00010009            <1>         dw 0x0100, 0x0900
   140 000004BA 0002000A            <1>         dw 0x0200, 0x0A00
   141 000004BE 0003000B            <1>         dw 0x0300, 0x0B00
   142 000004C2 0004000C            <1>         dw 0x0400, 0x0C00
   143 000004C6 0005000D            <1>         dw 0x0500, 0x0D00
   144 000004CA 0006000E            <1>         dw 0x0600, 0x0E00
   145 000004CE 0007000F            <1>         dw 0x0700, 0x0F00
    64                                  %include "../modules/protect/draw_rect.s"
     1                              <1> draw_rect:
     2                              <1>         ;-----------------------------------------
     3                              <1>         ; 【スタックフレームの構築】
     4                              <1>         ;-----------------------------------------
     5 000004D2 55                  <1>         push ebp
     6 000004D3 89E5                <1>         mov ebp, esp
     7                              <1> 
     8                              <1>         ;-----------------------------------------
     9                              <1>         ; 【レジスタの保存】
    10                              <1>         ;-----------------------------------------
    11 000004D5 50                  <1>         push eax
    12 000004D6 53                  <1>         push ebx
    13 000004D7 51                  <1>         push ecx
    14 000004D8 52                  <1>         push edx
    15 000004D9 56                  <1>         push esi
    16                              <1> 
    17                              <1>         ;-----------------------------------------
    18                              <1>         ; 引数の取得
    19                              <1>         ;-----------------------------------------
    20 000004DA 8B4508              <1>         mov eax, [ebp + 8]
    21 000004DD 8B5D0C              <1>         mov ebx, [ebp +12]
    22 000004E0 8B4D10              <1>         mov ecx, [ebp +16]
    23 000004E3 8B5514              <1>         mov edx, [ebp +20]
    24 000004E6 8B7518              <1>         mov esi, [ebp +24]
    25                              <1> 
    26                              <1>         ;-----------------------------------------
    27                              <1>         ; 座標軸の大小を確定
    28                              <1>         ;-----------------------------------------
    29 000004E9 39C8                <1>         cmp eax, ecx
    30 000004EB 7C01                <1>         jl .10E
    31 000004ED 91                  <1>         xchg eax, ecx
    32                              <1> .10E:
    33 000004EE 39D3                <1>         cmp ebx, edx
    34 000004F0 7C02                <1>         jl .20E
    35 000004F2 87DA                <1>         xchg ebx, edx
    36                              <1> .20E:
    37                              <1> 
    38                              <1>         ;-----------------------------------------
    39                              <1>         ; 矩形を描画
    40                              <1>         ;-----------------------------------------
    41 000004F4 5653515350E8F9FEFF- <1>         cdecl draw_line, eax, ebx, ecx, ebx, esi
    41 000004FD FF6683C414          <1>
    42 00000502 5652505350E8EBFEFF- <1>         cdecl draw_line, eax, ebx, eax, edx, esi
    42 0000050B FF6683C414          <1>
    43                              <1> 
    44 00000510 4A                  <1>         dec edx
    45 00000511 5652515250E8DCFEFF- <1>         cdecl draw_line, eax, edx, ecx, edx, esi
    45 0000051A FF6683C414          <1>
    46 0000051F 42                  <1>         inc edx
    47                              <1> 
    48 00000520 49                  <1>         dec ecx
    49 00000521 5652515351E8CCFEFF- <1>         cdecl draw_line, ecx, ebx, ecx, edx, esi
    49 0000052A FF6683C414          <1>
    50                              <1> 
    51                              <1>         ;-----------------------------------------
    52                              <1>         ; 【レジスタの復帰】
    53                              <1>         ;-----------------------------------------
    54 0000052F 5E                  <1>         pop esi
    55 00000530 5A                  <1>         pop edx
    56 00000531 59                  <1>         pop ecx
    57 00000532 5B                  <1>         pop ebx
    58 00000533 58                  <1>         pop eax
    59                              <1> 
    60                              <1>         ;-----------------------------------------
    61                              <1>         ; 【スタックフレームの破棄】
    62                              <1>         ;-----------------------------------------
    63 00000534 89EC                <1>         mov esp, ebp
    64 00000536 5D                  <1>         pop ebp
    65                              <1> 
    66 00000537 C3                  <1>         ret
    65                                  %include "../modules/protect/itoa.s"
     1                              <1> itoa:
     2                              <1>         ;---------------------------------------
     3                              <1>         ; 【スタックフレームの構築】
     4                              <1>         ;---------------------------------------
     5 00000538 55                  <1>         push ebp
     6 00000539 89E5                <1>         mov ebp, esp
     7                              <1> 
     8                              <1>         ;---------------------------------------
     9                              <1>         ; 【レジスタの保存】
    10                              <1>         ;---------------------------------------
    11 0000053B 50                  <1>         push eax
    12 0000053C 53                  <1>         push ebx
    13 0000053D 51                  <1>         push ecx
    14 0000053E 52                  <1>         push edx
    15 0000053F 56                  <1>         push esi
    16 00000540 57                  <1>         push edi
    17                              <1> 
    18                              <1>         ;---------------------------------------
    19                              <1>         ; 引数を取得
    20                              <1>         ;---------------------------------------
    21 00000541 678B4608            <1>         mov eax, [bp + 8]
    22 00000545 678B760C            <1>         mov esi, [bp + 12]
    23 00000549 678B4E10            <1>         mov ecx, [bp + 16]
    24                              <1> 
    25 0000054D 89F7                <1>         mov edi, esi
    26 0000054F 01CF                <1>         add edi, ecx
    27 00000551 4F                  <1>         dec edi
    28                              <1> 
    29 00000552 8B5D18              <1>         mov ebx, [ebp + 24]
    30                              <1> 
    31                              <1>         ;---------------------------------------
    32                              <1>         ; 符号付き判定
    33                              <1>         ;---------------------------------------
    34 00000555 F7C301000000        <1>         test ebx, 0b0001
    35                              <1> .10Q:
    36 0000055B 7408                <1>         je .10E
    37 0000055D 83F800              <1>         cmp eax, 0
    38                              <1> .12Q:
    39 00000560 7D03                <1>         jge .12E
    40 00000562 83CB02              <1>         or ebx, 0b0010
    41                              <1> .12E:
    42                              <1> .10E:
    43                              <1> 
    44                              <1>         ;---------------------------------------
    45                              <1>         ; 符号出力判定
    46                              <1>         ;---------------------------------------
    47 00000565 F7C302000000        <1>         test ebx, 0b0010
    48                              <1> .20Q:
    49 0000056B 7410                <1>         je .20E
    50 0000056D 83F800              <1>         cmp eax, 0
    51                              <1> .22Q:
    52 00000570 7D07                <1>         jge .22F
    53 00000572 F7D8                <1>         neg eax
    54 00000574 C6062D              <1>         mov [esi], byte '-'
    55 00000577 EB03                <1>         jmp .22E
    56                              <1> .22F:
    57 00000579 C6062B              <1>         mov [esi], byte '+'
    58                              <1> .22E:
    59 0000057C 49                  <1>         dec ecx
    60                              <1> .20E:
    61                              <1> 
    62                              <1>         ;---------------------------------------
    63                              <1>         ; ASCII 変換
    64                              <1>         ;---------------------------------------
    65 0000057D 8B5D14              <1>         mov ebx, [ebp + 20]
    66                              <1> .30L:
    67 00000580 BA00000000          <1>         mov edx, 0
    68 00000585 F7F3                <1>         div ebx
    69                              <1> 
    70 00000587 89D6                <1>         mov esi, edx
    71 00000589 8A96[B4050000]      <1>         mov dl, byte[.ascii + esi]
    72                              <1> 
    73 0000058F 8817                <1>         mov [edi], dl
    74 00000591 4F                  <1>         dec edi
    75                              <1> 
    76 00000592 83F800              <1>         cmp eax, 0
    77 00000595 E0E9                <1>         loopnz .30L
    78                              <1> .30E:
    79                              <1> 
    80                              <1>         ;---------------------------------------
    81                              <1>         ; 空欄を埋める
    82                              <1>         ;---------------------------------------
    83 00000597 83F900              <1>         cmp ecx, 0
    84                              <1> .40Q:
    85 0000059A 740E                <1>         je .40E
    86 0000059C B020                <1>         mov al, ' '
    87 0000059E 66837D1804          <1>         cmp [ebp + 24], word 0b0100
    88                              <1> .42Q:
    89 000005A3 7502                <1>         jne .42E
    90 000005A5 B030                <1>         mov al, '0'
    91                              <1> .42E:
    92 000005A7 FD                  <1>         std
    93 000005A8 F3AA                <1>         rep stosb
    94                              <1> .40E:
    95                              <1> 
    96                              <1>         ;---------------------------------------
    97                              <1>         ; 【レジスタの復帰】
    98                              <1>         ;---------------------------------------
    99 000005AA 5F                  <1>         pop edi
   100 000005AB 5E                  <1>         pop esi
   101 000005AC 5A                  <1>         pop edx
   102 000005AD 59                  <1>         pop ecx
   103 000005AE 5B                  <1>         pop ebx
   104 000005AF 58                  <1>         pop eax
   105                              <1> 
   106                              <1>         ;---------------------------------------
   107                              <1>         ; 【スタックフレームの破棄】
   108                              <1>         ;---------------------------------------
   109 000005B0 89EC                <1>         mov esp, ebp
   110 000005B2 5D                  <1>         pop ebp
   111                              <1> 
   112 000005B3 C3                  <1>         ret
   113                              <1> 
   114 000005B4 303132333435363738- <1> .ascii db "0123456789ABCDEF"
   114 000005BD 39414243444546      <1>
    66                                  %include "../modules/protect/rtc.s"
     1                              <1> rtc_get_time:
     2                              <1>         ;-----------------------------------------
     3                              <1>         ; 【スタックフレームの構築】
     4                              <1>         ;-----------------------------------------
     5 000005C4 55                  <1>         push ebp
     6 000005C5 89E5                <1>         mov ebp, esp
     7                              <1> 
     8                              <1>         ;-----------------------------------------
     9                              <1>         ; 【レジスタの保存】
    10                              <1>         ;-----------------------------------------
    11 000005C7 53                  <1>         push ebx
    12                              <1> 
    13                              <1>         ;-----------------------------------------
    14                              <1>         ; RTCの読み込み
    15                              <1>         ;-----------------------------------------
    16 000005C8 B00A                <1>         mov al, 0x0A
    17 000005CA E670                <1>         out 0x70, al
    18 000005CC E471                <1>         in al, 0x71
    19 000005CE A880                <1>         test al, 0x80
    20 000005D0 7407                <1>         je .10F
    21 000005D2 B801000000          <1>         mov eax, 1
    22 000005D7 EB27                <1>         jmp .10E
    23                              <1> .10F:
    24 000005D9 B004                <1>         mov al, 0x04
    25 000005DB E670                <1>         out 0x70, al
    26 000005DD E471                <1>         in al, 0x71
    27                              <1> 
    28 000005DF C1E008              <1>         shl eax, 8
    29                              <1> 
    30 000005E2 B002                <1>         mov al, 0x02
    31 000005E4 E670                <1>         out 0x70, al
    32 000005E6 E471                <1>         in al, 0x71
    33                              <1> 
    34 000005E8 C1E008              <1>         shl eax, 8
    35                              <1> 
    36 000005EB B000                <1>         mov al, 0x00
    37 000005ED E670                <1>         out 0x70, al
    38 000005EF E471                <1>         in al, 0x71
    39                              <1> 
    40 000005F1 25FFFFFF00          <1>         and eax, 0x00_FF_FF_FF
    41                              <1> 
    42 000005F6 8B5D08              <1>         mov ebx, [ebp + 8]
    43 000005F9 8903                <1>         mov [ebx], eax
    44                              <1> 
    45 000005FB B800000000          <1>         mov eax, 0
    46                              <1> .10E:
    47                              <1> 
    48                              <1>         ;-----------------------------------------
    49                              <1>         ; 【レジスタの復帰】
    50                              <1>         ;-----------------------------------------
    51 00000600 5B                  <1>         pop ebx
    52                              <1> 
    53                              <1>         ;-----------------------------------------
    54                              <1>         ; 【スタックフレームの破棄】
    55                              <1>         ;-----------------------------------------
    56 00000601 89EC                <1>         mov esp, ebp
    57 00000603 5D                  <1>         pop ebp
    58                              <1> 
    59 00000604 C3                  <1>         ret
    67                                  %include "../modules/protect/draw_time.s"
     1                              <1> draw_time:
     2                              <1>         ;-----------------------------------------
     3                              <1>         ; 【スタックフレームの構築】
     4                              <1>         ;-----------------------------------------
     5 00000605 55                  <1>         push ebp
     6 00000606 89E5                <1>         mov ebp, esp
     7                              <1> 
     8                              <1>         ;-----------------------------------------
     9                              <1>         ; 【レジスタの保存】
    10                              <1>         ;-----------------------------------------
    11 00000608 50                  <1>         push eax
    12 00000609 53                  <1>         push ebx
    13                              <1> 
    14                              <1>         ;-----------------------------------------
    15                              <1>         ; 時刻の表示
    16                              <1>         ;-----------------------------------------
    17 0000060A 8B4514              <1>         mov eax, [ebp + 20]
    18                              <1> 
    19 0000060D 0FB6D8              <1>         movzx ebx, al
    20 00000610 6A046A106A0268-     <1>         cdecl itoa, ebx, .sec, 2, 16, 0b0100
    20 00000617 [77060000]53E817FF- <1>
    20 0000061F FFFF6683C414        <1>
    21                              <1> 
    22 00000625 88E3                <1>         mov bl, ah
    23 00000627 6A046A106A0268-     <1>         cdecl itoa, ebx, .min, 2, 16, 0b0100
    23 0000062E [74060000]53E800FF- <1>
    23 00000636 FFFF6683C414        <1>
    24                              <1> 
    25 0000063C C1E810              <1>         shr eax, 16
    26 0000063F 6A046A106A0268-     <1>         cdecl itoa, eax, .hour, 2, 16, 0b0100
    26 00000646 [71060000]50E8E8FE- <1>
    26 0000064E FFFF6683C414        <1>
    27                              <1> 
    28 00000654 68[71060000]FF7510- <1>         cdecl draw_str, dword[ebp + 8], dword[ebp + 12], dword[ebp + 16], .hour
    28 0000065C FF750CFF7508E8E1FB- <1>
    28 00000665 FFFF6683C410        <1>
    29                              <1> 
    30                              <1>         ;-----------------------------------------
    31                              <1>         ; 【レジスタの復帰】
    32                              <1>         ;-----------------------------------------
    33 0000066B 5B                  <1>         pop ebx
    34 0000066C 58                  <1>         pop eax
    35                              <1> 
    36                              <1>         ;-----------------------------------------
    37                              <1>         ; 【スタックフレームの破棄】
    38                              <1>         ;-----------------------------------------
    39 0000066D 89EC                <1>         mov esp, ebp
    40 0000066F 5D                  <1>         pop ebp
    41                              <1> 
    42 00000670 C3                  <1>         ret
    43                              <1> 
    44 00000671 5A5A3A              <1> .hour:  db "ZZ:"
    45 00000674 5A5A3A              <1> .min:   db "ZZ:"
    46 00000677 5A5A00              <1> .sec:   db "ZZ", 0
    68                                  
    69                                  ;***********************************************************
    70                                  ;  パディング
    71                                  ;***********************************************************
    72 0000067A 00<rept>                        times KERNEL_SIZE - ($ - $$) db 0
