     1                                          BOOT_LOAD equ 0x7C00
     2                                          ORG BOOT_LOAD
     3                                  ;***********************************************************
     4                                  ;  エントリポイント
     5                                  ;***********************************************************
     6                                  entry:
     7                                          ;---------------------------------------
     8                                          ; BPB(BIOS Parameter Block)
     9                                          ;---------------------------------------
    10 00000000 EB58                            jmp ipl
    11 00000002 90<rept>                        times 90 - ($ - $$) db 0x90
    12                                  
    13                                          ;---------------------------------------
    14                                          ; IPL(Initial Program Loader)
    15                                          ;---------------------------------------
    16                                  ipl:
    17 0000005A FA                              cli
    18                                  
    19 0000005B B80000                          mov ax, 0x0000
    20 0000005E 8ED8                            mov ds, ax
    21 00000060 8EC0                            mov es, ax
    22 00000062 8ED0                            mov ss, ax
    23 00000064 BC007C                          mov sp, BOOT_LOAD
    24                                  
    25 00000067 FB                              sti
    26                                  
    27 00000068 8816[7800]                      mov [BOOT.DRIVE], dl
    28                                  
    29 0000006C B041                            mov al, 'A'
    30 0000006E B40E                            mov ah, 0x0E
    31 00000070 BB0000                          mov bx, 0x0000
    32 00000073 CD10                            int 0x10
    33                                  
    34                                          ;---------------------------------------
    35                                          ; 処理の終了
    36                                          ;---------------------------------------
    37 00000075 EBFE                            jmp $
    38 00000077 00                      ALIGN 2, db 0
    39                                  BOOT:
    40 00000078 0000                    .DRIVE: dw 0
    41                                  
    42                                  ;***********************************************************
    43                                  ;  ブートフラグ(先頭512バイトの終了)
    44                                  ;***********************************************************
    45 0000007A 00<rept>                        times 510 - ($ - $$) db 0x00
    46 000001FE 55AA                            db 0x55, 0xAA
