     1                                  ;***********************************************************
     2                                  ;  マクロ
     3                                  ;***********************************************************
     4                                  %include "../include/define.s"
     1                              <1> BOOT_SIZE equ (1024 * 8)
     2                              <1> KERNEL_SIZE equ (1024 * 8)
     3                              <1> 
     4                              <1> BOOT_LOAD equ 0x7C00
     5                              <1> BOOT_END equ (BOOT_LOAD + BOOT_SIZE)
     6                              <1> 
     7                              <1> KERNEL_LOAD equ 0x0010_1000
     8                              <1> 
     9                              <1> SECT_SIZE equ (512)
    10                              <1> 
    11                              <1> BOOT_SECT equ (BOOT_SIZE / SECT_SIZE)
    12                              <1> KERNEL_SECT equ (KERNEL_SIZE / SECT_SIZE)
    13                              <1> 
    14                              <1> E820_RECORD_SIZE equ 20
     5                                  %include "../include/macro.s"
     1                              <1> %macro cdecl 1-*.nolist
     2                              <1>     %rep %0 - 1
     3                              <1>         push %{-1:-1}
     4                              <1>         %rotate -1
     5                              <1>     %endrep
     6                              <1>     %rotate -1
     7                              <1> 
     8                              <1>     call %1
     9                              <1> 
    10                              <1>     %if 1 < %0
    11                              <1>         add sp, (__BITS__ >> 3) * (%0 - 1)
    12                              <1>     %endif
    13                              <1> %endmacro
    14                              <1> 
    15                              <1> struc drive
    16 00000000 <res 00000002>      <1>     .no resw 1      ; ドライブ番号
    17 00000002 <res 00000002>      <1>     .cyln resw 1    ; シリンダ
    18 00000004 <res 00000002>      <1>     .head resw 1    ; ヘッド
    19 00000006 <res 00000002>      <1>     .sect resw 1    ; セクタ
    20                              <1> endstruc
     6                                  
     7                                          ORG KERNEL_LOAD
     8                                  
     9                                  [BITS 32]
    10                                  ;***********************************************************
    11                                  ;  エントリポイント
    12                                  ;***********************************************************
    13                                  kernel:
    14                                          ;------------------------------------------
    15                                          ; フォントアドレスを取得
    16                                          ;------------------------------------------
    17 00000000 BE007E0000                      mov esi, BOOT_LOAD + SECT_SIZE
    18 00000005 0FB706                          movzx eax, word[esi + 0]
    19 00000008 0FB75E02                        movzx ebx, word[esi + 2]
    20 0000000C C1E004                          shl eax, 4
    21 0000000F 01D8                            add eax, ebx
    22 00000011 A3[B0000000]                    mov [FONT_ADR], eax
    23                                  
    24                                          ;------------------------------------------
    25                                          ; フォントの一覧表示
    26                                          ;------------------------------------------
    27 00000016 6A0D6A3FE80C020000-             cdecl draw_font, 63, 13
    27 0000001F 6683C408           
    28 00000023 6A046A3FE88D020000-             cdecl draw_color_bar, 63, 4
    28 0000002C 6683C408           
    29                                  
    30                                          ;------------------------------------------
    31                                          ; 文字列を描画
    32                                          ;------------------------------------------
    33 00000030 68[9D000000]680F01-             cdecl draw_str, 25, 14, 0x010F, .s0
    33 00000038 00006A0E6A19E82D02-
    33 00000041 00006683C410       
    34                                  
    35                                          ;------------------------------------------
    36                                          ; 矩形を描画
    37                                          ;------------------------------------------
    38 00000047 6A0368C800000068C8-             cdecl draw_rect, 100, 100, 200, 200, 0x03
    38 00000050 0000006A646A64E89E-
    38 00000059 0400006683C414     
    39 00000060 6A0568960000006896-             cdecl draw_rect, 400, 250, 150, 150, 0x05
    39 00000069 00000068FA00000068-
    39 00000072 90010000E87F040000-
    39 0000007B 6683C414           
    40 0000007F 6A066A64682C010000-             cdecl draw_rect, 350, 400, 300, 100, 0x06
    40 00000088 6890010000685E0100-
    40 00000091 00E8630400006683C4-
    40 0000009A 14                 
    41                                  
    42                                          ;------------------------------------------
    43                                          ; 処理の終了
    44                                          ;------------------------------------------
    45 0000009B EBFE                            jmp $
    46                                  
    47 0000009D 2048656C6C6F2C206B-     .s0:    db " Hello, kernel! ", 0
    47 000000A6 65726E656C212000   
    48                                  
    49 000000AE 00<rept>                ALIGN 4, db 0
    50 000000B0 00000000                FONT_ADR: dd 0
    51                                  
    52                                  ;***********************************************************
    53                                  ;  モジュール
    54                                  ;***********************************************************
    55                                  %include "../modules/protect/vga.s"
     1                              <1> vga_set_read_plane:
     2                              <1>         ;-----------------------------------------
     3                              <1>         ; 【スタックフレームの構築】
     4                              <1>         ;-----------------------------------------
     5 000000B4 55                  <1>         push ebp
     6 000000B5 89E5                <1>         mov ebp, esp
     7                              <1> 
     8                              <1>         ;-----------------------------------------
     9                              <1>         ; 【レジスタの保存】
    10                              <1>         ;-----------------------------------------
    11 000000B7 50                  <1>         push eax
    12 000000B8 52                  <1>         push edx
    13                              <1> 
    14                              <1>         ;-----------------------------------------
    15                              <1>         ; 読み込みプレーンの選択
    16                              <1>         ;-----------------------------------------
    17 000000B9 8A6508              <1>         mov ah, [ebp + 8]
    18 000000BC 80E403              <1>         and ah, 0x03
    19 000000BF B004                <1>         mov al, 0x04
    20 000000C1 66BACE03            <1>         mov dx, 0x03CE
    21 000000C5 66EF                <1>         out dx, ax
    22                              <1> 
    23                              <1>         ;-----------------------------------------
    24                              <1>         ; 【レジスタの復帰】
    25                              <1>         ;-----------------------------------------
    26 000000C7 5A                  <1>         pop edx
    27 000000C8 58                  <1>         pop eax
    28                              <1> 
    29                              <1>         ;-----------------------------------------
    30                              <1>         ; 【スタックフレームの破棄】
    31                              <1>         ;-----------------------------------------
    32 000000C9 89EC                <1>         mov esp, ebp
    33 000000CB 5D                  <1>         pop ebp
    34                              <1> 
    35 000000CC C3                  <1>         ret
    36                              <1> 
    37                              <1> vga_set_write_plane:
    38                              <1>         ;-----------------------------------------
    39                              <1>         ; 【スタックフレームの構築】
    40                              <1>         ;-----------------------------------------
    41 000000CD 55                  <1>         push ebp
    42 000000CE 89E5                <1>         mov ebp, esp
    43                              <1> 
    44                              <1>         ;-----------------------------------------
    45                              <1>         ; 【レジスタの保存】
    46                              <1>         ;-----------------------------------------
    47 000000D0 50                  <1>         push eax
    48 000000D1 52                  <1>         push edx
    49                              <1> 
    50                              <1>         ;-----------------------------------------
    51                              <1>         ; 書き込みプレーンの選択
    52                              <1>         ;-----------------------------------------
    53 000000D2 8A6508              <1>         mov ah, [ebp + 8]
    54 000000D5 80E40F              <1>         and ah, 0x0F
    55 000000D8 B002                <1>         mov al, 0x02
    56 000000DA 66BAC403            <1>         mov dx, 0x03C4
    57 000000DE 66EF                <1>         out dx, ax
    58                              <1> 
    59                              <1>         ;-----------------------------------------
    60                              <1>         ; 【レジスタの復帰】
    61                              <1>         ;-----------------------------------------
    62 000000E0 5A                  <1>         pop edx
    63 000000E1 58                  <1>         pop eax
    64                              <1> 
    65                              <1>         ;-----------------------------------------
    66                              <1>         ; 【スタックフレームの破棄】
    67                              <1>         ;-----------------------------------------
    68 000000E2 89EC                <1>         mov esp, ebp
    69 000000E4 5D                  <1>         pop ebp
    70                              <1> 
    71 000000E5 C3                  <1>         ret
    72                              <1> 
    73                              <1> vram_font_copy:
    74                              <1>         ;-----------------------------------------
    75                              <1>         ; 【スタックフレームの構築】
    76                              <1>         ;-----------------------------------------
    77 000000E6 55                  <1>         push ebp
    78 000000E7 89E5                <1>         mov ebp, esp
    79                              <1> 
    80                              <1>         ;-----------------------------------------
    81                              <1>         ; 【レジスタの保存】
    82                              <1>         ;-----------------------------------------
    83 000000E9 50                  <1>         push eax
    84 000000EA 53                  <1>         push ebx
    85 000000EB 51                  <1>         push ecx
    86 000000EC 52                  <1>         push edx
    87 000000ED 56                  <1>         push esi
    88 000000EE 57                  <1>         push edi
    89                              <1> 
    90                              <1>         ;-----------------------------------------
    91                              <1>         ; マスクデータの作成
    92                              <1>         ;-----------------------------------------
    93 000000EF 8B7508              <1>         mov esi, [ebp + 8]
    94 000000F2 8B7D0C              <1>         mov edi, [ebp + 12]
    95 000000F5 0FB64510            <1>         movzx eax, byte [ebp + 16]
    96 000000F9 0FB75D14            <1>         movzx ebx, word [ebp + 20]
    97                              <1> 
    98 000000FD 84C7                <1>         test bh, al
    99 000000FF 0F94C6              <1>         setz dh
   100 00000102 FECE                <1>         dec dh
   101                              <1> 
   102 00000104 84C3                <1>         test bl, al
   103 00000106 0F94C2              <1>         setz dl
   104 00000109 FECA                <1>         dec dl
   105                              <1> 
   106                              <1>         ;-----------------------------------------
   107                              <1>         ; 16ドットフォントのコピー
   108                              <1>         ;-----------------------------------------
   109 0000010B FC                  <1>         cld
   110                              <1> 
   111 0000010C B910000000          <1>         mov ecx, 16
   112                              <1> .10L:
   113                              <1> 
   114                              <1>         ;-----------------------------------------
   115                              <1>         ; フォントマスクの作成
   116                              <1>         ;-----------------------------------------
   117 00000111 AC                  <1>         lodsb
   118 00000112 88C4                <1>         mov ah, al
   119 00000114 F6D4                <1>         not ah
   120                              <1> 
   121                              <1>         ;-----------------------------------------
   122                              <1>         ; 前景色
   123                              <1>         ;-----------------------------------------
   124 00000116 20D0                <1>         and al, dl
   125                              <1> 
   126                              <1>         ;-----------------------------------------
   127                              <1>         ; 背景色
   128                              <1>         ;-----------------------------------------
   129 00000118 F7C310000000        <1>         test ebx, 0x0010
   130 0000011E 7404                <1>         jz .11F
   131 00000120 2227                <1>         and ah, [edi]
   132 00000122 EB02                <1>         jmp .11E
   133                              <1> .11F:
   134 00000124 20F4                <1>         and ah, dh
   135                              <1> .11E:
   136                              <1> 
   137                              <1>         ;-----------------------------------------
   138                              <1>         ; 前景色と背景色をコピー
   139                              <1>         ;-----------------------------------------
   140 00000126 08E0                <1>         or al, ah
   141                              <1> 
   142                              <1>         ;-----------------------------------------
   143                              <1>         ; 新しい値を出力
   144                              <1>         ;-----------------------------------------
   145 00000128 8807                <1>         mov [edi], al
   146                              <1> 
   147 0000012A 83C750              <1>         add edi, 80
   148 0000012D E2E2                <1>         loop .10L
   149                              <1> .10E:
   150                              <1> 
   151                              <1>         ;-----------------------------------------
   152                              <1>         ; 【レジスタの復帰】
   153                              <1>         ;-----------------------------------------
   154 0000012F 5F                  <1>         pop edi
   155 00000130 5E                  <1>         pop esi
   156 00000131 5A                  <1>         pop edx
   157 00000132 59                  <1>         pop ecx
   158 00000133 5B                  <1>         pop ebx
   159 00000134 58                  <1>         pop eax
   160                              <1> 
   161                              <1>         ;-----------------------------------------
   162                              <1>         ; 【スタックフレームの破棄】
   163                              <1>         ;-----------------------------------------
   164 00000135 89EC                <1>         mov esp, ebp
   165 00000137 5D                  <1>         pop ebp
   166                              <1> 
   167 00000138 C3                  <1>         ret
   168                              <1> 
   169                              <1> vram_bit_copy:
   170                              <1>         ;-----------------------------------------
   171                              <1>         ; 【スタックフレームの構築】
   172                              <1>         ;-----------------------------------------
   173 00000139 55                  <1>         push ebp
   174 0000013A 89E5                <1>         mov ebp, esp
   175                              <1> 
   176                              <1>         ;-----------------------------------------
   177                              <1>         ; 【レジスタの保存】
   178                              <1>         ;-----------------------------------------
   179 0000013C 50                  <1>         push eax
   180 0000013D 53                  <1>         push ebx
   181 0000013E 57                  <1>         push edi
   182                              <1> 
   183                              <1>         ;-----------------------------------------
   184                              <1>         ; ビットのコピー
   185                              <1>         ;-----------------------------------------
   186 0000013F 8B7D0C              <1>         mov edi, [ebp + 12]
   187 00000142 0FB64510            <1>         movzx eax, byte [ebp + 16]
   188 00000146 0FB75D14            <1>         movzx ebx, word [ebp + 20]
   189                              <1> 
   190 0000014A 84C3                <1>         test bl, al
   191 0000014C 0F94C3              <1>         setz bl
   192 0000014F FECB                <1>         dec bl
   193                              <1> 
   194                              <1>         ;-----------------------------------------
   195                              <1>         ; 反転処理
   196                              <1>         ;-----------------------------------------
   197 00000151 8A4508              <1>         mov al, [ebp + 8]
   198 00000154 88C4                <1>         mov ah, al
   199 00000156 F6D4                <1>         not ah
   200                              <1> 
   201                              <1>         ;-----------------------------------------
   202                              <1>         ; 描画処理
   203                              <1>         ;-----------------------------------------
   204 00000158 2227                <1>         and ah, [edi]
   205 0000015A 20D8                <1>         and al, bl
   206 0000015C 08E0                <1>         or al, ah
   207 0000015E 8807                <1>         mov [edi], al
   208                              <1> 
   209                              <1>         ;-----------------------------------------
   210                              <1>         ; 【レジスタの復帰】
   211                              <1>         ;-----------------------------------------
   212 00000160 5F                  <1>         pop edi
   213 00000161 5B                  <1>         pop ebx
   214 00000162 58                  <1>         pop eax
   215                              <1> 
   216                              <1>         ;-----------------------------------------
   217                              <1>         ; 【スタックフレームの破棄】
   218                              <1>         ;-----------------------------------------
   219 00000163 89EC                <1>         mov esp, ebp
   220 00000165 5D                  <1>         pop ebp
   221                              <1> 
   222 00000166 C3                  <1>         ret
    56                                  %include "../modules/protect/draw_char.s"
     1                              <1> draw_char:
     2                              <1>         ;-----------------------------------------
     3                              <1>         ; 【スタックフレームの構築】
     4                              <1>         ;-----------------------------------------
     5 00000167 55                  <1>         push ebp
     6 00000168 89E5                <1>         mov ebp, esp
     7                              <1> 
     8                              <1>         ;-----------------------------------------
     9                              <1>         ; 【レジスタの保存】
    10                              <1>         ;-----------------------------------------
    11 0000016A 50                  <1>         push eax
    12 0000016B 53                  <1>         push ebx
    13 0000016C 51                  <1>         push ecx
    14 0000016D 52                  <1>         push edx
    15 0000016E 56                  <1>         push esi
    16 0000016F 57                  <1>         push edi
    17                              <1> 
    18                              <1>         ;-----------------------------------------
    19                              <1>         ; コピー元フォントアドレスを設定
    20                              <1>         ;-----------------------------------------
    21 00000170 0FB67514            <1>         movzx esi, byte [ebp + 20]
    22 00000174 C1E604              <1>         shl esi, 4
    23 00000177 0335[B0000000]      <1>         add esi, [FONT_ADR]
    24                              <1> 
    25                              <1>         ;-----------------------------------------
    26                              <1>         ; コピー先アドレスを取得
    27                              <1>         ; Adr = 0xA0000 + (640 / 8 * 16) * y + x
    28                              <1>         ;-----------------------------------------
    29 0000017D 8B7D0C              <1>         mov edi, [ebp + 12]
    30 00000180 C1E708              <1>         shl edi, 8
    31 00000183 8DBCBF00000A00      <1>         lea edi, [edi * 4 + edi + 0xA0000]
    32 0000018A 037D08              <1>         add edi, [ebp + 8]
    33                              <1> 
    34                              <1>         ;-----------------------------------------
    35                              <1>         ; 1文字分のフォントを出力
    36                              <1>         ;-----------------------------------------
    37 0000018D 0FB75D10            <1>         movzx ebx, word[ebp + 16]
    38                              <1> 
    39 00000191 6A03E81CFFFFFF6683- <1>         cdecl vga_set_read_plane, 0x03
    39 0000019A C404                <1>
    40 0000019C 6A08E82AFFFFFF6683- <1>         cdecl vga_set_write_plane, 0x08
    40 000001A5 C404                <1>
    41 000001A7 536A085756E835FFFF- <1>         cdecl vram_font_copy, esi, edi, 0x08, ebx
    41 000001B0 FF6683C410          <1>
    42                              <1> 
    43 000001B5 6A02E8F8FEFFFF6683- <1>         cdecl vga_set_read_plane, 0x02
    43 000001BE C404                <1>
    44 000001C0 6A04E806FFFFFF6683- <1>         cdecl vga_set_write_plane, 0x04
    44 000001C9 C404                <1>
    45 000001CB 536A045756E811FFFF- <1>         cdecl vram_font_copy, esi, edi, 0x04, ebx
    45 000001D4 FF6683C410          <1>
    46                              <1> 
    47 000001D9 6A01E8D4FEFFFF6683- <1>         cdecl vga_set_read_plane, 0x01
    47 000001E2 C404                <1>
    48 000001E4 6A02E8E2FEFFFF6683- <1>         cdecl vga_set_write_plane, 0x02
    48 000001ED C404                <1>
    49 000001EF 536A025756E8EDFEFF- <1>         cdecl vram_font_copy, esi, edi, 0x02, ebx
    49 000001F8 FF6683C410          <1>
    50                              <1> 
    51 000001FD 6A00E8B0FEFFFF6683- <1>         cdecl vga_set_read_plane, 0x00
    51 00000206 C404                <1>
    52 00000208 6A01E8BEFEFFFF6683- <1>         cdecl vga_set_write_plane, 0x01
    52 00000211 C404                <1>
    53 00000213 536A015756E8C9FEFF- <1>         cdecl vram_font_copy, esi, edi, 0x01, ebx
    53 0000021C FF6683C410          <1>
    54                              <1> 
    55                              <1>         ;-----------------------------------------
    56                              <1>         ; 【レジスタの復帰】
    57                              <1>         ;-----------------------------------------
    58 00000221 5F                  <1>         pop edi
    59 00000222 5E                  <1>         pop esi
    60 00000223 5A                  <1>         pop edx
    61 00000224 59                  <1>         pop ecx
    62 00000225 5B                  <1>         pop ebx
    63 00000226 58                  <1>         pop eax
    64                              <1> 
    65                              <1>         ;-----------------------------------------
    66                              <1>         ; 【スタックフレームの破棄】
    67                              <1>         ;-----------------------------------------
    68 00000227 89EC                <1>         mov esp, ebp
    69 00000229 5D                  <1>         pop ebp
    70                              <1> 
    71 0000022A C3                  <1>         ret
    57                                  %include "../modules/protect/draw_font.s"
     1                              <1> draw_font:
     2                              <1>         ;-----------------------------------------
     3                              <1>         ; 【スタックフレームの構築】
     4                              <1>         ;-----------------------------------------
     5 0000022B 55                  <1>         push ebp
     6 0000022C 89E5                <1>         mov ebp, esp
     7                              <1> 
     8                              <1>         ;-----------------------------------------
     9                              <1>         ; 【レジスタの保存】
    10                              <1>         ;-----------------------------------------
    11 0000022E 50                  <1>         push eax
    12 0000022F 53                  <1>         push ebx
    13 00000230 51                  <1>         push ecx
    14 00000231 52                  <1>         push edx
    15 00000232 56                  <1>         push esi
    16 00000233 57                  <1>         push edi
    17                              <1> 
    18                              <1>         ;-----------------------------------------
    19                              <1>         ; 基準となる位置をレジスタに保存
    20                              <1>         ;-----------------------------------------
    21 00000234 8B7508              <1>         mov esi, [ebp + 8]
    22 00000237 8B7D0C              <1>         mov edi, [ebp + 12]
    23                              <1> 
    24                              <1>         ;-----------------------------------------
    25                              <1>         ; フォントを一覧表示する
    26                              <1>         ;-----------------------------------------
    27 0000023A B900000000          <1>         mov ecx, 0
    28                              <1> .10L:
    29 0000023F 81F900010000        <1>         cmp ecx, 256
    30 00000245 731F                <1>         jae .10E
    31                              <1> 
    32 00000247 89C8                <1>         mov eax, ecx
    33 00000249 83E00F              <1>         and eax, 0x0F
    34 0000024C 01F0                <1>         add eax, esi
    35                              <1> 
    36 0000024E 89CB                <1>         mov ebx, ecx
    37 00000250 C1EB04              <1>         shr ebx, 4
    38 00000253 01FB                <1>         add ebx, edi
    39                              <1> 
    40 00000255 516A075350E808FFFF- <1>         cdecl draw_char, eax, ebx, 0x07, ecx
    40 0000025E FF6683C410          <1>
    41                              <1> 
    42 00000263 41                  <1>         inc ecx
    43 00000264 EBD9                <1>         jmp .10L
    44                              <1> .10E:
    45                              <1> 
    46                              <1>         ;-----------------------------------------
    47                              <1>         ; 【レジスタの復帰】
    48                              <1>         ;-----------------------------------------
    49 00000266 5F                  <1>         pop edi
    50 00000267 5E                  <1>         pop esi
    51 00000268 5A                  <1>         pop edx
    52 00000269 59                  <1>         pop ecx
    53 0000026A 5B                  <1>         pop ebx
    54 0000026B 58                  <1>         pop eax
    55                              <1> 
    56                              <1>         ;-----------------------------------------
    57                              <1>         ; 【スタックフレームの破棄】
    58                              <1>         ;-----------------------------------------
    59 0000026C 89EC                <1>         mov esp, ebp
    60 0000026E 5D                  <1>         pop ebp
    61                              <1> 
    62 0000026F C3                  <1>         ret
    58                                  %include "../modules/protect/draw_str.s"
     1                              <1> draw_str:
     2                              <1>         ;-----------------------------------------
     3                              <1>         ; 【スタックフレームの構築】
     4                              <1>         ;-----------------------------------------
     5 00000270 55                  <1>         push ebp
     6 00000271 89E5                <1>         mov ebp, esp
     7                              <1> 
     8                              <1>         ;-----------------------------------------
     9                              <1>         ; 【レジスタの保存】
    10                              <1>         ;-----------------------------------------
    11 00000273 50                  <1>         push eax
    12 00000274 53                  <1>         push ebx
    13 00000275 51                  <1>         push ecx
    14 00000276 52                  <1>         push edx
    15 00000277 56                  <1>         push esi
    16                              <1> 
    17                              <1>         ;-----------------------------------------
    18                              <1>         ; 文字列を描画する
    19                              <1>         ;-----------------------------------------
    20 00000278 8B4D08              <1>         mov ecx, [ebp + 8]
    21 0000027B 8B550C              <1>         mov edx, [ebp + 12]
    22 0000027E 0FB75D10            <1>         movzx ebx, word [ebp + 16]
    23 00000282 8B7514              <1>         mov esi, [ebp + 20]
    24                              <1> 
    25 00000285 FC                  <1>         cld
    26                              <1> .10L:
    27 00000286 AC                  <1>         lodsb
    28 00000287 3C00                <1>         cmp al, 0
    29 00000289 7425                <1>         je .10E
    30                              <1> 
    31 0000028B 50535251E8D3FEFFFF- <1>         cdecl draw_char, ecx, edx, ebx, eax
    31 00000294 6683C410            <1>
    32                              <1> 
    33 00000298 41                  <1>         inc ecx
    34 00000299 83F950              <1>         cmp ecx, 80
    35 0000029C 7C10                <1>         jl .12E
    36 0000029E B900000000          <1>         mov ecx, 0
    37 000002A3 42                  <1>         inc edx
    38 000002A4 83FA1E              <1>         cmp edx, 30
    39 000002A7 7C05                <1>         jl .12E
    40 000002A9 BA00000000          <1>         mov edx, 0
    41                              <1> .12E:
    42 000002AE EBD6                <1>         jmp .10L
    43                              <1> .10E:
    44                              <1> 
    45                              <1>         ;-----------------------------------------
    46                              <1>         ; 【レジスタの復帰】
    47                              <1>         ;-----------------------------------------
    48 000002B0 5E                  <1>         pop esi
    49 000002B1 5A                  <1>         pop edx
    50 000002B2 59                  <1>         pop ecx
    51 000002B3 5B                  <1>         pop ebx
    52 000002B4 58                  <1>         pop eax
    53                              <1> 
    54                              <1>         ;-----------------------------------------
    55                              <1>         ; 【スタックフレームの破棄】
    56                              <1>         ;-----------------------------------------
    57 000002B5 89EC                <1>         mov esp, ebp
    58 000002B7 5D                  <1>         pop ebp
    59                              <1> 
    60 000002B8 C3                  <1>         ret
    59                                  %include "../modules/protect/draw_color_bar.s"
     1                              <1> draw_color_bar:
     2                              <1>         ;-----------------------------------------
     3                              <1>         ; 【スタックフレームの構築】
     4                              <1>         ;-----------------------------------------
     5 000002B9 55                  <1>         push ebp
     6 000002BA 89E5                <1>         mov ebp, esp
     7                              <1> 
     8                              <1>         ;-----------------------------------------
     9                              <1>         ; 【レジスタの保存】
    10                              <1>         ;-----------------------------------------
    11 000002BC 50                  <1>         push eax
    12 000002BD 53                  <1>         push ebx
    13 000002BE 51                  <1>         push ecx
    14 000002BF 52                  <1>         push edx
    15 000002C0 56                  <1>         push esi
    16 000002C1 57                  <1>         push edi
    17                              <1> 
    18                              <1>         ;-----------------------------------------
    19                              <1>         ; 基準となる位置をレジスタに保存
    20                              <1>         ;-----------------------------------------
    21 000002C2 8B7508              <1>         mov esi, [ebp + 8]
    22 000002C5 8B7D0C              <1>         mov edi, [ebp + 12]
    23                              <1> 
    24                              <1>         ;-----------------------------------------
    25                              <1>         ; カラーバーを表示
    26                              <1>         ;-----------------------------------------
    27 000002C8 B900000000          <1>         mov ecx, 0
    28                              <1> .10L:
    29 000002CD 83F910              <1>         cmp ecx, 16
    30 000002D0 732E                <1>         jae .10E
    31                              <1> 
    32 000002D2 89C8                <1>         mov eax, ecx
    33 000002D4 83E001              <1>         and eax, 0x01
    34 000002D7 C1E003              <1>         shl eax, 3
    35 000002DA 01F0                <1>         add eax, esi
    36                              <1> 
    37 000002DC 89CB                <1>         mov ebx, ecx
    38 000002DE D1EB                <1>         shr ebx, 1
    39 000002E0 01FB                <1>         add ebx, edi
    40                              <1> 
    41 000002E2 89CA                <1>         mov edx, ecx
    42 000002E4 D1E2                <1>         shl edx, 1
    43 000002E6 8B92[13030000]      <1>         mov edx, [.t0 + edx]
    44                              <1> 
    45 000002EC 68[0A030000]525350- <1>         cdecl draw_str, eax, ebx, edx, .s0
    45 000002F4 E877FFFFFF6683C410  <1>
    46                              <1> 
    47 000002FD 41                  <1>         inc ecx
    48 000002FE EBCD                <1>         jmp .10L
    49                              <1> .10E:
    50                              <1> 
    51                              <1>         ;-----------------------------------------
    52                              <1>         ; 【レジスタの復帰】
    53                              <1>         ;-----------------------------------------
    54 00000300 5F                  <1>         pop edi
    55 00000301 5E                  <1>         pop esi
    56 00000302 5A                  <1>         pop edx
    57 00000303 59                  <1>         pop ecx
    58 00000304 5B                  <1>         pop ebx
    59 00000305 58                  <1>         pop eax
    60                              <1> 
    61                              <1>         ;-----------------------------------------
    62                              <1>         ; 【スタックフレームの破棄】
    63                              <1>         ;-----------------------------------------
    64 00000306 89EC                <1>         mov esp, ebp
    65 00000308 5D                  <1>         pop ebp
    66                              <1> 
    67 00000309 C3                  <1>         ret
    68                              <1> 
    69 0000030A 202020202020202000  <1> .s0:    db '        ', 0
    70 00000313 00000008            <1> .t0:    dw 0x0000, 0x0800
    71 00000317 00010009            <1>         dw 0x0100, 0x0900
    72 0000031B 0002000A            <1>         dw 0x0200, 0x0A00
    73 0000031F 0003000B            <1>         dw 0x0300, 0x0B00
    74 00000323 0004000C            <1>         dw 0x0400, 0x0C00
    75 00000327 0005000D            <1>         dw 0x0500, 0x0D00
    76 0000032B 0006000E            <1>         dw 0x0600, 0x0E00
    77 0000032F 0007000F            <1>         dw 0x0700, 0x0F00
    60                                  %include "../modules/protect/draw_pixel.s"
     1                              <1> draw_pixel:
     2                              <1>         ;-----------------------------------------
     3                              <1>         ; 【スタックフレームの構築】
     4                              <1>         ;-----------------------------------------
     5 00000333 55                  <1>         push ebp
     6 00000334 89E5                <1>         mov ebp, esp
     7                              <1> 
     8                              <1>         ;-----------------------------------------
     9                              <1>         ; 【レジスタの保存】
    10                              <1>         ;-----------------------------------------
    11 00000336 50                  <1>         push eax
    12 00000337 53                  <1>         push ebx
    13 00000338 51                  <1>         push ecx
    14 00000339 57                  <1>         push edi
    15                              <1> 
    16                              <1>         ;-----------------------------------------
    17                              <1>         ; Y座標を80倍する(640/8)
    18                              <1>         ;-----------------------------------------
    19 0000033A 8B7D0C              <1>         mov edi, [ebp + 12]
    20 0000033D C1E704              <1>         shl edi, 4
    21 00000340 8DBCBF00000A00      <1>         lea edi, [edi * 4 + edi + 0xA_0000]
    22                              <1> 
    23                              <1>         ;-----------------------------------------
    24                              <1>         ; X座標を1/8して加算
    25                              <1>         ;-----------------------------------------
    26 00000347 8B5D08              <1>         mov ebx, [ebp + 8]
    27 0000034A 89D9                <1>         mov ecx, ebx
    28 0000034C C1EB03              <1>         shr ebx, 3
    29 0000034F 01DF                <1>         add edi, ebx
    30                              <1> 
    31                              <1>         ;-----------------------------------------
    32                              <1>         ; X座標を8で割った余りからビット位置を計算
    33                              <1>         ; (0=0x80, 1=0x40, ..., 7=0x01)
    34                              <1>         ;-----------------------------------------
    35 00000351 83E107              <1>         and ecx, 0x07
    36 00000354 BB80000000          <1>         mov ebx, 0x80
    37 00000359 D3EB                <1>         shr ebx, cl
    38                              <1> 
    39                              <1>         ;-----------------------------------------
    40                              <1>         ; 色指定
    41                              <1>         ;-----------------------------------------
    42 0000035B 8B4D10              <1>         mov ecx, [ebp + 16]
    43                              <1> 
    44                              <1>         ;-----------------------------------------
    45                              <1>         ; プレーンごとに出力
    46                              <1>         ;-----------------------------------------
    47 0000035E 6A03E84FFDFFFF6683- <1>         cdecl vga_set_read_plane, 0x03
    47 00000367 C404                <1>
    48 00000369 6A08E85DFDFFFF6683- <1>         cdecl vga_set_write_plane, 0x08
    48 00000372 C404                <1>
    49 00000374 516A085753E8BBFDFF- <1>         cdecl vram_bit_copy, ebx, edi, 0x08, ecx
    49 0000037D FF6683C410          <1>
    50                              <1> 
    51 00000382 6A02E82BFDFFFF6683- <1>         cdecl vga_set_read_plane, 0x02
    51 0000038B C404                <1>
    52 0000038D 6A04E839FDFFFF6683- <1>         cdecl vga_set_write_plane, 0x04
    52 00000396 C404                <1>
    53 00000398 516A045753E897FDFF- <1>         cdecl vram_bit_copy, ebx, edi, 0x04, ecx
    53 000003A1 FF6683C410          <1>
    54                              <1> 
    55 000003A6 6A01E807FDFFFF6683- <1>         cdecl vga_set_read_plane, 0x01
    55 000003AF C404                <1>
    56 000003B1 6A02E815FDFFFF6683- <1>         cdecl vga_set_write_plane, 0x02
    56 000003BA C404                <1>
    57 000003BC 516A025753E873FDFF- <1>         cdecl vram_bit_copy, ebx, edi, 0x02, ecx
    57 000003C5 FF6683C410          <1>
    58                              <1> 
    59 000003CA 6A00E8E3FCFFFF6683- <1>         cdecl vga_set_read_plane, 0x00
    59 000003D3 C404                <1>
    60 000003D5 6A01E8F1FCFFFF6683- <1>         cdecl vga_set_write_plane, 0x01
    60 000003DE C404                <1>
    61 000003E0 516A015753E84FFDFF- <1>         cdecl vram_bit_copy, ebx, edi, 0x01, ecx
    61 000003E9 FF6683C410          <1>
    62                              <1> 
    63                              <1>         ;-----------------------------------------
    64                              <1>         ; 【レジスタの復帰】
    65                              <1>         ;-----------------------------------------
    66 000003EE 5F                  <1>         pop edi
    67 000003EF 59                  <1>         pop ecx
    68 000003F0 5B                  <1>         pop ebx
    69 000003F1 58                  <1>         pop eax
    70                              <1> 
    71                              <1>         ;-----------------------------------------
    72                              <1>         ; 【スタックフレームの破棄】
    73                              <1>         ;-----------------------------------------
    74 000003F2 89EC                <1>         mov esp, ebp
    75 000003F4 5D                  <1>         pop ebp
    76                              <1> 
    77 000003F5 C3                  <1>         ret
    78                              <1> 
    79 000003F6 202020202020202000  <1> .s0:    db '        ', 0
    80 000003FF 00000008            <1> .t0:    dw 0x0000, 0x0800
    81 00000403 00010009            <1>         dw 0x0100, 0x0900
    82 00000407 0002000A            <1>         dw 0x0200, 0x0A00
    83 0000040B 0003000B            <1>         dw 0x0300, 0x0B00
    84 0000040F 0004000C            <1>         dw 0x0400, 0x0C00
    85 00000413 0005000D            <1>         dw 0x0500, 0x0D00
    86 00000417 0006000E            <1>         dw 0x0600, 0x0E00
    87 0000041B 0007000F            <1>         dw 0x0700, 0x0F00
    61                                  %include "../modules/protect/draw_line.s"
     1                              <1> draw_line:
     2                              <1>         ;-----------------------------------------
     3                              <1>         ; 【スタックフレームの構築】
     4                              <1>         ;-----------------------------------------
     5 0000041F 55                  <1>         push ebp
     6 00000420 89E5                <1>         mov ebp, esp
     7                              <1> 
     8 00000422 6A00                <1>         push dword 0
     9 00000424 6A00                <1>         push dword 0
    10 00000426 6A00                <1>         push dword 0
    11 00000428 6A00                <1>         push dword 0
    12 0000042A 6A00                <1>         push dword 0
    13 0000042C 6A00                <1>         push dword 0
    14 0000042E 6A00                <1>         push dword 0
    15                              <1> 
    16                              <1>         ;-----------------------------------------
    17                              <1>         ; 【レジスタの保存】
    18                              <1>         ;-----------------------------------------
    19 00000430 50                  <1>         push eax
    20 00000431 53                  <1>         push ebx
    21 00000432 51                  <1>         push ecx
    22 00000433 52                  <1>         push edx
    23 00000434 56                  <1>         push esi
    24 00000435 57                  <1>         push edi
    25                              <1> 
    26                              <1>         ;-----------------------------------------
    27                              <1>         ; 幅を計算(X軸)
    28                              <1>         ;-----------------------------------------
    29 00000436 8B4508              <1>         mov eax, [ebp + 8]
    30 00000439 8B5D10              <1>         mov ebx, [ebp +16]
    31 0000043C 29C3                <1>         sub ebx, eax
    32 0000043E 7D09                <1>         jge .10F
    33                              <1> 
    34 00000440 F7DB                <1>         neg ebx
    35 00000442 BEFFFFFFFF          <1>         mov esi, -1
    36 00000447 EB05                <1>         jmp .10E
    37                              <1> .10F:
    38 00000449 BE01000000          <1>         mov esi, 1
    39                              <1> .10E:
    40                              <1> 
    41                              <1>         ;-----------------------------------------
    42                              <1>         ; 高さを計算(Y軸)
    43                              <1>         ;-----------------------------------------
    44 0000044E 8B4D0C              <1>         mov ecx, [ebp + 12]
    45 00000451 8B5514              <1>         mov edx, [ebp + 20]
    46 00000454 29CA                <1>         sub edx, ecx
    47 00000456 7D09                <1>         jge .20F
    48                              <1> 
    49 00000458 F7DA                <1>         neg edx
    50 0000045A BFFFFFFFFF          <1>         mov edi, -1
    51 0000045F EB05                <1>         jmp .20E
    52                              <1> .20F:
    53 00000461 BF01000000          <1>         mov edi, 1
    54                              <1> .20E:
    55                              <1> 
    56                              <1>         ;-----------------------------------------
    57                              <1>         ; X軸
    58                              <1>         ;-----------------------------------------
    59 00000466 8945F8              <1>         mov [ebp - 8], eax
    60 00000469 895DF4              <1>         mov [ebp - 12], ebx
    61 0000046C 8975F0              <1>         mov [ebp - 16], esi
    62                              <1> 
    63                              <1>         ;-----------------------------------------
    64                              <1>         ; Y軸
    65                              <1>         ;-----------------------------------------
    66 0000046F 894DEC              <1>         mov [ebp - 20], ecx
    67 00000472 8955E8              <1>         mov [ebp - 24], edx
    68 00000475 897DE4              <1>         mov [ebp - 28], edi
    69                              <1> 
    70                              <1>         ;-----------------------------------------
    71                              <1>         ; 基準軸を決める
    72                              <1>         ;-----------------------------------------
    73 00000478 39D3                <1>         cmp ebx, edx
    74 0000047A 7F08                <1>         jg .22F
    75                              <1> 
    76 0000047C 8D75EC              <1>         lea esi, [ebp - 20]
    77 0000047F 8D7DF8              <1>         lea edi, [ebp - 8]
    78                              <1> 
    79 00000482 EB06                <1>         jmp .22E
    80                              <1> .22F:
    81 00000484 8D75F8              <1>         lea esi, [ebp - 8]
    82 00000487 8D7DEC              <1>         lea edi, [ebp - 20]
    83                              <1> .22E:
    84                              <1> 
    85                              <1>         ;-----------------------------------------
    86                              <1>         ; 繰り返し回数(基準軸のドット数)
    87                              <1>         ;-----------------------------------------
    88 0000048A 8B4EFC              <1>         mov ecx, [esi - 4]
    89 0000048D 83F900              <1>         cmp ecx, 0
    90 00000490 7505                <1>         jnz .30E
    91 00000492 B901000000          <1>         mov ecx, 1
    92                              <1> .30E:
    93                              <1> 
    94                              <1>         ;-----------------------------------------
    95                              <1>         ; 線を描画
    96                              <1>         ;-----------------------------------------
    97                              <1> .50L:
    98 00000497 FF7518FF75ECFF75F8- <1>         cdecl draw_pixel, dword [ebp - 8], dword [ebp - 20], dword [ebp + 24]
    98 000004A0 E88EFEFFFF6683C40C  <1>
    99                              <1> 
   100 000004A9 8B46F8              <1>         mov eax, [esi - 8]
   101 000004AC 0106                <1>         add [esi - 0], eax
   102                              <1> 
   103 000004AE 8B45FC              <1>         mov eax, [ebp - 4]
   104 000004B1 0347FC              <1>         add eax, [edi - 4]
   105 000004B4 8B5EFC              <1>         mov ebx, [esi - 4]
   106                              <1> 
   107 000004B7 39D8                <1>         cmp eax, ebx
   108 000004B9 7C07                <1>         jl .52E
   109 000004BB 29D8                <1>         sub eax, ebx
   110                              <1> 
   111 000004BD 8B5FF8              <1>         mov ebx, [edi - 8]
   112 000004C0 011F                <1>         add [edi - 0], ebx
   113                              <1> .52E:
   114 000004C2 8945FC              <1>         mov [ebp - 4], eax
   115                              <1> 
   116 000004C5 E2D0                <1>         loop .50L
   117                              <1> .50E:
   118                              <1> 
   119                              <1>         ;-----------------------------------------
   120                              <1>         ; 【レジスタの復帰】
   121                              <1>         ;-----------------------------------------
   122 000004C7 5F                  <1>         pop edi
   123 000004C8 5E                  <1>         pop esi
   124 000004C9 5A                  <1>         pop edx
   125 000004CA 59                  <1>         pop ecx
   126 000004CB 5B                  <1>         pop ebx
   127 000004CC 58                  <1>         pop eax
   128                              <1> 
   129                              <1>         ;-----------------------------------------
   130                              <1>         ; 【スタックフレームの破棄】
   131                              <1>         ;-----------------------------------------
   132 000004CD 89EC                <1>         mov esp, ebp
   133 000004CF 5D                  <1>         pop ebp
   134                              <1> 
   135 000004D0 C3                  <1>         ret
   136                              <1> 
   137 000004D1 202020202020202000  <1> .s0:    db '        ', 0
   138 000004DA 00000008            <1> .t0:    dw 0x0000, 0x0800
   139 000004DE 00010009            <1>         dw 0x0100, 0x0900
   140 000004E2 0002000A            <1>         dw 0x0200, 0x0A00
   141 000004E6 0003000B            <1>         dw 0x0300, 0x0B00
   142 000004EA 0004000C            <1>         dw 0x0400, 0x0C00
   143 000004EE 0005000D            <1>         dw 0x0500, 0x0D00
   144 000004F2 0006000E            <1>         dw 0x0600, 0x0E00
   145 000004F6 0007000F            <1>         dw 0x0700, 0x0F00
    62                                  %include "../modules/protect/draw_rect.s"
     1                              <1> draw_rect:
     2                              <1>         ;-----------------------------------------
     3                              <1>         ; 【スタックフレームの構築】
     4                              <1>         ;-----------------------------------------
     5 000004FA 55                  <1>         push ebp
     6 000004FB 89E5                <1>         mov ebp, esp
     7                              <1> 
     8                              <1>         ;-----------------------------------------
     9                              <1>         ; 【レジスタの保存】
    10                              <1>         ;-----------------------------------------
    11 000004FD 50                  <1>         push eax
    12 000004FE 53                  <1>         push ebx
    13 000004FF 51                  <1>         push ecx
    14 00000500 52                  <1>         push edx
    15 00000501 56                  <1>         push esi
    16                              <1> 
    17                              <1>         ;-----------------------------------------
    18                              <1>         ; 引数の取得
    19                              <1>         ;-----------------------------------------
    20 00000502 8B4508              <1>         mov eax, [ebp + 8]
    21 00000505 8B5D0C              <1>         mov ebx, [ebp +12]
    22 00000508 8B4D10              <1>         mov ecx, [ebp +16]
    23 0000050B 8B5514              <1>         mov edx, [ebp +20]
    24 0000050E 8B7518              <1>         mov esi, [ebp +24]
    25                              <1> 
    26                              <1>         ;-----------------------------------------
    27                              <1>         ; 座標軸の大小を確定
    28                              <1>         ;-----------------------------------------
    29 00000511 39C8                <1>         cmp eax, ecx
    30 00000513 7C01                <1>         jl .10E
    31 00000515 91                  <1>         xchg eax, ecx
    32                              <1> .10E:
    33 00000516 39D3                <1>         cmp ebx, edx
    34 00000518 7C02                <1>         jl .20E
    35 0000051A 87DA                <1>         xchg ebx, edx
    36                              <1> .20E:
    37                              <1> 
    38                              <1>         ;-----------------------------------------
    39                              <1>         ; 矩形を描画
    40                              <1>         ;-----------------------------------------
    41 0000051C 5653515350E8F9FEFF- <1>         cdecl draw_line, eax, ebx, ecx, ebx, esi
    41 00000525 FF6683C414          <1>
    42 0000052A 5652505350E8EBFEFF- <1>         cdecl draw_line, eax, ebx, eax, edx, esi
    42 00000533 FF6683C414          <1>
    43                              <1> 
    44 00000538 4A                  <1>         dec edx
    45 00000539 5652515250E8DCFEFF- <1>         cdecl draw_line, eax, edx, ecx, edx, esi
    45 00000542 FF6683C414          <1>
    46 00000547 42                  <1>         inc edx
    47                              <1> 
    48 00000548 49                  <1>         dec ecx
    49 00000549 5652515351E8CCFEFF- <1>         cdecl draw_line, ecx, ebx, ecx, edx, esi
    49 00000552 FF6683C414          <1>
    50                              <1> 
    51                              <1>         ;-----------------------------------------
    52                              <1>         ; 【レジスタの復帰】
    53                              <1>         ;-----------------------------------------
    54 00000557 5E                  <1>         pop esi
    55 00000558 5A                  <1>         pop edx
    56 00000559 59                  <1>         pop ecx
    57 0000055A 5B                  <1>         pop ebx
    58 0000055B 58                  <1>         pop eax
    59                              <1> 
    60                              <1>         ;-----------------------------------------
    61                              <1>         ; 【スタックフレームの破棄】
    62                              <1>         ;-----------------------------------------
    63 0000055C 89EC                <1>         mov esp, ebp
    64 0000055E 5D                  <1>         pop ebp
    65                              <1> 
    66 0000055F C3                  <1>         ret
    63                                  
    64                                  ;***********************************************************
    65                                  ;  パディング
    66                                  ;***********************************************************
    67 00000560 00<rept>                        times KERNEL_SIZE - ($ - $$) db 0
