     1                                  ;***********************************************************
     2                                  ;  マクロ
     3                                  ;***********************************************************
     4                                  %include "../include/define.s"
     1                              <1> BOOT_SIZE equ (1024 * 8)
     2                              <1> KERNEL_SIZE equ (1024 * 8)
     3                              <1> 
     4                              <1> BOOT_LOAD equ 0x7C00
     5                              <1> BOOT_END equ (BOOT_LOAD + BOOT_SIZE)
     6                              <1> 
     7                              <1> KERNEL_LOAD equ 0x0010_1000
     8                              <1> 
     9                              <1> SECT_SIZE equ (512)
    10                              <1> 
    11                              <1> BOOT_SECT equ (BOOT_SIZE / SECT_SIZE)
    12                              <1> KERNEL_SECT equ (KERNEL_SIZE / SECT_SIZE)
    13                              <1> 
    14                              <1> E820_RECORD_SIZE equ 20
    15                              <1> 
    16                              <1> VECT_BASE equ 0x0010_0000
    17                              <1> 
    18                              <1> STACK_BASE equ 0x0010_3000
    19                              <1> STACK_SIZE equ 1024
    20                              <1> 
    21                              <1> SP_TASK_0 equ STACK_BASE + (STACK_SIZE * 1)
    22                              <1> SP_TASK_1 equ STACK_BASE + (STACK_SIZE * 2)
    23                              <1> SP_TASK_2 equ STACK_BASE + (STACK_SIZE * 3)
    24                              <1> SP_TASK_3 equ STACK_BASE + (STACK_SIZE * 4)
    25                              <1> SP_TASK_4 equ STACK_BASE + (STACK_SIZE * 5)
    26                              <1> SP_TASK_5 equ STACK_BASE + (STACK_SIZE * 6)
    27                              <1> SP_TASK_6 equ STACK_BASE + (STACK_SIZE * 7)
    28                              <1> 
    29                              <1> CR3_BASE equ 0x0010_5000
    30                              <1> 
    31                              <1> PARAM_TASK_4 equ 0x0010_8000
    32                              <1> PARAM_TASK_5 equ 0x0010_9000
    33                              <1> PARAM_TASK_6 equ 0x0010_A000
    34                              <1> 
    35                              <1> CR3_TASK_4 equ 0x0020_0000
    36                              <1> CR3_TASK_5 equ 0x0020_2000
    37                              <1> CR3_TASK_6 equ 0x0020_4000
    38                              <1> 
    39                              <1> FAT_SIZE equ (1024 * 128)
    40                              <1> ROOT_SIZE equ (1024 * 16)
    41                              <1> 
    42                              <1> FAT1_START equ (KERNEL_SIZE)
    43                              <1> FAT2_START equ (FAT1_START + FAT_SIZE)
    44                              <1> ROOT_START equ (FAT2_START + FAT_SIZE)
    45                              <1> FILE_START equ (ROOT_START + ROOT_SIZE)
    46                              <1> 
    47                              <1> ATTR_VOLUME_ID equ 0x08
    48                              <1> ATTR_ARCHIVE equ 0x20
     5                                  %include "../include/macro.s"
     1                              <1> %macro cdecl 1-*.nolist
     2                              <1>     %rep %0 - 1
     3                              <1>         push %{-1:-1}
     4                              <1>         %rotate -1
     5                              <1>     %endrep
     6                              <1>     %rotate -1
     7                              <1> 
     8                              <1>     call %1
     9                              <1> 
    10                              <1>     %if 1 < %0
    11                              <1>         add sp, (__BITS__ >> 3) * (%0 - 1)
    12                              <1>     %endif
    13                              <1> %endmacro
    14                              <1> 
    15                              <1> %macro set_vect 1-*.nolist
    16                              <1>         push eax
    17                              <1>         push edi
    18                              <1> 
    19                              <1>         mov edi, VECT_BASE + (%1 * 8)
    20                              <1>         mov eax, %2
    21                              <1> 
    22                              <1> 	%if 3 == %0
    23                              <1> 		mov [edi + 4], %3
    24                              <1> 	%endif
    25                              <1> 
    26                              <1>         mov [edi + 0], ax
    27                              <1>         shr eax, 16
    28                              <1>         mov [edi + 6], ax
    29                              <1> 
    30                              <1>         pop edi
    31                              <1>         pop eax
    32                              <1> %endmacro
    33                              <1> 
    34                              <1> %macro outp 2
    35                              <1>     mov al, %2
    36                              <1>     out %1, al
    37                              <1> %endmacro
    38                              <1> 
    39                              <1> %macro set_desc 2-*
    40                              <1>         push eax
    41                              <1>         push edi
    42                              <1> 
    43                              <1>         mov edi, %1
    44                              <1>         mov eax, %2
    45                              <1> 
    46                              <1>     %if 3 == %0
    47                              <1>         mov [edi + 0], %3
    48                              <1>     %endif
    49                              <1> 
    50                              <1>         mov [edi + 2], ax
    51                              <1>         shr eax, 16
    52                              <1>         mov [edi + 4], al
    53                              <1>         mov [edi + 7], ah
    54                              <1> 
    55                              <1>         pop edi
    56                              <1>         pop eax
    57                              <1> %endmacro
    58                              <1> 
    59                              <1> %macro  set_gate 2-*
    60                              <1>     push eax
    61                              <1>     push edi
    62                              <1> 
    63                              <1>     mov edi, %1
    64                              <1>     mov eax, %2
    65                              <1> 
    66                              <1>     mov [edi + 0], ax
    67                              <1>     shr eax, 16
    68                              <1>     mov [edi + 6], ax
    69                              <1> 
    70                              <1>     pop edi
    71                              <1>     pop eax
    72                              <1> %endmacro
    73                              <1> 
    74                              <1> struc drive
    75 00000000 <res 00000002>      <1>     .no resw 1      ; ドライブ番号
    76 00000002 <res 00000002>      <1>     .cyln resw 1    ; シリンダ
    77 00000004 <res 00000002>      <1>     .head resw 1    ; ヘッド
    78 00000006 <res 00000002>      <1>     .sect resw 1    ; セクタ
    79                              <1> endstruc
    80                              <1> 
    81                              <1> %define RING_ITEM_SIZE (1 << 4)
    82                              <1> %define RING_INDEX_MASK (RING_ITEM_SIZE - 1)
    83                              <1> 
    84                              <1> struc ring_buff
    85 00000000 <res 00000004>      <1>     .rp resd 1                  ; RP:書き込み位置
    86 00000004 <res 00000004>      <1>     .wp resd 1                  ; WP:読み込み位置
    87 00000008 <res 00000010>      <1>     .item resb RING_ITEM_SIZE   ; バッファ
    88                              <1> endstruc
    89                              <1> 
    90                              <1> struc rose
    91 00000000 <res 00000004>      <1>     .x0 resd 1
    92 00000004 <res 00000004>      <1>     .y0 resd 1
    93 00000008 <res 00000004>      <1>     .x1 resd 1
    94 0000000C <res 00000004>      <1>     .y1 resd 1
    95                              <1> 
    96 00000010 <res 00000004>      <1>     .n resd 1
    97 00000014 <res 00000004>      <1>     .d resd 1
    98                              <1> 
    99 00000018 <res 00000004>      <1>     .color_x resd 1
   100 0000001C <res 00000004>      <1>     .color_y resd 1
   101 00000020 <res 00000004>      <1>     .color_z resd 1
   102 00000024 <res 00000004>      <1>     .color_s resd 1
   103 00000028 <res 00000004>      <1>     .color_f resd 1
   104 0000002C <res 00000004>      <1>     .color_b resd 1
   105                              <1> 
   106 00000030 <res 00000010>      <1>     .title resb 16
   107                              <1> endstruc
     6                                  
     7                                          ORG BOOT_LOAD
     8                                  
     9                                  ;***********************************************************
    10                                  ;  エントリポイント
    11                                  ;***********************************************************
    12                                  entry:
    13                                          ;------------------------------------------
    14                                          ; BPB(BIOS Parameter Block)
    15                                          ;------------------------------------------
    16 00000000 EB3C                            jmp ipl
    17 00000002 90                              times 3 - ($ - $$) db 0x90
    18 00000003 4F454D2D4E414D45                db 'OEM-NAME'
    19                                  
    20 0000000B 0002                            dw 512
    21 0000000D 01                              db 1
    22 0000000E 2000                            dw 32
    23 00000010 02                              db 2
    24 00000011 0002                            dw 512
    25 00000013 F0FF                            dw 0xFFF0
    26 00000015 F8                              db 0xF8
    27 00000016 0001                            dw 256
    28 00000018 1000                            dw 0x10
    29 0000001A 0200                            dw 2
    30 0000001C 00000000                        dd 0
    31                                  
    32 00000020 00000000                        dd 0
    33 00000024 80                              db 0x80
    34 00000025 00                              db 0
    35 00000026 29                              db 0x29
    36 00000027 EFBE0000                        dd 0xbeef
    37 0000002B 424F4F5441424C4520-             db 'BOOTABLE   '
    37 00000034 2020               
    38 00000036 4641543136202020                db 'FAT16   '
    39                                  
    40                                          ;------------------------------------------
    41                                          ; IPL(Initial Program Loader)
    42                                          ;------------------------------------------
    43                                  ipl:
    44 0000003E FA                              cli
    45                                  
    46 0000003F B80000                          mov ax, 0x0000
    47 00000042 8ED8                            mov ds, ax
    48 00000044 8EC0                            mov es, ax
    49 00000046 8ED0                            mov ss, ax
    50 00000048 BC007C                          mov sp, BOOT_LOAD
    51                                  
    52 0000004B FB                              sti
    53                                  
    54 0000004C 8816[9C00]                      mov [BOOT + drive.no], dl
    55                                  
    56                                          ;------------------------------------------
    57                                          ; 文字列を表示
    58                                          ;------------------------------------------
    59 00000050 68[7D00]E84E0083C4-             cdecl puts, .s0
    59 00000058 02                 
    60                                  
    61                                          ;------------------------------------------
    62                                          ; 残りのセクタをすべて読み込む
    63                                          ;------------------------------------------
    64 00000059 BB0F00                          mov bx, BOOT_SECT - 1
    65 0000005C B9007E                          mov cx, BOOT_LOAD + SECT_SIZE
    66                                  
    67 0000005F 515368[9C00]E89B00-             cdecl read_chs, BOOT, bx, cx
    67 00000067 83C406             
    68                                  
    69 0000006A 39D8                            cmp ax, bx
    70                                  .10Q:
    71 0000006C 740C                            jz .10E
    72                                  .10T:
    73 0000006E 68[8A00]E8300083C4-             cdecl puts, .e0
    73 00000076 02                 
    74 00000077 E84900                          call reboot
    75                                  .10E:
    76                                  
    77                                          ;------------------------------------------
    78                                          ; 次のステージへ移行
    79                                          ;------------------------------------------
    80 0000007A E9ED05                          jmp stage_2
    81                                  
    82                                          ;------------------------------------------
    83                                          ; データ
    84                                          ;------------------------------------------
    85 0000007D 426F6F74696E672E2E-     .s0     db "Booting...", 0x0A, 0x0D, 0
    85 00000086 2E0A0D00           
    86 0000008A 4572726F723A736563-     .e0     db "Error:sector read", 0
    86 00000093 746F72207265616400 
    87                                  
    88                                  ;***********************************************************
    89                                  ;  ブートドライブに関する情報
    90                                  ;***********************************************************
    91                                  ALIGN 2, db 0
    92                                  BOOT:
    93                                          istruc drive
    94 0000009C 0000                                at drive.no, dw 0
    95 0000009E 0000                                at drive.cyln, dw 0
    96 000000A0 0000                                at drive.head, dw 0
    97 000000A2 0200                                at drive.sect, dw 2
    98                                          iend
    99                                  
   100                                  ;***********************************************************
   101                                  ;  モジュール
   102                                  ;***********************************************************
   103                                  %include "../modules/real/puts.s"
     1                              <1> puts:
     2                              <1>         ;---------------------------------------
     3                              <1>         ; 【スタックフレームの構築】
     4                              <1>         ;---------------------------------------
     5 000000A4 55                  <1>         push bp
     6 000000A5 89E5                <1>         mov bp, sp
     7                              <1> 
     8                              <1>         ;---------------------------------------
     9                              <1>         ; 【レジスタの保存】
    10                              <1>         ;---------------------------------------
    11 000000A7 50                  <1>         push ax
    12 000000A8 53                  <1>         push bx
    13 000000A9 56                  <1>         push si
    14                              <1> 
    15                              <1>         ;---------------------------------------
    16                              <1>         ; 引数を取得
    17                              <1>         ;---------------------------------------
    18 000000AA 8B7604              <1>         mov si, [bp + 4]
    19                              <1> 
    20                              <1>         ;---------------------------------------
    21                              <1>         ; 【処理の開始】
    22                              <1>         ;---------------------------------------
    23 000000AD B40E                <1>         mov ah, 0x0E
    24 000000AF BB0000              <1>         mov bx, 0x0000
    25 000000B2 FC                  <1>         cld
    26                              <1> .10L:
    27 000000B3 AC                  <1>         lodsb
    28 000000B4 3C00                <1>         cmp al, 0
    29 000000B6 7404                <1>         je .10E
    30 000000B8 CD10                <1>         int 0x10
    31 000000BA EBF7                <1>         jmp .10L
    32                              <1> .10E:
    33                              <1> 
    34                              <1>         ;---------------------------------------
    35                              <1>         ; 【レジスタの復帰】
    36                              <1>         ;---------------------------------------
    37 000000BC 5E                  <1>         pop si
    38 000000BD 5B                  <1>         pop bx
    39 000000BE 58                  <1>         pop ax
    40                              <1> 
    41                              <1>         ;---------------------------------------
    42                              <1>         ; 【スタックフレームの破棄】
    43                              <1>         ;---------------------------------------
    44 000000BF 89EC                <1>         mov sp, bp
    45 000000C1 5D                  <1>         pop bp
    46                              <1> 
    47 000000C2 C3                  <1>         ret
   104                                  %include "../modules/real/reboot.s"
     1                              <1> reboot:
     2                              <1>         ;---------------------------------------
     3                              <1>         ; メッセージを表示
     4                              <1>         ;---------------------------------------
     5 000000C3 68[DF00]E8DBFF83C4- <1>         cdecl puts, .s0
     5 000000CB 02                  <1>
     6                              <1> 
     7                              <1>         ;---------------------------------------
     8                              <1>         ; キー入力待ち
     9                              <1>         ;---------------------------------------
    10                              <1> .10L:
    11 000000CC B410                <1>         mov ah, 0x10
    12 000000CE CD16                <1>         int 0x16
    13                              <1> 
    14 000000D0 3C20                <1>         cmp al, ' '
    15 000000D2 75F8                <1>         jne .10L
    16                              <1> 
    17                              <1>         ;---------------------------------------
    18                              <1>         ; 改行を出力
    19                              <1>         ;---------------------------------------
    20 000000D4 68[FD00]E8CAFF83C4- <1>         cdecl puts, .s1
    20 000000DC 02                  <1>
    21                              <1> 
    22                              <1>         ;---------------------------------------
    23                              <1>         ; 再起動
    24                              <1>         ;---------------------------------------
    25 000000DD CD19                <1>         int 0x19
    26                              <1> 
    27                              <1>         ;---------------------------------------
    28                              <1>         ; 文字列データ
    29                              <1>         ;---------------------------------------
    30 000000DF 0A0D50757368205350- <1> .s0     db 0x0A, 0x0D, "Push SPACE key to reboot...", 0
    30 000000E8 414345206B65792074- <1>
    30 000000F1 6F207265626F6F742E- <1>
    30 000000FA 2E2E00              <1>
    31 000000FD 0A0D0A0D00          <1> .s1     db 0x0A, 0x0D, 0x0A, 0x0D, 0
   105                                  %include "../modules/real/read_chs.s"
     1                              <1> read_chs:
     2                              <1>         ;-----------------------------------------
     3                              <1>         ; 【スタックフレームの構築】
     4                              <1>         ;-----------------------------------------
     5 00000102 55                  <1>         push bp
     6 00000103 89E5                <1>         mov bp, sp
     7 00000105 6A03                <1>         push 3
     8 00000107 6A00                <1>         push 0
     9                              <1> 
    10                              <1>         ;-----------------------------------------
    11                              <1>         ; 【レジスタの保存】
    12                              <1>         ;-----------------------------------------
    13 00000109 53                  <1>         push bx
    14 0000010A 51                  <1>         push cx
    15 0000010B 52                  <1>         push dx
    16 0000010C 06                  <1>         push es
    17 0000010D 56                  <1>         push si
    18                              <1> 
    19                              <1>         ;-----------------------------------------
    20                              <1>         ; 【処理の開始】
    21                              <1>         ;-----------------------------------------
    22 0000010E 8B7604              <1>         mov si, [bp + 4]                          ; SI = SRCバッファ
    23                              <1> 
    24                              <1>         ;-----------------------------------------
    25                              <1>         ; CXレジスタの設定
    26                              <1>         ; (BIOSコールの呼び出しに適した形に変換)
    27                              <1>         ;-----------------------------------------
    28 00000111 8A6C02              <1>         mov ch, [si + drive.cyln + 0]
    29 00000114 8A4C03              <1>         mov cl, [si + drive.cyln + 1]
    30 00000117 C0E106              <1>         shl cl, 6
    31 0000011A 8A4C06              <1>         mov cl, [si + drive.sect]
    32                              <1> 
    33                              <1>         ;-----------------------------------------
    34                              <1>         ; セクタ読み込み
    35                              <1>         ;-----------------------------------------
    36 0000011D 8A7404              <1>         mov dh, [si + drive.head]
    37 00000120 8A14                <1>         mov dl, [si + 0]
    38 00000122 B80000              <1>         mov ax, 0x0000
    39 00000125 8EC0                <1>         mov es, ax
    40 00000127 8B5E08              <1>         mov bx, [bp + 8]
    41                              <1> .10L:
    42 0000012A B402                <1>         mov ah, 0x02
    43 0000012C 8A4606              <1>         mov al, [bp + 6]
    44 0000012F CD13                <1>         int 0x13
    45 00000131 7304                <1>         jnc .11E
    46 00000133 B000                <1>         mov al, 0
    47 00000135 EB0C                <1>         jmp .10E
    48                              <1> .11E:
    49 00000137 3C00                <1>         cmp al, 0
    50 00000139 7508                <1>         jne .10E
    51 0000013B B80000              <1>         mov ax, 0
    52 0000013E FF4EFE              <1>         dec word[bp - 2]
    53 00000141 75E7                <1>         jnz .10L
    54                              <1> .10E:
    55 00000143 B400                <1>         mov ah, 0
    56                              <1> 
    57                              <1>         ;-----------------------------------------
    58                              <1>         ; 【レジスタの復帰】
    59                              <1>         ;-----------------------------------------
    60 00000145 5E                  <1>         pop si
    61 00000146 07                  <1>         pop es
    62 00000147 5A                  <1>         pop dx
    63 00000148 59                  <1>         pop cx
    64 00000149 5B                  <1>         pop bx
    65                              <1> 
    66                              <1>         ;-----------------------------------------
    67                              <1>         ; 【スタックフレームの破棄】
    68                              <1>         ;-----------------------------------------
    69 0000014A 89EC                <1>         mov sp, bp
    70 0000014C 5D                  <1>         pop bp
    71                              <1> 
    72 0000014D C3                  <1>         ret
   106                                  
   107                                  ;***********************************************************
   108                                  ;  ブートフラグ(先頭512バイトの終了)
   109                                  ;***********************************************************
   110 0000014E 00<rept>                        times 510 - ($ - $$) db 0x00
   111 000001FE 55AA                            db 0x55, 0xAA
   112                                  
   113                                  ;***********************************************************
   114                                  ;  リアルモード時に取得した情報
   115                                  ;***********************************************************
   116                                  FONT:
   117 00000200 0000                    .seg:   dw 0
   118 00000202 0000                    .off:   dw 0
   119                                  ACPI_DATA:
   120 00000204 00000000                .adr:   dd 0
   121 00000208 00000000                .len:   dd 0
   122                                  
   123                                  ;***********************************************************
   124                                  ;  モジュール(先頭512バイト以降に配置)
   125                                  ;***********************************************************
   126                                  %include "../modules/real/itoa.s"
     1                              <1> itoa:
     2                              <1>         ;---------------------------------------
     3                              <1>         ; 【スタックフレームの構築】
     4                              <1>         ;---------------------------------------
     5 0000020C 55                  <1>         push bp
     6 0000020D 89E5                <1>         mov bp, sp
     7                              <1> 
     8                              <1>         ;---------------------------------------
     9                              <1>         ; 【レジスタの保存】
    10                              <1>         ;---------------------------------------
    11 0000020F 50                  <1>         push ax
    12 00000210 53                  <1>         push bx
    13 00000211 51                  <1>         push cx
    14 00000212 52                  <1>         push dx
    15 00000213 56                  <1>         push si
    16 00000214 57                  <1>         push di
    17                              <1> 
    18                              <1>         ;---------------------------------------
    19                              <1>         ; 引数を取得
    20                              <1>         ;---------------------------------------
    21 00000215 8B4604              <1>         mov ax, [bp + 4]                        ; val = 数値
    22 00000218 8B7606              <1>         mov si, [bp + 6]                        ; dst = バッファアドレス
    23 0000021B 8B4E08              <1>         mov cx, [bp + 8]                        ; size = 残りバッファサイズ
    24                              <1> 
    25 0000021E 89F7                <1>         mov di, si
    26 00000220 01CF                <1>         add di, cx                              ; dst = &dst[size - 1]
    27 00000222 4F                  <1>         dec di
    28                              <1> 
    29 00000223 8B5E0C              <1>         mov bx, word[bp + 12]                   ; flags = オプション
    30                              <1> 
    31                              <1>         ;---------------------------------------
    32                              <1>         ; 符号付き判定
    33                              <1>         ;---------------------------------------
    34 00000226 F7C30100            <1>         test bx, 0b0001
    35                              <1> .10Q:
    36 0000022A 7408                <1>         je .10E
    37 0000022C 83F800              <1>         cmp ax, 0
    38                              <1> .12Q:
    39 0000022F 7D03                <1>         jge .12E
    40 00000231 83CB02              <1>         or bx, 0b0010
    41                              <1> .12E:
    42                              <1> .10E:
    43                              <1> 
    44                              <1>         ;---------------------------------------
    45                              <1>         ; 符号出力判定
    46                              <1>         ;---------------------------------------
    47 00000234 F7C30200            <1>         test bx, 0b0010
    48                              <1> .20Q:
    49 00000238 7410                <1>         je .20E
    50 0000023A 83F800              <1>         cmp ax, 0
    51                              <1> .22Q:
    52 0000023D 7D07                <1>         jge .22F
    53 0000023F F7D8                <1>         neg ax
    54 00000241 C6042D              <1>         mov [si], byte '-'
    55 00000244 EB03                <1>         jmp .22E
    56                              <1> .22F:
    57 00000246 C6042B              <1>         mov [si], byte '+'
    58                              <1> .22E:
    59 00000249 49                  <1>         dec cx
    60                              <1> .20E:
    61                              <1> 
    62                              <1>         ;---------------------------------------
    63                              <1>         ; ASCII 変換
    64                              <1>         ;---------------------------------------
    65 0000024A 8B5E0A              <1>         mov bx, [bp + 10]
    66                              <1> .30L:
    67 0000024D BA0000              <1>         mov dx, 0
    68 00000250 F7F3                <1>         div bx
    69                              <1> 
    70 00000252 89D6                <1>         mov si, dx
    71 00000254 8A94[7C02]          <1>         mov dl, byte[.ascii + si]
    72                              <1> 
    73 00000258 8815                <1>         mov [di], dl
    74 0000025A 4F                  <1>         dec di
    75                              <1> 
    76 0000025B 83F800              <1>         cmp ax, 0
    77 0000025E E0ED                <1>         loopnz .30L
    78                              <1> .30E:
    79                              <1> 
    80                              <1>         ;---------------------------------------
    81                              <1>         ; 空欄を埋める
    82                              <1>         ;---------------------------------------
    83 00000260 83F900              <1>         cmp cx, 0
    84                              <1> .40Q:
    85 00000263 740D                <1>         je .40E
    86 00000265 B020                <1>         mov al, ' '
    87 00000267 837E0C04            <1>         cmp [bp + 12], word 0b0100
    88                              <1> .42Q:
    89 0000026B 7502                <1>         jne .42E
    90 0000026D B030                <1>         mov al, '0'
    91                              <1> .42E:
    92 0000026F FD                  <1>         std
    93 00000270 F3AA                <1>         rep stosb
    94                              <1> .40E:
    95                              <1> 
    96                              <1>         ;---------------------------------------
    97                              <1>         ; 【レジスタの復帰】
    98                              <1>         ;---------------------------------------
    99 00000272 5F                  <1>         pop di
   100 00000273 5E                  <1>         pop si
   101 00000274 5A                  <1>         pop dx
   102 00000275 59                  <1>         pop cx
   103 00000276 5B                  <1>         pop bx
   104 00000277 58                  <1>         pop ax
   105                              <1> 
   106                              <1>         ;---------------------------------------
   107                              <1>         ; 【スタックフレームの破棄】
   108                              <1>         ;---------------------------------------
   109 00000278 89EC                <1>         mov sp, bp
   110 0000027A 5D                  <1>         pop bp
   111                              <1> 
   112 0000027B C3                  <1>         ret
   113                              <1> 
   114 0000027C 303132333435363738- <1> .ascii db "0123456789ABCDEF"
   114 00000285 39414243444546      <1>
   127                                  %include "../modules/real/get_drive_param.s"
     1                              <1> get_drive_param:
     2                              <1>         ;-----------------------------------------
     3                              <1>         ; 【スタックフレームの構築】
     4                              <1>         ;-----------------------------------------
     5 0000028C 55                  <1>         push bp
     6 0000028D 89E5                <1>         mov bp, sp
     7                              <1> 
     8                              <1>         ;-----------------------------------------
     9                              <1>         ; 【レジスタの保存】
    10                              <1>         ;-----------------------------------------
    11 0000028F 53                  <1>         push bx
    12 00000290 51                  <1>         push cx
    13 00000291 06                  <1>         push es
    14 00000292 56                  <1>         push si
    15 00000293 57                  <1>         push di
    16                              <1> 
    17                              <1>         ;-----------------------------------------
    18                              <1>         ; 【処理の開始】
    19                              <1>         ;-----------------------------------------
    20 00000294 8B7604              <1>         mov si, [bp + 4]                          ; SI = SRCバッファ
    21                              <1> 
    22 00000297 B80000              <1>         mov ax, 0
    23 0000029A 8EC0                <1>         mov es, ax
    24 0000029C 89C7                <1>         mov di, ax
    25                              <1> 
    26 0000029E B408                <1>         mov ah, 8
    27 000002A0 8A14                <1>         mov dl, [si + drive.no]
    28 000002A2 CD13                <1>         int 0x13
    29                              <1> .10Q:
    30 000002A4 721B                <1>         jc .10F
    31                              <1> .10T:
    32 000002A6 88C8                <1>         mov al, cl
    33 000002A8 83E03F              <1>         and ax, 0x3F
    34                              <1> 
    35 000002AB C0E906              <1>         shr cl, 6
    36 000002AE C1C908              <1>         ror cx, 8
    37 000002B1 41                  <1>         inc cx
    38                              <1> 
    39 000002B2 0FB6DE              <1>         movzx bx, dh
    40 000002B5 43                  <1>         inc bx
    41                              <1> 
    42 000002B6 894C02              <1>         mov [si + drive.cyln], cx
    43 000002B9 895C04              <1>         mov [si + drive.head], bx
    44 000002BC 894406              <1>         mov [si + drive.sect], ax
    45                              <1> 
    46 000002BF EB03                <1>         jmp .10E
    47                              <1> .10F:
    48 000002C1 B80000              <1>         mov ax, 0
    49                              <1> .10E:
    50                              <1> 
    51                              <1>         ;-----------------------------------------
    52                              <1>         ; 【レジスタの復帰】
    53                              <1>         ;-----------------------------------------
    54 000002C4 5F                  <1>         pop di
    55 000002C5 5E                  <1>         pop si
    56 000002C6 07                  <1>         pop es
    57 000002C7 59                  <1>         pop cx
    58 000002C8 5B                  <1>         pop bx
    59                              <1> 
    60                              <1>         ;-----------------------------------------
    61                              <1>         ; 【スタックフレームの破棄】
    62                              <1>         ;-----------------------------------------
    63 000002C9 89EC                <1>         mov sp, bp
    64 000002CB 5D                  <1>         pop bp
    65                              <1> 
    66 000002CC C3                  <1>         ret
   128                                  %include "../modules/real/get_font_adr.s"
     1                              <1> get_font_adr:
     2                              <1>         ;-----------------------------------------
     3                              <1>         ; 【スタックフレームの構築】
     4                              <1>         ;-----------------------------------------
     5 000002CD 55                  <1>         push bp
     6 000002CE 89E5                <1>         mov bp, sp
     7                              <1> 
     8                              <1>         ;-----------------------------------------
     9                              <1>         ; 【レジスタの保存】
    10                              <1>         ;-----------------------------------------
    11 000002D0 50                  <1>         push ax
    12 000002D1 53                  <1>         push bx
    13 000002D2 56                  <1>         push si
    14 000002D3 06                  <1>         push es
    15 000002D4 55                  <1>         push bp
    16                              <1> 
    17                              <1>         ;-----------------------------------------
    18                              <1>         ; 引数を取得
    19                              <1>         ;-----------------------------------------
    20 000002D5 8B7604              <1>         mov si, [bp + 4]                          ; FONTアドレスの保存先
    21                              <1> 
    22                              <1>         ;-----------------------------------------
    23                              <1>         ; フォントアドレスの取得
    24                              <1>         ;-----------------------------------------
    25 000002D8 B83011              <1>         mov ax, 0x1130
    26 000002DB B706                <1>         mov bh, 0x06
    27 000002DD CD10                <1>         int 10h
    28                              <1> 
    29                              <1>         ;-----------------------------------------
    30                              <1>         ; FONTアドレスを保存
    31                              <1>         ;-----------------------------------------
    32 000002DF 8C04                <1>         mov [si + 0], es
    33 000002E1 896C02              <1>         mov [si + 2], bp
    34                              <1> 
    35                              <1>         ;-----------------------------------------
    36                              <1>         ; 【レジスタの復帰】
    37                              <1>         ;-----------------------------------------
    38 000002E4 5D                  <1>         pop bp
    39 000002E5 07                  <1>         pop es
    40 000002E6 5E                  <1>         pop si
    41 000002E7 5B                  <1>         pop bx
    42 000002E8 58                  <1>         pop ax
    43                              <1> 
    44                              <1>         ;-----------------------------------------
    45                              <1>         ; 【スタックフレームの破棄】
    46                              <1>         ;-----------------------------------------
    47 000002E9 89EC                <1>         mov sp, bp
    48 000002EB 5D                  <1>         pop bp
    49                              <1> 
    50 000002EC C3                  <1>         ret
   129                                  %include "../modules/real/get_mem_info.s"
     1                              <1> get_mem_info:
     2                              <1>         ;-----------------------------------------
     3                              <1>         ; 【レジスタの保存】
     4                              <1>         ;-----------------------------------------
     5 000002ED 6650                <1>         push eax
     6 000002EF 6653                <1>         push ebx
     7 000002F1 6651                <1>         push ecx
     8 000002F3 6652                <1>         push edx
     9 000002F5 56                  <1>         push si
    10 000002F6 57                  <1>         push di
    11 000002F7 55                  <1>         push bp
    12                              <1> 
    13                              <1> ALIGN 4, db 0
    14 000002F8 00<rept>            <1> .b0:    times E820_RECORD_SIZE db 0
    15                              <1> 
    16 0000030C 68[A003]E892FD83C4- <1>         cdecl puts, .s0
    16 00000314 02                  <1>
    17                              <1> 
    18                              <1>         ; メモリ情報を取得する
    19 00000315 BD0000              <1>         mov bp, 0
    20 00000318 66BB00000000        <1>         mov ebx, 0
    21                              <1> .10L:
    22 0000031E 66B820E80000        <1>         mov eax, 0x0000E820
    23 00000324 66B914000000        <1>         mov ecx, E820_RECORD_SIZE
    24 0000032A 66BA50414D53        <1>         mov edx, 'PAMS'
    25 00000330 BF[F802]            <1>         mov di, .b0
    26 00000333 CD15                <1>         int 0x15
    27                              <1> 
    28                              <1>         ; コマンドに対応か？
    29 00000335 663D50414D53        <1>         cmp eax, 'PAMS'
    30 0000033B 7402                <1>         je .12E
    31 0000033D EB4C                <1>         jmp .10E
    32                              <1> .12E:
    33                              <1>         ; エラーなし？
    34 0000033F 7302                <1>         jnc .14E
    35 00000341 EB48                <1>         jmp .10E
    36                              <1> .14E:
    37                              <1>         ; 1レコード分のメモリ情報を表示
    38 00000343 57E8E40083C402      <1>         cdecl put_mem_info, di
    39                              <1> 
    40                              <1>         ; ACPI dataのアドレスを取得
    41 0000034A 668B4510            <1>         mov eax, [di + 16]
    42 0000034E 6683F803            <1>         cmp eax, 3
    43 00000352 750F                <1>         jne .15E
    44                              <1> 
    45 00000354 668B05              <1>         mov eax, [di + 0]
    46 00000357 66A3[0402]          <1>         mov [ACPI_DATA.adr], eax
    47                              <1> 
    48 0000035B 668B4508            <1>         mov eax, [di + 8]
    49 0000035F 66A3[0802]          <1>         mov [ACPI_DATA.len], eax
    50                              <1> .15E:
    51 00000363 6683FB00            <1>         cmp ebx, 0
    52 00000367 741C                <1>         jz .16E
    53                              <1> 
    54 00000369 45                  <1>         inc bp
    55 0000036A 83E507              <1>         and bp, 0x07
    56 0000036D 7516                <1>         jnz .16E
    57                              <1> 
    58 0000036F 68[1304]E82FFD83C4- <1>         cdecl puts, .s2
    58 00000377 02                  <1>
    59                              <1> 
    60 00000378 B410                <1>         mov ah, 0x10
    61 0000037A CD16                <1>         int 0x16
    62                              <1> 
    63 0000037C 68[1E04]E822FD83C4- <1>         cdecl puts, .s3
    63 00000384 02                  <1>
    64                              <1> .16E:
    65 00000385 6683FB00            <1>         cmp ebx, 0
    66 00000389 7593                <1>         jne .10L
    67                              <1> .10E:
    68 0000038B 68[E303]E813FD83C4- <1>         cdecl puts, .s1
    68 00000393 02                  <1>
    69                              <1> 
    70                              <1>         ;-----------------------------------------
    71                              <1>         ; 【レジスタの復帰】
    72                              <1>         ;-----------------------------------------
    73 00000394 5D                  <1>         pop bp
    74 00000395 5F                  <1>         pop di
    75 00000396 5E                  <1>         pop si
    76 00000397 665A                <1>         pop edx
    77 00000399 6659                <1>         pop ecx
    78 0000039B 665B                <1>         pop ebx
    79 0000039D 6658                <1>         pop eax
    80                              <1> 
    81 0000039F C3                  <1>         ret
    82                              <1> 
    83                              <1>         ;------------------------------------------
    84                              <1>         ; データ
    85                              <1>         ;------------------------------------------
    86 000003A0 2045383230204D656D- <1> .s0:	db " E820 Memory Map:", 0x0A, 0x0D
    86 000003A9 6F7279204D61703A0A- <1>
    86 000003B2 0D                  <1>
    87 000003B3 20426173655F5F5F5F- <1> 	db " Base_____________ Length___________ Type____", 0x0A, 0x0D, 0
    87 000003BC 5F5F5F5F5F5F5F5F5F- <1>
    87 000003C5 204C656E6774685F5F- <1>
    87 000003CE 5F5F5F5F5F5F5F5F5F- <1>
    87 000003D7 20547970655F5F5F5F- <1>
    87 000003E0 0A0D00              <1>
    88 000003E3 202D2D2D2D2D2D2D2D- <1> .s1:	db " ----------------- ----------------- --------", 0x0A, 0x0D, 0
    88 000003EC 2D2D2D2D2D2D2D2D2D- <1>
    88 000003F5 202D2D2D2D2D2D2D2D- <1>
    88 000003FE 2D2D2D2D2D2D2D2D2D- <1>
    88 00000407 202D2D2D2D2D2D2D2D- <1>
    88 00000410 0A0D00              <1>
    89 00000413 203C6D6F72652E2E2E- <1> .s2:    db " <more...>", 0
    89 0000041C 3E00                <1>
    90 0000041E 0D2020202020202020- <1> .s3:    db 0x0D, "          ", 0x0D, 0
    90 00000427 20200D00            <1>
    91                              <1> 
    92                              <1> put_mem_info:
    93                              <1>         ;------------------------------------------
    94                              <1>         ; 【スタックフレームの構築】
    95                              <1>         ;------------------------------------------
    96 0000042B 55                  <1>         push bp
    97 0000042C 89E5                <1>         mov bp, sp
    98                              <1> 
    99                              <1>         ;-----------------------------------------
   100                              <1>         ; 【レジスタの保存】
   101                              <1>         ;-----------------------------------------
   102 0000042E 53                  <1>         push bx
   103 0000042F 56                  <1>         push si
   104                              <1> 
   105                              <1>         ;-----------------------------------------
   106                              <1>         ; 引数を取得
   107                              <1>         ;-----------------------------------------
   108 00000430 8B7604              <1>         mov si, [bp + 4]
   109                              <1> 
   110                              <1>         ;-----------------------------------------
   111                              <1>         ; レコードの表示
   112                              <1>         ;-----------------------------------------
   113                              <1>         ; Base(64bit)
   114 00000433 6A046A106A0468-     <1>         cdecl itoa, word[si + 6], .p2 + 0, 4, 16, 0b0100
   114 0000043A [0A05]FF7406E8CAFD- <1>
   114 00000442 83C40A              <1>
   115 00000445 6A046A106A0468-     <1>         cdecl itoa, word[si + 4], .p2 + 4, 4, 16, 0b0100
   115 0000044C [0E05]FF7404E8B8FD- <1>
   115 00000454 83C40A              <1>
   116 00000457 6A046A106A0468-     <1>         cdecl itoa, word[si + 2], .p3 + 0, 4, 16, 0b0100
   116 0000045E [1305]FF7402E8A6FD- <1>
   116 00000466 83C40A              <1>
   117 00000469 6A046A106A0468-     <1>         cdecl itoa, word[si + 0], .p3 + 4, 4, 16, 0b0100
   117 00000470 [1705]FF34E895FD83- <1>
   117 00000478 C40A                <1>
   118                              <1> 
   119                              <1>         ; Length(64bit)
   120 0000047A 6A046A106A0468-     <1>         cdecl itoa, word[si + 14], .p4 + 0, 4, 16, 0b0100
   120 00000481 [1C05]FF740EE883FD- <1>
   120 00000489 83C40A              <1>
   121 0000048C 6A046A106A0468-     <1>         cdecl itoa, word[si + 12], .p4 + 4, 4, 16, 0b0100
   121 00000493 [2005]FF740CE871FD- <1>
   121 0000049B 83C40A              <1>
   122 0000049E 6A046A106A0468-     <1>         cdecl itoa, word[si + 10], .p5 + 0, 4, 16, 0b0100
   122 000004A5 [2505]FF740AE85FFD- <1>
   122 000004AD 83C40A              <1>
   123 000004B0 6A046A106A0468-     <1>         cdecl itoa, word[si + 8], .p5 + 4, 4, 16, 0b0100
   123 000004B7 [2905]FF7408E84DFD- <1>
   123 000004BF 83C40A              <1>
   124                              <1> 
   125                              <1>         ; Type(32bit)
   126 000004C2 6A046A106A0468-     <1>         cdecl itoa, word[si + 18], .p6 + 0, 4, 16, 0b0100
   126 000004C9 [2E05]FF7412E83BFD- <1>
   126 000004D1 83C40A              <1>
   127 000004D4 6A046A106A0468-     <1>         cdecl itoa, word[si + 16], .p6 + 4, 4, 16, 0b0100
   127 000004DB [3205]FF7410E829FD- <1>
   127 000004E3 83C40A              <1>
   128                              <1> 
   129 000004E6 68[0905]E8B8FB83C4- <1>         cdecl puts, .s1
   129 000004EE 02                  <1>
   130                              <1> 
   131 000004EF 8B5C10              <1>         mov bx, [si + 16]
   132 000004F2 83E307              <1>         and bx, 0x07
   133 000004F5 D1E3                <1>         shl bx, 1
   134 000004F7 81C3[8B05]          <1>         add bx, .t0
   135 000004FB FF37E8A4FB83C402    <1>         cdecl puts, word[bx]
   136                              <1> 
   137                              <1>         ;-----------------------------------------
   138                              <1>         ; 【レジスタの復帰】
   139                              <1>         ;-----------------------------------------
   140 00000503 5E                  <1>         pop si
   141 00000504 5B                  <1>         pop bx
   142                              <1> 
   143                              <1>         ;-----------------------------------------
   144                              <1>         ; 【スタックフレームの破棄】
   145                              <1>         ;-----------------------------------------
   146 00000505 89EC                <1>         mov sp, bp
   147 00000507 5D                  <1>         pop bp
   148                              <1> 
   149 00000508 C3                  <1>         ret
   150                              <1> 
   151                              <1>         ;------------------------------------------
   152                              <1>         ; データ
   153                              <1>         ;------------------------------------------
   154 00000509 20                  <1> .s1:    db " "
   155 0000050A 5A5A5A5A5A5A5A5A5F  <1> .p2:    db "ZZZZZZZZ_"
   156 00000513 5A5A5A5A5A5A5A5A20  <1> .p3:    db "ZZZZZZZZ "
   157 0000051C 5A5A5A5A5A5A5A5A5F  <1> .p4:    db "ZZZZZZZZ_"
   158 00000525 5A5A5A5A5A5A5A5A20  <1> .p5:    db "ZZZZZZZZ "
   159 0000052E 5A5A5A5A5A5A5A5A00  <1> .p6:    db "ZZZZZZZZ", 0
   160                              <1> 
   161 00000537 2028556E6B6E6F776E- <1> .s4:    db " (Unknown)", 0x0A, 0x0D, 0
   161 00000540 290A0D00            <1>
   162 00000544 2028757361626C6529- <1> .s5:    db " (usable)", 0x0A, 0x0D, 0
   162 0000054D 0A0D00              <1>
   163 00000550 202872657365727665- <1> .s6:    db " (reserved)", 0x0A, 0x0D, 0
   163 00000559 64290A0D00          <1>
   164 0000055E 202841435049206461- <1> .s7:    db " (ACPI data)", 0x0A, 0x0D, 0
   164 00000567 7461290A0D00        <1>
   165 0000056D 202841435049204E56- <1> .s8:    db " (ACPI NVS)", 0x0A, 0x0D, 0
   165 00000576 53290A0D00          <1>
   166 0000057B 2028626164206D656D- <1> .s9:    db " (bad memory)", 0x0A, 0x0D, 0
   166 00000584 6F7279290A0D00      <1>
   167                              <1> 
   168 0000058B [3705][4405][5005]- <1> .t0: dw .s4, .s5, .s6, .s7, .s8, .s9, .s4, .s4
   168 00000591 [5E05][6D05][7B05]- <1>
   168 00000597 [3705][3705]        <1>
   130                                  %include "../modules/real/kbc.s"
     1                              <1> KBC_Data_Write:
     2                              <1>         ;-----------------------------------------
     3                              <1>         ; 【スタックフレームの構築】
     4                              <1>         ;-----------------------------------------
     5 0000059B 55                  <1>         push bp
     6 0000059C 89E5                <1>         mov bp, sp
     7                              <1> 
     8                              <1>         ;-----------------------------------------
     9                              <1>         ; 【レジスタの保存】
    10                              <1>         ;-----------------------------------------
    11 0000059E 51                  <1>         push cx
    12                              <1> 
    13                              <1>         ;-----------------------------------------
    14                              <1>         ; 書き込み処理
    15                              <1>         ;-----------------------------------------
    16 0000059F B90000              <1>         mov cx, 0
    17                              <1> .10L:
    18 000005A2 E464                <1>         in al, 0x64
    19 000005A4 A802                <1>         test al, 0x02
    20 000005A6 E0FA                <1>         loopnz .10L
    21                              <1> 
    22 000005A8 83F900              <1>         cmp cx, 0
    23 000005AB 7405                <1>         jz .20E
    24                              <1> 
    25 000005AD 8A4604              <1>         mov al, [bp + 4]
    26 000005B0 E660                <1>         out 0x60, al
    27                              <1> .20E:
    28 000005B2 89C8                <1>         mov ax, cx
    29                              <1> 
    30                              <1>         ;-----------------------------------------
    31                              <1>         ; 【レジスタの復帰】
    32                              <1>         ;-----------------------------------------
    33 000005B4 59                  <1>         pop cx
    34                              <1> 
    35                              <1>         ;-----------------------------------------
    36                              <1>         ; 【スタックフレームの破棄】
    37                              <1>         ;-----------------------------------------
    38 000005B5 89EC                <1>         mov sp, bp
    39 000005B7 5D                  <1>         pop bp
    40                              <1> 
    41 000005B8 C3                  <1>         ret
    42                              <1> 
    43                              <1> KBC_Data_Read:
    44                              <1>         ;-----------------------------------------
    45                              <1>         ; 【スタックフレームの構築】
    46                              <1>         ;-----------------------------------------
    47 000005B9 55                  <1>         push bp
    48 000005BA 89E5                <1>         mov bp, sp
    49                              <1> 
    50                              <1>         ;-----------------------------------------
    51                              <1>         ; 【レジスタの保存】
    52                              <1>         ;-----------------------------------------
    53 000005BC 51                  <1>         push cx
    54                              <1> 
    55                              <1>         ;-----------------------------------------
    56                              <1>         ; 読み込み処理
    57                              <1>         ;-----------------------------------------
    58 000005BD B90000              <1>         mov cx, 0
    59                              <1> .10L:
    60 000005C0 E464                <1>         in al, 0x64
    61 000005C2 A801                <1>         test al, 0x01
    62 000005C4 E1FA                <1>         loopz .10L
    63                              <1> 
    64 000005C6 83F900              <1>         cmp cx, 0
    65 000005C9 7409                <1>         jz .20E
    66                              <1> 
    67 000005CB B400                <1>         mov ah, 0x00
    68 000005CD E460                <1>         in al, 0x60
    69                              <1> 
    70 000005CF 8B7E04              <1>         mov di, [bp + 4]
    71 000005D2 8905                <1>         mov [di + 0], ax
    72                              <1> .20E:
    73 000005D4 89C8                <1>         mov ax, cx
    74                              <1> 
    75                              <1>         ;-----------------------------------------
    76                              <1>         ; 【レジスタの復帰】
    77                              <1>         ;-----------------------------------------
    78 000005D6 59                  <1>         pop cx
    79                              <1> 
    80                              <1>         ;-----------------------------------------
    81                              <1>         ; 【スタックフレームの破棄】
    82                              <1>         ;-----------------------------------------
    83 000005D7 89EC                <1>         mov sp, bp
    84 000005D9 5D                  <1>         pop bp
    85                              <1> 
    86 000005DA C3                  <1>         ret
    87                              <1> 
    88                              <1> KBC_Cmd_Write:
    89                              <1>         ;-----------------------------------------
    90                              <1>         ; 【スタックフレームの構築】
    91                              <1>         ;-----------------------------------------
    92 000005DB 55                  <1>         push bp
    93 000005DC 89E5                <1>         mov bp, sp
    94                              <1> 
    95                              <1>         ;-----------------------------------------
    96                              <1>         ; 【レジスタの保存】
    97                              <1>         ;-----------------------------------------
    98 000005DE 51                  <1>         push cx
    99                              <1> 
   100                              <1>         ;-----------------------------------------
   101                              <1>         ; コマンド書き込み
   102                              <1>         ;-----------------------------------------
   103 000005DF B90000              <1>         mov cx, 0
   104                              <1> .10L:
   105 000005E2 E464                <1>         in al, 0x64
   106 000005E4 A802                <1>         test al, 0x02
   107 000005E6 E0FA                <1>         loopnz .10L
   108                              <1> 
   109 000005E8 83F900              <1>         cmp cx, 0
   110 000005EB 7405                <1>         jz .20E
   111                              <1> 
   112 000005ED 8A4604              <1>         mov al, [bp + 4]
   113 000005F0 E664                <1>         out 0x64, al
   114                              <1> .20E:
   115 000005F2 89C8                <1>         mov ax, cx
   116                              <1> 
   117                              <1>         ;-----------------------------------------
   118                              <1>         ; 【レジスタの復帰】
   119                              <1>         ;-----------------------------------------
   120 000005F4 59                  <1>         pop cx
   121                              <1> 
   122                              <1>         ;-----------------------------------------
   123                              <1>         ; 【スタックフレームの破棄】
   124                              <1>         ;-----------------------------------------
   125 000005F5 89EC                <1>         mov sp, bp
   126 000005F7 5D                  <1>         pop bp
   127                              <1> 
   128 000005F8 C3                  <1>         ret
   131                                  %include "../modules/real/lba_chs.s"
     1                              <1> lba_chs:
     2                              <1>         ;-----------------------------------------
     3                              <1>         ; 【スタックフレームの構築】
     4                              <1>         ;-----------------------------------------
     5 000005F9 55                  <1>         push bp
     6 000005FA 89E5                <1>         mov bp, sp
     7                              <1> 
     8                              <1>         ;-----------------------------------------
     9                              <1>         ; 【レジスタの保存】
    10                              <1>         ;-----------------------------------------
    11 000005FC 50                  <1>         push ax
    12 000005FD 53                  <1>         push bx
    13 000005FE 52                  <1>         push dx
    14 000005FF 56                  <1>         push si
    15 00000600 57                  <1>         push di
    16                              <1> 
    17                              <1>         ;-----------------------------------------
    18                              <1>         ; セクタ数の計算
    19                              <1>         ;-----------------------------------------
    20 00000601 8B7604              <1>         mov si, [bp + 4]
    21 00000604 8B7E06              <1>         mov di, [bp + 6]
    22                              <1> 
    23 00000607 8A4404              <1>         mov al, [si + drive.head]
    24 0000060A F66406              <1>         mul byte [si + drive.sect]
    25 0000060D 89C3                <1>         mov bx, ax
    26                              <1> 
    27 0000060F BA0000              <1>         mov dx, 0
    28 00000612 8B4608              <1>         mov ax, [bp + 8]
    29 00000615 F7F3                <1>         div bx
    30                              <1> 
    31 00000617 894502              <1>         mov [di + drive.cyln], ax
    32                              <1> 
    33 0000061A 89D0                <1>         mov ax, dx
    34 0000061C F67406              <1>         div byte [si + drive.sect]
    35                              <1> 
    36 0000061F 0FB6D4              <1>         movzx dx, ah
    37 00000622 42                  <1>         inc dx
    38                              <1> 
    39 00000623 B400                <1>         mov ah, 0x00
    40                              <1> 
    41 00000625 894504              <1>         mov [di + drive.head], ax
    42 00000628 895506              <1>         mov [di + drive.sect], dx
    43                              <1> 
    44                              <1>         ;-----------------------------------------
    45                              <1>         ; 【レジスタの復帰】
    46                              <1>         ;-----------------------------------------
    47 0000062B 5F                  <1>         pop di
    48 0000062C 5E                  <1>         pop si
    49 0000062D 5A                  <1>         pop dx
    50 0000062E 5B                  <1>         pop bx
    51 0000062F 58                  <1>         pop ax
    52                              <1> 
    53                              <1>         ;-----------------------------------------
    54                              <1>         ; 【スタックフレームの破棄】
    55                              <1>         ;-----------------------------------------
    56 00000630 89EC                <1>         mov sp, bp
    57 00000632 5D                  <1>         pop bp
    58                              <1> 
    59 00000633 C3                  <1>         ret
   132                                  %include "../modules/real/read_lba.s"
     1                              <1> read_lba:
     2                              <1>         ;-----------------------------------------
     3                              <1>         ; 【スタックフレームの構築】
     4                              <1>         ;-----------------------------------------
     5 00000634 55                  <1>         push bp
     6 00000635 89E5                <1>         mov bp, sp
     7                              <1> 
     8                              <1>         ;-----------------------------------------
     9                              <1>         ; 【レジスタの保存】
    10                              <1>         ;-----------------------------------------
    11 00000637 56                  <1>         push si
    12                              <1> 
    13                              <1>         ;-----------------------------------------
    14                              <1>         ; 【前処理】
    15                              <1>         ;-----------------------------------------
    16 00000638 8B7604              <1>         mov si, [bp + 4]
    17                              <1> 
    18                              <1>         ;-----------------------------------------
    19                              <1>         ; LBA→CHS変換
    20                              <1>         ;-----------------------------------------
    21 0000063B 8B4606              <1>         mov ax, [bp + 6]
    22 0000063E 5068[6206]56E8B3FF- <1>         cdecl lba_chs, si, .chs, ax
    22 00000646 83C406              <1>
    23                              <1> 
    24                              <1>         ;-----------------------------------------
    25                              <1>         ; ドライブ番号のコピー
    26                              <1>         ;-----------------------------------------
    27 00000649 8A04                <1>         mov al, [si + drive.no]
    28 0000064B A2[6206]            <1>         mov [.chs + drive.no], al
    29                              <1> 
    30                              <1>         ;-----------------------------------------
    31                              <1>         ; セクタの読み込み
    32                              <1>         ;-----------------------------------------
    33 0000064E FF760AFF760868-     <1>         cdecl read_chs, .chs, word[bp + 8], word[bp + 10]
    33 00000655 [6206]E8A8FA83C406  <1>
    34                              <1> 
    35                              <1>         ;-----------------------------------------
    36                              <1>         ; 【レジスタの復帰】
    37                              <1>         ;-----------------------------------------
    38 0000065D 5E                  <1>         pop si
    39                              <1> 
    40                              <1>         ;-----------------------------------------
    41                              <1>         ; 【スタックフレームの破棄】
    42                              <1>         ;-----------------------------------------
    43 0000065E 89EC                <1>         mov sp, bp
    44 00000660 5D                  <1>         pop bp
    45                              <1> 
    46 00000661 C3                  <1>         ret
    47                              <1> 
    48                              <1> ALIGN 2
    49 00000662 00<rept>            <1> .chs:   times drive_size db 0
   133                                  
   134                                  ;***********************************************************
   135                                  ;  ブート処理の第2ステージ
   136                                  ;***********************************************************
   137                                  stage_2:
   138                                          ;------------------------------------------
   139                                          ; 文字列を表示
   140                                          ;------------------------------------------
   141 0000066A 68[E406]E834FA83C4-             cdecl puts, .s0
   141 00000672 02                 
   142                                  
   143                                          ;------------------------------------------
   144                                          ; ドライブ情報を取得
   145                                          ;------------------------------------------
   146 00000673 68[9C00]E813FC83C4-             cdecl get_drive_param, BOOT
   146 0000067B 02                 
   147 0000067C 83F800                          cmp ax, 0
   148                                  .10Q:
   149 0000067F 750C                            jne .10E
   150                                  .10T:
   151 00000681 68[1B07]E81DFA83C4-             cdecl puts, .e0
   151 00000689 02                 
   152 0000068A E836FA                          call reboot
   153                                  .10E:
   154                                  
   155                                          ;------------------------------------------
   156                                          ; ドライブ情報を取得
   157                                          ;------------------------------------------
   158 0000068D A1[9C00]                        mov ax, [BOOT + drive.no]
   159 00000690 6A046A106A0268-                 cdecl itoa, ax, .p1, 2, 16, 0b0100
   159 00000697 [FC06]50E86FFB83C4-
   159 0000069F 0A                 
   160 000006A0 A1[9E00]                        mov ax, [BOOT + drive.cyln]
   161 000006A3 6A046A106A0468-                 cdecl itoa, ax, .p2, 4, 16, 0b0100
   161 000006AA [0407]50E85CFB83C4-
   161 000006B2 0A                 
   162 000006B3 A1[A000]                        mov ax, [BOOT + drive.head]
   163 000006B6 6A046A106A0268-                 cdecl itoa, ax, .p3, 2, 16, 0b0100
   163 000006BD [0E07]50E849FB83C4-
   163 000006C5 0A                 
   164 000006C6 A1[A200]                        mov ax, [BOOT + drive.sect]
   165 000006C9 6A046A106A0268-                 cdecl itoa, ax, .p4, 2, 16, 0b0100
   165 000006D0 [1607]50E836FB83C4-
   165 000006D8 0A                 
   166 000006D9 68[F306]E8C5F983C4-             cdecl puts, .s1
   166 000006E1 02                 
   167                                  
   168                                          ;------------------------------------------
   169                                          ; 次のステージへ移行
   170                                          ;------------------------------------------
   171 000006E2 EB52                            jmp stage_3rd
   172                                  
   173                                          ;------------------------------------------
   174                                          ; データ
   175                                          ;------------------------------------------
   176 000006E4 326E64207374616765-     .s0     db "2nd stage...", 0x0A, 0x0D, 0
   176 000006ED 2E2E2E0A0D00       
   177 000006F3 2044726976653A3078      .s1     db " Drive:0x"
   178 000006FC 20202C20433A3078        .p1     db "  , C:0x"
   179 00000704 202020202C20483A30-     .p2     db "    , H:0x"
   179 0000070D 78                 
   180 0000070E 20202C20533A3078        .p3     db "  , S:0x"
   181 00000716 20200A0D00              .p4     db "  ", 0x0A, 0x0D, 0
   182 0000071B 43616E277420676574-     .e0     db "Can't get drive parameter.", 0
   182 00000724 206472697665207061-
   182 0000072D 72616D657465722E00 
   183                                  
   184                                  ;***********************************************************
   185                                  ;  ブート処理の第3ステージ
   186                                  ;***********************************************************
   187                                  stage_3rd:
   188                                          ;------------------------------------------
   189                                          ; 文字列を表示
   190                                          ;------------------------------------------
   191 00000736 68[B307]E868F983C4-             cdecl puts, .s0
   191 0000073E 02                 
   192                                  
   193                                          ;------------------------------------------
   194                                          ; プロテクトモードで使用するフォントは、
   195                                          ; BIOSに内蔵されたものを流用する
   196                                          ;------------------------------------------
   197 0000073F 68[0002]E888FB83C4-             cdecl get_font_adr, FONT
   197 00000747 02                 
   198                                  
   199                                          ;------------------------------------------
   200                                          ; フォントアドレスの表示
   201                                          ;------------------------------------------
   202 00000748 6A046A106A0468-                 cdecl itoa, word[FONT.seg], .p1, 4, 16, 0b0100
   202 0000074F [D007]FF36[0002]E8-
   202 00000756 B4FA83C40A         
   203 0000075B 6A046A106A0468-                 cdecl itoa, word[FONT.off], .p2, 4, 16, 0b0100
   203 00000762 [D507]FF36[0202]E8-
   203 00000769 A1FA83C40A         
   204 0000076E 68[C207]E830F983C4-             cdecl puts, .s1
   204 00000776 02                 
   205                                  
   206                                          ;------------------------------------------
   207                                          ; メモリ情報の取得と表示
   208                                          ;------------------------------------------
   209 00000777 E873FB                          cdecl get_mem_info
   210                                  
   211 0000077A 66A1[0402]                      mov eax, [ACPI_DATA.adr]
   212 0000077E 6683F800                        cmp eax, 0
   213 00000782 742D                            je .10E
   214                                  
   215 00000784 6A046A106A0468-                 cdecl itoa, ax, .p4, 4, 16, 0b0100
   215 0000078B [EE07]50E87BFA83C4-
   215 00000793 0A                 
   216 00000794 66C1E810                        shr eax, 16
   217 00000798 6A046A106A0468-                 cdecl itoa, ax, .p3, 4, 16, 0b0100
   217 0000079F [EA07]50E867FA83C4-
   217 000007A7 0A                 
   218 000007A8 68[DF07]E8F6F883C4-             cdecl puts, .s2
   218 000007B0 02                 
   219                                  .10E:
   220                                  
   221                                          ;------------------------------------------
   222                                          ; 次のステージへ移行
   223                                          ;------------------------------------------
   224 000007B1 EB42                            jmp stage_4
   225                                  
   226                                          ;------------------------------------------
   227                                          ; データ
   228                                          ;------------------------------------------
   229 000007B3 337264207374616765-     .s0     db "3rd stage...", 0x0A, 0x0D, 0
   229 000007BC 2E2E2E0A0D00       
   230 000007C2 20466F6E7420416464-     .s1     db " Font Address="
   230 000007CB 726573733D         
   231 000007D0 5A5A5A5A3A              .p1     db "ZZZZ:"
   232 000007D5 5A5A5A5A0A0D00          .p2     db "ZZZZ", 0x0A, 0x0D, 0
   233 000007DC 0A0D00                          db 0x0A, 0x0D, 0
   234 000007DF 204143504920646174-     .s2     db " ACPI data="
   234 000007E8 613D               
   235 000007EA 5A5A5A5A                .p3     db "ZZZZ"
   236 000007EE 5A5A5A5A0A0D00          .p4     db "ZZZZ", 0x0A, 0x0D, 0
   237                                  
   238                                  ;***********************************************************
   239                                  ;  ブート処理の第4ステージ
   240                                  ;***********************************************************
   241                                  stage_4:
   242                                          ;------------------------------------------
   243                                          ; 文字列を表示
   244                                          ;------------------------------------------
   245 000007F5 68[C908]E8A9F883C4-             cdecl puts, .s0
   245 000007FD 02                 
   246                                  
   247                                          ;------------------------------------------
   248                                          ; A20ゲートの有効化
   249                                          ;------------------------------------------
   250 000007FE FA                              cli
   251                                  
   252 000007FF 68AD00E8D6FD83C402              cdecl KBC_Cmd_Write, 0xAD
   253                                  
   254 00000808 68D000E8CDFD83C402              cdecl KBC_Cmd_Write, 0xD0
   255 00000811 68[1209]E8A2FD83C4-             cdecl KBC_Data_Read, .key
   255 00000819 02                 
   256                                  
   257 0000081A 8A1E[1209]                      mov bl, [.key]
   258 0000081E 80CB02                          or bl, 0x02
   259                                  
   260 00000821 68D100E8B4FD83C402              cdecl KBC_Cmd_Write, 0xD1
   261 0000082A 53E86DFD83C402                  cdecl KBC_Data_Write, bx
   262                                  
   263 00000831 68AE00E8A4FD83C402              cdecl KBC_Cmd_Write, 0xAE
   264                                  
   265 0000083A FB                              sti
   266                                  
   267                                          ;------------------------------------------
   268                                          ; 文字列を表示
   269                                          ;------------------------------------------
   270 0000083B 68[D808]E863F883C4-             cdecl puts, .s1
   270 00000843 02                 
   271                                  
   272                                          ;------------------------------------------
   273                                          ; キーボードLEDのテスト
   274                                          ;------------------------------------------
   275 00000844 68[ED08]E85AF883C4-             cdecl puts, .s2
   275 0000084C 02                 
   276                                  
   277 0000084D BB0000                          mov bx, 0
   278                                  .10L:
   279 00000850 B400                            mov ah, 0x00
   280 00000852 CD16                            int 0x16
   281                                  
   282 00000854 3C31                            cmp al, '1'
   283 00000856 7266                            jb .10E
   284                                  
   285 00000858 3C33                            cmp al, '3'
   286 0000085A 7762                            ja .10E
   287                                  
   288 0000085C 88C1                            mov cl, al
   289 0000085E FEC9                            dec cl
   290 00000860 80E103                          and cl, 0x03
   291 00000863 B80100                          mov ax, 0x0001
   292 00000866 D3E0                            shl ax, cl
   293 00000868 31C3                            xor bx, ax
   294                                  
   295                                          ;------------------------------------------
   296                                          ; LEDコマンドの送信
   297                                          ;------------------------------------------
   298 0000086A FA                              cli
   299                                  
   300 0000086B 68AD00E86AFD83C402              cdecl KBC_Cmd_Write, 0xAD
   301                                  
   302 00000874 68ED00E821FD83C402              cdecl KBC_Data_Write, 0xED
   303 0000087D 68[1209]E836FD83C4-             cdecl KBC_Data_Read, .key
   303 00000885 02                 
   304                                  
   305 00000886 803E[1209]FA                    cmp [.key], byte 0xFA
   306 0000088B 7509                            jne .11F
   307                                  
   308 0000088D 53E80AFD83C402                  cdecl KBC_Data_Write, bx
   309 00000894 EB1C                            jmp .11E
   310                                  .11F:
   311 00000896 6A046A106A0268-                 cdecl itoa, word[.key], .e1, 2, 16, 0b0100
   311 0000089D [0E09]FF36[1209]E8-
   311 000008A4 66F983C40A         
   312 000008A9 68[0D09]E8F5F783C4-             cdecl puts, .e0
   312 000008B1 02                 
   313                                  .11E:
   314 000008B2 68AE00E823FD83C402              cdecl KBC_Cmd_Write, 0xAE
   315                                  
   316 000008BB FB                              sti
   317                                  
   318 000008BC EB92                            jmp .10L
   319                                  .10E:
   320                                  
   321                                          ;------------------------------------------
   322                                          ; 文字列を表示
   323                                          ;------------------------------------------
   324 000008BE 68[0309]E8E0F783C4-             cdecl puts, .s3
   324 000008C6 02                 
   325                                  
   326                                          ;------------------------------------------
   327                                          ; 次のステージへ移行
   328                                          ;------------------------------------------
   329 000008C7 EB4B                            jmp stage_5
   330                                  
   331                                          ;------------------------------------------
   332                                          ; データ
   333                                          ;------------------------------------------
   334 000008C9 347468207374616765-     .s0:    db "4th stage...", 0x0A, 0x0D, 0
   334 000008D2 2E2E2E0A0D00       
   335 000008D8 204132302047617465-     .s1:    db " A20 Gate Enabled.", 0x0A, 0x0D, 0
   335 000008E1 20456E61626C65642E-
   335 000008EA 0A0D00             
   336 000008ED 204B6579626F617264-     .s2:    db " Keyboard LED Test...", 0
   336 000008F6 204C45442054657374-
   336 000008FF 2E2E2E00           
   337 00000903 2028646F6E65290A0D-     .s3:    db " (done)", 0x0A, 0x0D, 0
   337 0000090C 00                 
   338 0000090D 5B                      .e0:    db "["
   339 0000090E 5A5A5D00                .e1:    db "ZZ]", 0
   340 00000912 0000                    .key:   dw 0
   341                                  
   342                                  ;***********************************************************
   343                                  ;  ブート処理の第5ステージ
   344                                  ;***********************************************************
   345                                  stage_5:
   346                                          ;------------------------------------------
   347                                          ; 文字列を表示
   348                                          ;------------------------------------------
   349 00000914 68[4009]E88AF783C4-             cdecl puts, .s0
   349 0000091C 02                 
   350                                  
   351                                          ;------------------------------------------
   352                                          ; カーネルを読み込む
   353                                          ;------------------------------------------
   354 0000091D 68009C6A106A1068-               cdecl read_lba, BOOT, BOOT_SECT, KERNEL_SECT, BOOT_END
   354 00000925 [9C00]E80AFD83C408 
   355 0000092D 83F810                          cmp ax, KERNEL_SECT
   356                                  .10Q:
   357 00000930 740C                            jz .10E
   358                                  .10T:
   359 00000932 68[4F09]E86CF783C4-             cdecl puts, .e0
   359 0000093A 02                 
   360 0000093B E885F7                          call reboot
   361                                  .10E:
   362                                  
   363                                          ;------------------------------------------
   364                                          ; 次のステージへ移行
   365                                          ;------------------------------------------
   366 0000093E EB29                            jmp stage_6
   367                                  
   368                                          ;------------------------------------------
   369                                          ; データ
   370                                          ;------------------------------------------
   371 00000940 357468207374616765-     .s0:    db "5th stage...", 0x0A, 0x0D, 0
   371 00000949 2E2E2E0A0D00       
   372 0000094F 204661696C75726520-     .e0:    db " Failure load kernel...", 0x0A, 0x0D, 0
   372 00000958 6C6F6164206B65726E-
   372 00000961 656C2E2E2E0A0D00   
   373                                  
   374                                  ;***********************************************************
   375                                  ;  ブート処理の第6ステージ
   376                                  ;***********************************************************
   377                                  stage_6:
   378                                          ;------------------------------------------
   379                                          ; 文字列を表示
   380                                          ;------------------------------------------
   381 00000969 68[8109]E835F783C4-             cdecl puts, .s0
   381 00000971 02                 
   382                                  
   383                                          ;------------------------------------------
   384                                          ; ユーザーからの入力待ち
   385                                          ;------------------------------------------
   386                                  .10L:
   387 00000972 B400                            mov ah, 0x00
   388 00000974 CD16                            int 0x16
   389 00000976 3C20                            cmp al, ' '
   390 00000978 75F8                            jne .10L
   391                                  
   392                                          ;------------------------------------------
   393                                          ; ビデオモードの設定
   394                                          ;------------------------------------------
   395 0000097A B81200                          mov ax, 0x0012
   396 0000097D CD10                            int 0x10
   397                                  
   398                                          ;------------------------------------------
   399                                          ; 次のステージへ移行
   400                                          ;------------------------------------------
   401 0000097F EB5B                            jmp stage_7
   402                                  
   403                                          ;------------------------------------------
   404                                          ; データ
   405                                          ;------------------------------------------
   406 00000981 367468207374616765-     .s0:    db "6th stage...", 0x0A, 0x0D, 0x0A, 0x0D
   406 0000098A 2E2E2E0A0D0A0D     
   407 00000991 205B50757368205350-             db " [Push SPACE key to protect mode...]", 0x0A, 0x0D, 0
   407 0000099A 414345206B65792074-
   407 000009A3 6F2070726F74656374-
   407 000009AC 206D6F64652E2E2E5D-
   407 000009B5 0A0D00             
   408                                  
   409                                  ;***********************************************************
   410                                  ;  GLOBAL DESCRIPTOR TABLE
   411                                  ;  (セグメントディスクリプタの配列)
   412                                  ;***********************************************************
   413                                  ALIGN 4, db 0
   414 000009B8 0000000000000000        GDT:    dq 0x00_0_0_0_0_000000_0000
   415 000009C0 FFFF0000009ACF00        .cs:    dq 0x00_C_F_9_A_000000_FFFF
   416 000009C8 FFFF00000092CF00        .ds:    dq 0x00_C_F_9_2_000000_FFFF
   417                                  .gdt_end:
   418                                  
   419                                  ;==========================================
   420                                  ;  セレクタ
   421                                  ;==========================================
   422                                  SEL_CODE equ .cs - GDT
   423                                  SEL_DATA equ .ds - GDT
   424                                  
   425                                  ;==========================================
   426                                  ;  GDT
   427                                  ;==========================================
   428 000009D0 1700                    GDTR:   dw GDT.gdt_end - GDT - 1
   429 000009D2 [B8090000]                      dd GDT
   430                                  
   431                                  ;==========================================
   432                                  ;  IDT(疑似:割り込み禁止にするため)
   433                                  ;==========================================
   434 000009D6 0000                    IDTR:   dw 0
   435 000009D8 00000000                        dd 0
   436                                  
   437                                  ;***********************************************************
   438                                  ;  ブート処理の第7ステージ
   439                                  ;***********************************************************
   440                                  stage_7:
   441 000009DC FA                              cli
   442                                  
   443                                          ;------------------------------------------
   444                                          ; GDTロード
   445                                          ;------------------------------------------
   446 000009DD 0F0116[D009]                    lgdt [GDTR]
   447 000009E2 0F011E[D609]                    lidt [IDTR]
   448                                  
   449                                          ;------------------------------------------
   450                                          ; プロテクトモードへ移行
   451                                          ;------------------------------------------
   452 000009E7 0F20C0                          mov eax, cr0
   453 000009EA 83C801                          or ax, 1
   454 000009ED 0F22C0                          mov cr0, eax
   455                                  
   456 000009F0 EB00                            jmp $ + 2
   457                                  
   458                                          ;------------------------------------------
   459                                          ; セグメント間ジャンプ
   460                                          ;------------------------------------------
   461                                  [BITS 32]
   462 000009F2 66                              DB 0x66
   463 000009F3 EA[FA090000]0800                jmp SEL_CODE:CODE_32
   464                                  
   465                                  ;***********************************************************
   466                                  ;  32ビットコードを開始
   467                                  ;***********************************************************
   468                                  CODE_32:
   469                                          ;------------------------------------------
   470                                          ; セレクタを初期化
   471                                          ;------------------------------------------
   472 000009FA 66B81000                        mov ax, SEL_DATA
   473 000009FE 8ED8                            mov ds, ax
   474 00000A00 8EC0                            mov es, ax
   475 00000A02 8EE0                            mov fs, ax
   476 00000A04 8EE8                            mov gs, ax
   477 00000A06 8ED0                            mov ss, ax
   478                                  
   479                                          ;------------------------------------------
   480                                          ; カーネル部をコピー
   481                                          ;------------------------------------------
   482 00000A08 B900080000                      mov ecx, (KERNEL_SIZE) / 4
   483 00000A0D BE009C0000                      mov esi, BOOT_END
   484 00000A12 BF00101000                      mov edi, KERNEL_LOAD
   485 00000A17 FC                              cld
   486 00000A18 F3A5                            rep movsd
   487                                  
   488                                          ;------------------------------------------
   489                                          ; カーネル処理に移行
   490                                          ;------------------------------------------
   491 00000A1A E9(00101000)                    jmp KERNEL_LOAD
   492                                  
   493                                  ;***********************************************************
   494                                  ;  パディング（このファイルは8Kバイトとする）
   495                                  ;***********************************************************
   496 00000A1F 00<rept>                        times BOOT_SIZE - ($ - $$) db 0
