     1                                  ;***********************************************************
     2                                  ;  マクロ
     3                                  ;***********************************************************
     4                                  %include "../include/define.s"
     1                              <1> BOOT_LOAD equ 0x7C00                    ; ブートプログラムのロード位置
     2                              <1> 
     3                              <1> BOOT_SIZE equ (1024 * 8)                ; ブートコードサイズ
     4                              <1> SECT_SIZE equ (512)                     ; セクタサイズ
     5                              <1> BOOT_SECT equ (BOOT_SIZE / SECT_SIZE)   ; ブートプログラムのセクタ数
     5                                  %include "../include/macro.s"
     1                              <1> %macro cdecl 1-*.nolist
     2                              <1>     %rep %0 - 1
     3                              <1>         push %{-1:-1}
     4                              <1>         %rotate -1
     5                              <1>     %endrep
     6                              <1>     %rotate -1
     7                              <1> 
     8                              <1>     call %1
     9                              <1> 
    10                              <1>     %if 1 < %0
    11                              <1>         add sp, (__BITS__ >> 3) * (%0 - 1)
    12                              <1>     %endif
    13                              <1> %endmacro
    14                              <1> 
    15                              <1> struc drive
    16 00000000 <res 00000002>      <1>     .no resw 1      ; ドライブ番号
    17 00000002 <res 00000002>      <1>     .cyln resw 1    ; シリンダ
    18 00000004 <res 00000002>      <1>     .head resw 1    ; ヘッド
    19 00000006 <res 00000002>      <1>     .sect resw 1    ; セクタ
    20                              <1> endstruc
     6                                  
     7                                          ORG BOOT_LOAD
     8                                  
     9                                  ;***********************************************************
    10                                  ;  エントリポイント
    11                                  ;***********************************************************
    12                                  entry:
    13                                          ;---------------------------------------
    14                                          ; BPB(BIOS Parameter Block)
    15                                          ;---------------------------------------
    16 00000000 EB58                            jmp ipl
    17 00000002 90<rept>                        times 90 - ($ - $$) db 0x90
    18                                  
    19                                          ;---------------------------------------
    20                                          ; IPL(Initial Program Loader)
    21                                          ;---------------------------------------
    22                                  ipl:
    23 0000005A FA                              cli
    24                                  
    25 0000005B B80000                          mov ax, 0x0000
    26 0000005E 8ED8                            mov ds, ax
    27 00000060 8EC0                            mov es, ax
    28 00000062 8ED0                            mov ss, ax
    29 00000064 BC007C                          mov sp, BOOT_LOAD
    30                                  
    31 00000067 FB                              sti
    32                                  
    33 00000068 8816[B800]                      mov [BOOT + drive.no], dl
    34                                  
    35                                          ;---------------------------------------
    36                                          ; 文字列を表示
    37                                          ;---------------------------------------
    38 0000006C 68[9900]E84E0083C4-             cdecl puts, .s0
    38 00000074 02                 
    39                                  
    40                                          ;---------------------------------------
    41                                          ; 残りのセクタをすべて読み込む
    42                                          ;---------------------------------------
    43 00000075 BB0F00                          mov bx, BOOT_SECT - 1
    44 00000078 B9007E                          mov cx, BOOT_LOAD + SECT_SIZE
    45                                  
    46 0000007B 515368[B800]E89B00-             cdecl read_chs, BOOT, bx, cx
    46 00000083 83C406             
    47                                  
    48 00000086 39D8                            cmp ax, bx
    49                                  .10Q:
    50 00000088 740C                            jz .10E
    51                                  .10T:
    52 0000008A 68[A600]E8300083C4-             cdecl puts, .e0
    52 00000092 02                 
    53 00000093 E84900                          call reboot
    54                                  .10E:
    55                                  
    56                                          ;---------------------------------------
    57                                          ; 次のステージへ移行
    58                                          ;---------------------------------------
    59 00000096 E92802                          jmp stage_2
    60                                  
    61                                          ;---------------------------------------
    62                                          ; データ
    63                                          ;---------------------------------------
    64 00000099 426F6F74696E672E2E-     .s0     db "Booting...", 0x0A, 0x0D, 0
    64 000000A2 2E0A0D00           
    65 000000A6 4572726F723A736563-     .e0     db "Error:sector read", 0
    65 000000AF 746F72207265616400 
    66                                  
    67                                  ;***********************************************************
    68                                  ;  ブートドライブに関する情報
    69                                  ;***********************************************************
    70                                  ALIGN 2, db 0
    71                                  BOOT:
    72                                          istruc drive
    73 000000B8 0000                                at drive.no, dw 0
    74 000000BA 0000                                at drive.cyln, dw 0
    75 000000BC 0000                                at drive.head, dw 0
    76 000000BE 0200                                at drive.sect, dw 2
    77                                          iend
    78                                  
    79                                  ;***********************************************************
    80                                  ;  モジュール
    81                                  ;***********************************************************
    82                                  %include "../modules/real/puts.s"
     1                              <1> puts:
     2                              <1>         ;---------------------------------------
     3                              <1>         ; 【スタックフレームの構築】
     4                              <1>         ;---------------------------------------
     5 000000C0 55                  <1>         push bp
     6 000000C1 89E5                <1>         mov bp, sp
     7                              <1> 
     8                              <1>         ;---------------------------------------
     9                              <1>         ; 【レジスタの保存】
    10                              <1>         ;---------------------------------------
    11 000000C3 50                  <1>         push ax
    12 000000C4 53                  <1>         push bx
    13 000000C5 56                  <1>         push si
    14                              <1> 
    15                              <1>         ;---------------------------------------
    16                              <1>         ; 引数を取得
    17                              <1>         ;---------------------------------------
    18 000000C6 8B7604              <1>         mov si, [bp + 4]
    19                              <1> 
    20                              <1>         ;---------------------------------------
    21                              <1>         ; 【処理の開始】
    22                              <1>         ;---------------------------------------
    23 000000C9 B40E                <1>         mov ah, 0x0E
    24 000000CB BB0000              <1>         mov bx, 0x0000
    25 000000CE FC                  <1>         cld
    26                              <1> .10L:
    27 000000CF AC                  <1>         lodsb
    28 000000D0 3C00                <1>         cmp al, 0
    29 000000D2 7404                <1>         je .10E
    30 000000D4 CD10                <1>         int 0x10
    31 000000D6 EBF7                <1>         jmp .10L
    32                              <1> .10E:
    33                              <1> 
    34                              <1>         ;---------------------------------------
    35                              <1>         ; 【レジスタの復帰】
    36                              <1>         ;---------------------------------------
    37 000000D8 5E                  <1>         pop si
    38 000000D9 5B                  <1>         pop bx
    39 000000DA 58                  <1>         pop ax
    40                              <1> 
    41                              <1>         ;---------------------------------------
    42                              <1>         ; 【スタックフレームの破棄】
    43                              <1>         ;---------------------------------------
    44 000000DB 89EC                <1>         mov sp, bp
    45 000000DD 5D                  <1>         pop bp
    46                              <1> 
    47 000000DE C3                  <1>         ret
    83                                  %include "../modules/real/reboot.s"
     1                              <1> reboot:
     2                              <1>         ;---------------------------------------
     3                              <1>         ; メッセージを表示
     4                              <1>         ;---------------------------------------
     5 000000DF 68[FB00]E8DBFF83C4- <1>         cdecl puts, .s0
     5 000000E7 02                  <1>
     6                              <1> 
     7                              <1>         ;---------------------------------------
     8                              <1>         ; キー入力待ち
     9                              <1>         ;---------------------------------------
    10                              <1> .10L:
    11 000000E8 B410                <1>         mov ah, 0x10
    12 000000EA CD16                <1>         int 0x16
    13                              <1> 
    14 000000EC 3C20                <1>         cmp al, ' '
    15 000000EE 75F8                <1>         jne .10L
    16                              <1> 
    17                              <1>         ;---------------------------------------
    18                              <1>         ; 改行を出力
    19                              <1>         ;---------------------------------------
    20 000000F0 68[1901]E8CAFF83C4- <1>         cdecl puts, .s1
    20 000000F8 02                  <1>
    21                              <1> 
    22                              <1>         ;---------------------------------------
    23                              <1>         ; 再起動
    24                              <1>         ;---------------------------------------
    25 000000F9 CD19                <1>         int 0x19
    26                              <1> 
    27                              <1>         ;---------------------------------------
    28                              <1>         ; 文字列データ
    29                              <1>         ;---------------------------------------
    30 000000FB 0A0D50757368205350- <1> .s0     db 0x0A, 0x0D, "Push SPACE key to reboot...", 0
    30 00000104 414345206B65792074- <1>
    30 0000010D 6F207265626F6F742E- <1>
    30 00000116 2E2E00              <1>
    31 00000119 0A0D0A0D00          <1> .s1     db 0x0A, 0x0D, 0x0A, 0x0D, 0
    84                                  %include "../modules/real/read_chs.s"
     1                              <1> read_chs:
     2                              <1>         ;-----------------------------------------
     3                              <1>         ; 【スタックフレームの構築】
     4                              <1>         ;-----------------------------------------
     5 0000011E 55                  <1>         push bp
     6 0000011F 89E5                <1>         mov bp, sp
     7 00000121 6A03                <1>         push 3
     8 00000123 6A00                <1>         push 0
     9                              <1> 
    10                              <1>         ;-----------------------------------------
    11                              <1>         ; 【レジスタの保存】
    12                              <1>         ;-----------------------------------------
    13 00000125 53                  <1>         push bx
    14 00000126 51                  <1>         push cx
    15 00000127 52                  <1>         push dx
    16 00000128 06                  <1>         push es
    17 00000129 56                  <1>         push si
    18                              <1> 
    19                              <1>         ;-----------------------------------------
    20                              <1>         ; 【処理の開始】
    21                              <1>         ;-----------------------------------------
    22 0000012A 8B7604              <1>         mov si, [bp + 4]                          ; SI = SRCバッファ
    23                              <1> 
    24                              <1>         ;-----------------------------------------
    25                              <1>         ; CXレジスタの設定
    26                              <1>         ; (BIOSコールの呼び出しに適した形に変換)
    27                              <1>         ;-----------------------------------------
    28 0000012D 8A6C02              <1>         mov ch, [si + drive.cyln + 0]
    29 00000130 8A4C03              <1>         mov cl, [si + drive.cyln + 1]
    30 00000133 C0E106              <1>         shl cl, 6
    31 00000136 8A4C06              <1>         mov cl, [si + drive.sect]
    32                              <1> 
    33                              <1>         ;-----------------------------------------
    34                              <1>         ; セクタ読み込み
    35                              <1>         ;-----------------------------------------
    36 00000139 8A6C04              <1>         mov ch, [si + drive.head]
    37 0000013C 8A14                <1>         mov dl, [si + 0]
    38 0000013E B80000              <1>         mov ax, 0x0000
    39 00000141 8EC0                <1>         mov es, ax
    40 00000143 8B5E08              <1>         mov bx, [bp + 8]
    41                              <1> .10L:
    42 00000146 B402                <1>         mov ah, 0x02
    43 00000148 8A4606              <1>         mov al, [bp + 6]
    44 0000014B CD13                <1>         int 0x13
    45 0000014D 7304                <1>         jnc .11E
    46 0000014F B000                <1>         mov al, 0
    47 00000151 EB0C                <1>         jmp .10E
    48                              <1> .11E:
    49 00000153 3C00                <1>         cmp al, 0
    50 00000155 7508                <1>         jne .10E
    51 00000157 B80000              <1>         mov ax, 0
    52 0000015A FF4EFE              <1>         dec word[bp - 2]
    53 0000015D 75E7                <1>         jnz .10L
    54                              <1> .10E:
    55 0000015F B400                <1>         mov ah, 0
    56                              <1> 
    57                              <1>         ;-----------------------------------------
    58                              <1>         ; 【レジスタの復帰】
    59                              <1>         ;-----------------------------------------
    60 00000161 5E                  <1>         pop si
    61 00000162 07                  <1>         pop es
    62 00000163 5A                  <1>         pop dx
    63 00000164 59                  <1>         pop cx
    64 00000165 5B                  <1>         pop bx
    65                              <1> 
    66                              <1>         ;-----------------------------------------
    67                              <1>         ; 【スタックフレームの破棄】
    68                              <1>         ;-----------------------------------------
    69 00000166 89EC                <1>         mov sp, bp
    70 00000168 5D                  <1>         pop bp
    71                              <1> 
    72 00000169 C3                  <1>         ret
    85                                  
    86                                  ;***********************************************************
    87                                  ;  ブートフラグ(先頭512バイトの終了)
    88                                  ;***********************************************************
    89 0000016A 00<rept>                        times 510 - ($ - $$) db 0x00
    90 000001FE 55AA                            db 0x55, 0xAA
    91                                  
    92                                  ;***********************************************************
    93                                  ;  モジュール(先頭512バイト以降に配置)
    94                                  ;***********************************************************
    95                                  %include "../modules/real/itoa.s"
     1                              <1> itoa:
     2                              <1>         ;---------------------------------------
     3                              <1>         ; 【スタックフレームの構築】
     4                              <1>         ;---------------------------------------
     5 00000200 55                  <1>         push bp
     6 00000201 89E5                <1>         mov bp, sp
     7                              <1> 
     8                              <1>         ;---------------------------------------
     9                              <1>         ; 【レジスタの保存】
    10                              <1>         ;---------------------------------------
    11 00000203 50                  <1>         push ax
    12 00000204 53                  <1>         push bx
    13 00000205 51                  <1>         push cx
    14 00000206 52                  <1>         push dx
    15 00000207 56                  <1>         push si
    16 00000208 57                  <1>         push di
    17                              <1> 
    18                              <1>         ;---------------------------------------
    19                              <1>         ; 引数を取得
    20                              <1>         ;---------------------------------------
    21 00000209 8B4604              <1>         mov ax, [bp + 4]                        ; val = 数値
    22 0000020C 8B7606              <1>         mov si, [bp + 6]                        ; dst = バッファアドレス
    23 0000020F 8B4E08              <1>         mov cx, [bp + 8]                        ; size = 残りバッファサイズ
    24                              <1> 
    25 00000212 89F7                <1>         mov di, si
    26 00000214 01CF                <1>         add di, cx                              ; dst = &dst[size - 1]
    27 00000216 4F                  <1>         dec di
    28                              <1> 
    29 00000217 8B5E0C              <1>         mov bx, word[bp + 12]                   ; flags = オプション
    30                              <1> 
    31                              <1>         ;---------------------------------------
    32                              <1>         ; 符号付き判定
    33                              <1>         ;---------------------------------------
    34 0000021A F7C30100            <1>         test bx, 0b0001
    35                              <1> .10Q:
    36 0000021E 7408                <1>         je .10E
    37 00000220 83F800              <1>         cmp ax, 0
    38                              <1> .12Q:
    39 00000223 7D03                <1>         jge .12E
    40 00000225 83CB02              <1>         or bx, 0b0010
    41                              <1> .12E:
    42                              <1> .10E:
    43                              <1> 
    44                              <1>         ;---------------------------------------
    45                              <1>         ; 符号出力判定
    46                              <1>         ;---------------------------------------
    47 00000228 F7C30200            <1>         test bx, 0b0010
    48                              <1> .20Q:
    49 0000022C 7410                <1>         je .20E
    50 0000022E 83F800              <1>         cmp ax, 0
    51                              <1> .22Q:
    52 00000231 7D07                <1>         jge .22F
    53 00000233 F7D8                <1>         neg ax
    54 00000235 C6042D              <1>         mov [si], byte '-'
    55 00000238 EB03                <1>         jmp .22E
    56                              <1> .22F:
    57 0000023A C6042B              <1>         mov [si], byte '+'
    58                              <1> .22E:
    59 0000023D 49                  <1>         dec cx
    60                              <1> .20E:
    61                              <1> 
    62                              <1>         ;---------------------------------------
    63                              <1>         ; ASCII 変換
    64                              <1>         ;---------------------------------------
    65 0000023E 8B5E0A              <1>         mov bx, [bp + 10]
    66                              <1> .30L:
    67 00000241 BA0000              <1>         mov dx, 0
    68 00000244 F7F3                <1>         div bx
    69                              <1> 
    70 00000246 89D6                <1>         mov si, dx
    71 00000248 8A94[7002]          <1>         mov dl, byte[.ascii + si]
    72 0000024C 8815                <1>         mov [di], dl
    73 0000024E 4F                  <1>         dec di
    74                              <1> 
    75 0000024F 83F800              <1>         cmp ax, 0
    76 00000252 E0ED                <1>         loopnz .30L
    77                              <1> .30E:
    78                              <1> 
    79                              <1>         ;---------------------------------------
    80                              <1>         ; 空欄を埋める
    81                              <1>         ;---------------------------------------
    82 00000254 83F900              <1>         cmp cx, 0
    83                              <1> .40Q:
    84 00000257 740D                <1>         je .40E
    85 00000259 B020                <1>         mov al, ' '
    86 0000025B 837E0C04            <1>         cmp [bp + 12], word 0b0100
    87                              <1> .42Q:
    88 0000025F 7502                <1>         jne .42E
    89 00000261 B030                <1>         mov al, '0'
    90                              <1> .42E:
    91 00000263 FD                  <1>         std
    92 00000264 F3AA                <1>         rep stosb
    93                              <1> .40E:
    94                              <1> 
    95                              <1>         ;---------------------------------------
    96                              <1>         ; 【レジスタの復帰】
    97                              <1>         ;---------------------------------------
    98 00000266 5F                  <1>         pop di
    99 00000267 5E                  <1>         pop si
   100 00000268 5A                  <1>         pop dx
   101 00000269 59                  <1>         pop cx
   102 0000026A 5B                  <1>         pop bx
   103 0000026B 58                  <1>         pop ax
   104                              <1> 
   105                              <1>         ;---------------------------------------
   106                              <1>         ; 【スタックフレームの破棄】
   107                              <1>         ;---------------------------------------
   108 0000026C 89EC                <1>         mov sp, bp
   109 0000026E 5D                  <1>         pop bp
   110                              <1> 
   111 0000026F C3                  <1>         ret
   112                              <1> 
   113 00000270 303132333435363738- <1> .ascii db "0123456789ABCDEF"
   113 00000279 39414243444546      <1>
    96                                  %include "../modules/real/get_drive_param.s"
     1                              <1> get_drive_param:
     2                              <1>         ;-----------------------------------------
     3                              <1>         ; 【スタックフレームの構築】
     4                              <1>         ;-----------------------------------------
     5 00000280 55                  <1>         push bp
     6 00000281 89E5                <1>         mov bp, sp
     7                              <1> 
     8                              <1>         ;-----------------------------------------
     9                              <1>         ; 【レジスタの保存】
    10                              <1>         ;-----------------------------------------
    11 00000283 53                  <1>         push bx
    12 00000284 51                  <1>         push cx
    13 00000285 06                  <1>         push es
    14 00000286 56                  <1>         push si
    15 00000287 57                  <1>         push di
    16                              <1> 
    17                              <1>         ;-----------------------------------------
    18                              <1>         ; 【処理の開始】
    19                              <1>         ;-----------------------------------------
    20 00000288 8B7604              <1>         mov si, [bp + 4]                          ; SI = SRCバッファ
    21                              <1> 
    22 0000028B B80000              <1>         mov ax, 0
    23 0000028E 8EC0                <1>         mov es, ax
    24 00000290 89C7                <1>         mov di, ax
    25                              <1> 
    26 00000292 B408                <1>         mov ah, 8
    27 00000294 8A14                <1>         mov dl, [si + drive.no]
    28 00000296 CD13                <1>         int 0x13
    29                              <1> .10Q:
    30 00000298 721B                <1>         jc .10F
    31                              <1> .10T:
    32 0000029A 88C8                <1>         mov al, cl
    33 0000029C 83E03F              <1>         and ax, 0x3F
    34                              <1> 
    35 0000029F C0E906              <1>         shr cl, 6
    36 000002A2 C1C908              <1>         ror cx, 8
    37 000002A5 41                  <1>         inc cx
    38                              <1> 
    39 000002A6 0FB6DE              <1>         movzx bx, dh
    40 000002A9 43                  <1>         inc bx
    41                              <1> 
    42 000002AA 894C02              <1>         mov [si + drive.cyln], cx
    43 000002AD 895C04              <1>         mov [si + drive.head], bx
    44 000002B0 894406              <1>         mov [si + drive.sect], ax
    45                              <1> 
    46 000002B3 EB03                <1>         jmp .10E
    47                              <1> .10F:
    48 000002B5 B80000              <1>         mov ax, 0
    49                              <1> .10E:
    50                              <1> 
    51                              <1>         ;-----------------------------------------
    52                              <1>         ; 【レジスタの復帰】
    53                              <1>         ;-----------------------------------------
    54 000002B8 5F                  <1>         pop di
    55 000002B9 5E                  <1>         pop si
    56 000002BA 07                  <1>         pop es
    57 000002BB 59                  <1>         pop cx
    58 000002BC 5B                  <1>         pop bx
    59                              <1> 
    60                              <1>         ;-----------------------------------------
    61                              <1>         ; 【スタックフレームの破棄】
    62                              <1>         ;-----------------------------------------
    63 000002BD 89EC                <1>         mov sp, bp
    64 000002BF 5D                  <1>         pop bp
    65                              <1> 
    66 000002C0 C3                  <1>         ret
    97                                  
    98                                  ;***********************************************************
    99                                  ;  ブート処理の第2ステージ
   100                                  ;***********************************************************
   101                                  stage_2:
   102                                          ;---------------------------------------
   103                                          ; 文字列を表示
   104                                          ;---------------------------------------
   105 000002C1 68[3B03]E8F9FD83C4-             cdecl puts, .s0
   105 000002C9 02                 
   106                                  
   107                                          ;---------------------------------------
   108                                          ; ドライブ情報を取得
   109                                          ;---------------------------------------
   110 000002CA 68[B800]E8B0FF83C4-             cdecl get_drive_param, BOOT
   110 000002D2 02                 
   111 000002D3 83F800                          cmp ax, 0
   112                                  .10Q:
   113 000002D6 750C                            jne .10E
   114                                  .10T:
   115 000002D8 68[7203]E8E2FD83C4-             cdecl puts, .e0
   115 000002E0 02                 
   116 000002E1 E8FBFD                          call reboot
   117                                  .10E:
   118                                  
   119                                          ;---------------------------------------
   120                                          ; ドライブ情報を取得
   121                                          ;---------------------------------------
   122 000002E4 A1[B800]                        mov ax, [BOOT + drive.no]
   123 000002E7 6A046A106A0268-                 cdecl itoa, ax, .p1, 2, 16, 0b0100
   123 000002EE [5303]50E80CFF83C4-
   123 000002F6 0A                 
   124 000002F7 A1[BA00]                        mov ax, [BOOT + drive.cyln]
   125 000002FA 6A046A106A0468-                 cdecl itoa, ax, .p2, 4, 16, 0b0100
   125 00000301 [5B03]50E8F9FE83C4-
   125 00000309 0A                 
   126 0000030A A1[BC00]                        mov ax, [BOOT + drive.head]
   127 0000030D 6A046A106A0268-                 cdecl itoa, ax, .p3, 2, 16, 0b0100
   127 00000314 [6503]50E8E6FE83C4-
   127 0000031C 0A                 
   128 0000031D A1[BE00]                        mov ax, [BOOT + drive.sect]
   129 00000320 6A046A106A0268-                 cdecl itoa, ax, .p4, 2, 16, 0b0100
   129 00000327 [6D03]50E8D3FE83C4-
   129 0000032F 0A                 
   130 00000330 68[4A03]E88AFD83C4-             cdecl puts, .s1
   130 00000338 02                 
   131                                  
   132                                          ;---------------------------------------
   133                                          ; 処理の終了
   134                                          ;---------------------------------------
   135 00000339 EBFE                            jmp $
   136                                  
   137                                          ;---------------------------------------
   138                                          ; データ
   139                                          ;---------------------------------------
   140 0000033B 326E64207374616765-     .s0     db "2nd stage...", 0x0A, 0x0D, 0
   140 00000344 2E2E2E0A0D00       
   141 0000034A 2044726976653A3078      .s1     db " Drive:0x"
   142 00000353 20202C20433A3078        .p1     db "  , C:0x"
   143 0000035B 202020202C20483A30-     .p2     db "    , H:0x"
   143 00000364 78                 
   144 00000365 20202C20533A3078        .p3     db "  , S:0x"
   145 0000036D 20200A0D00              .p4     db "  ", 0x0A, 0x0D, 0
   146 00000372 43616E277420676574-     .e0     db "Can't get drive parameter.", 0
   146 0000037B 206472697665207061-
   146 00000384 72616D657465722E00 
   147                                  
   148                                  ;***********************************************************
   149                                  ;  パディング（このファイルは8Kバイトとする）
   150                                  ;***********************************************************
   151 0000038D 00<rept>                        times BOOT_SIZE - ($ - $$) db 0
