     1                                          BOOT_LOAD equ 0x7C00
     2                                          ORG BOOT_LOAD
     3                                  
     4                                  ;***********************************************************
     5                                  ;  マクロ
     6                                  ;***********************************************************
     7                                  %include "../include/macro.s"
     1                              <1> %macro cdecl 1-*.nolist
     2                              <1>   %rep %0 - 1
     3                              <1>     push %{-1:-1}
     4                              <1>     %rotate -1
     5                              <1>   %endrep
     6                              <1>   %rotate -1
     7                              <1> 
     8                              <1>   call %1
     9                              <1> 
    10                              <1>   %if 1 < %0
    11                              <1>     add sp, (__BITS__ >> 3) * (%0 - 1)
    12                              <1>   %endif
    13                              <1> %endmacro
     8                                  
     9                                  ;***********************************************************
    10                                  ;  エントリポイント
    11                                  ;***********************************************************
    12                                  entry:
    13                                          ;---------------------------------------
    14                                          ; BPB(BIOS Parameter Block)
    15                                          ;---------------------------------------
    16 00000000 EB58                            jmp ipl
    17 00000002 90<rept>                        times 90 - ($ - $$) db 0x90
    18                                  
    19                                          ;---------------------------------------
    20                                          ; IPL(Initial Program Loader)
    21                                          ;---------------------------------------
    22                                  ipl:
    23 0000005A FA                              cli
    24                                  
    25 0000005B B80000                          mov ax, 0x0000
    26 0000005E 8ED8                            mov ds, ax
    27 00000060 8EC0                            mov es, ax
    28 00000062 8ED0                            mov ss, ax
    29 00000064 BC007C                          mov sp, BOOT_LOAD
    30                                  
    31 00000067 FB                              sti
    32                                  
    33 00000068 8816[B800]                      mov [BOOT.DRIVE], dl
    34                                  
    35                                          ;---------------------------------------
    36                                          ; 文字列を表示
    37                                          ;---------------------------------------
    38 0000006C 68[9800]E8480083C4-             cdecl puts, .s0
    38 00000074 02                 
    39                                  
    40                                          ;---------------------------------------
    41                                          ; 次の512バイトを読み込む
    42                                          ;---------------------------------------
    43 00000075 B402                            mov ah, 0x02
    44 00000077 B001                            mov al, 1
    45 00000079 B90200                          mov cx, 0x0002
    46 0000007C B600                            mov dh, 0x00
    47 0000007E 8A16[B800]                      mov dl, [BOOT.DRIVE]
    48 00000082 BB007E                          mov bx, 0x7C00 + 512
    49 00000085 CD13                            int 0x13
    50                                  .10Q:
    51 00000087 730C                            jnc .10E
    52                                  .10T:
    53 00000089 68[A500]E82B0083C4-             cdecl puts, .e0
    53 00000091 02                 
    54 00000092 E84400                          call reboot
    55                                  .10E:
    56                                  
    57                                          ;---------------------------------------
    58                                          ; 次のステージへ移行
    59                                          ;---------------------------------------
    60 00000095 E96801                          jmp stage_2
    61                                  
    62                                          ;---------------------------------------
    63                                          ; データ
    64                                          ;---------------------------------------
    65 00000098 426F6F74696E672E2E-     .s0     db "Booting...", 0x0A, 0x0D, 0
    65 000000A1 2E0A0D00           
    66 000000A5 4572726F723A736563-     .e0     db "Error:sector read", 0
    66 000000AE 746F72207265616400 
    67                                  
    68 000000B7 00                      ALIGN 2, db 0
    69                                  BOOT:
    70 000000B8 0000                    .DRIVE: dw 0
    71                                  
    72                                  ;***********************************************************
    73                                  ;  モジュール
    74                                  ;***********************************************************
    75                                  %include "../modules/real/puts.s"
     1                              <1> puts:
     2                              <1>         ;---------------------------------------
     3                              <1>         ; 【スタックフレームの構築】
     4                              <1>         ;---------------------------------------
     5 000000BA 55                  <1>         push bp
     6 000000BB 89E5                <1>         mov bp, sp
     7                              <1> 
     8                              <1>         ;---------------------------------------
     9                              <1>         ; 【レジスタの保存】
    10                              <1>         ;---------------------------------------
    11 000000BD 50                  <1>         push ax
    12 000000BE 53                  <1>         push bx
    13 000000BF 56                  <1>         push si
    14                              <1> 
    15                              <1>         ;---------------------------------------
    16                              <1>         ; 引数を取得
    17                              <1>         ;---------------------------------------
    18 000000C0 8B7604              <1>         mov si, [bp + 4]
    19                              <1> 
    20                              <1>         ;---------------------------------------
    21                              <1>         ; 【処理の開始】
    22                              <1>         ;---------------------------------------
    23 000000C3 B40E                <1>         mov ah, 0x0E
    24 000000C5 BB0000              <1>         mov bx, 0x0000
    25 000000C8 FC                  <1>         cld
    26                              <1> .10L:
    27 000000C9 AC                  <1>         lodsb
    28 000000CA 3C00                <1>         cmp al, 0
    29 000000CC 7404                <1>         je .10E
    30 000000CE CD10                <1>         int 0x10
    31 000000D0 EBF7                <1>         jmp .10L
    32                              <1> .10E:
    33                              <1> 
    34                              <1>         ;---------------------------------------
    35                              <1>         ; 【レジスタの復帰】
    36                              <1>         ;---------------------------------------
    37 000000D2 5E                  <1>         pop si
    38 000000D3 5B                  <1>         pop bx
    39 000000D4 58                  <1>         pop ax
    40                              <1> 
    41                              <1>         ;---------------------------------------
    42                              <1>         ; 【スタックフレームの破棄】
    43                              <1>         ;---------------------------------------
    44 000000D5 89EC                <1>         mov sp, bp
    45 000000D7 5D                  <1>         pop bp
    46                              <1> 
    47 000000D8 C3                  <1>         ret
    76                                  %include "../modules/real/reboot.s"
     1                              <1> reboot:
     2                              <1>         ;---------------------------------------
     3                              <1>         ; メッセージを表示
     4                              <1>         ;---------------------------------------
     5 000000D9 68[F500]E8DBFF83C4- <1>         cdecl puts, .s0
     5 000000E1 02                  <1>
     6                              <1> 
     7                              <1>         ;---------------------------------------
     8                              <1>         ; キー入力待ち
     9                              <1>         ;---------------------------------------
    10                              <1> .10L:
    11 000000E2 B410                <1>         mov ah, 0x10
    12 000000E4 CD16                <1>         int 0x16
    13                              <1> 
    14 000000E6 3C20                <1>         cmp al, ' '
    15 000000E8 75F8                <1>         jne .10L
    16                              <1> 
    17                              <1>         ;---------------------------------------
    18                              <1>         ; 改行を出力
    19                              <1>         ;---------------------------------------
    20 000000EA 68[1301]E8CAFF83C4- <1>         cdecl puts, .s1
    20 000000F2 02                  <1>
    21                              <1> 
    22                              <1>         ;---------------------------------------
    23                              <1>         ; 再起動
    24                              <1>         ;---------------------------------------
    25 000000F3 CD19                <1>         int 0x19
    26                              <1> 
    27                              <1>         ;---------------------------------------
    28                              <1>         ; 文字列データ
    29                              <1>         ;---------------------------------------
    30 000000F5 0A0D50757368205350- <1> .s0     db 0x0A, 0x0D, "Push SPACE key to reboot...", 0
    30 000000FE 414345206B65792074- <1>
    30 00000107 6F207265626F6F742E- <1>
    30 00000110 2E2E00              <1>
    31 00000113 0A0D0A0D00          <1> .s1     db 0x0A, 0x0D, 0x0A, 0x0D, 0
    77                                  
    78                                  ;***********************************************************
    79                                  ;  ブートフラグ(先頭512バイトの終了)
    80                                  ;***********************************************************
    81 00000118 00<rept>                        times 510 - ($ - $$) db 0x00
    82 000001FE 55AA                            db 0x55, 0xAA
    83                                  
    84                                  ;***********************************************************
    85                                  ;  ブート処理の第2ステージ
    86                                  ;***********************************************************
    87                                  stage_2:
    88                                          ;---------------------------------------
    89                                          ; 文字列を表示
    90                                          ;---------------------------------------
    91 00000200 68[0B02]E8B4FE83C4-             cdecl puts, .s0
    91 00000208 02                 
    92                                  
    93                                          ;---------------------------------------
    94                                          ; 処理の終了
    95                                          ;---------------------------------------
    96 00000209 EBFE                            jmp $
    97                                  
    98                                          ;---------------------------------------
    99                                          ; データ
   100                                          ;---------------------------------------
   101 0000020B 326E64207374616765-     .s0     db "2nd stage...", 0x0A, 0x0D, 0
   101 00000214 2E2E2E0A0D00       
   102                                  
   103                                  ;***********************************************************
   104                                  ;  パディング（このファイルは8Kバイトとする）
   105                                  ;***********************************************************
   106 0000021A 00<rept>                        times (1024 * 8) - ($ - $$) db 0
