     1                                  ;***********************************************************
     2                                  ;  マクロ
     3                                  ;***********************************************************
     4                                  %include "../include/define.s"
     1                              <1> BOOT_SIZE equ (1024 * 8)
     2                              <1> KERNEL_SIZE equ (1024 * 8)
     3                              <1> 
     4                              <1> BOOT_LOAD equ 0x7C00
     5                              <1> BOOT_END equ (BOOT_LOAD + BOOT_SIZE)
     6                              <1> 
     7                              <1> KERNEL_LOAD equ 0x0010_1000
     8                              <1> 
     9                              <1> SECT_SIZE equ (512)
    10                              <1> 
    11                              <1> BOOT_SECT equ (BOOT_SIZE / SECT_SIZE)
    12                              <1> KERNEL_SECT equ (KERNEL_SIZE / SECT_SIZE)
    13                              <1> 
    14                              <1> E820_RECORD_SIZE equ 20
    15                              <1> 
    16                              <1> VECT_BASE equ 0x0010_0000
     5                                  %include "../include/macro.s"
     1                              <1> %macro cdecl 1-*.nolist
     2                              <1>     %rep %0 - 1
     3                              <1>         push %{-1:-1}
     4                              <1>         %rotate -1
     5                              <1>     %endrep
     6                              <1>     %rotate -1
     7                              <1> 
     8                              <1>     call %1
     9                              <1> 
    10                              <1>     %if 1 < %0
    11                              <1>         add sp, (__BITS__ >> 3) * (%0 - 1)
    12                              <1>     %endif
    13                              <1> %endmacro
    14                              <1> 
    15                              <1> %macro  set_vect 1-*
    16                              <1>     push eax
    17                              <1>     push edi
    18                              <1> 
    19                              <1>     mov edi, VECT_BASE + (%1 * 8)
    20                              <1>     mov eax, %2
    21                              <1> 
    22                              <1>     mov [edi + 0], ax
    23                              <1>     shr eax, 16
    24                              <1>     mov [edi + 6], ax
    25                              <1> 
    26                              <1>     pop edi
    27                              <1>     pop eax
    28                              <1> %endmacro
    29                              <1> 
    30                              <1> struc drive
    31 00000000 <res 00000002>      <1>     .no resw 1      ; ドライブ番号
    32 00000002 <res 00000002>      <1>     .cyln resw 1    ; シリンダ
    33 00000004 <res 00000002>      <1>     .head resw 1    ; ヘッド
    34 00000006 <res 00000002>      <1>     .sect resw 1    ; セクタ
    35                              <1> endstruc
     6                                  
     7                                          ORG KERNEL_LOAD
     8                                  
     9                                  [BITS 32]
    10                                  ;***********************************************************
    11                                  ;  エントリポイント
    12                                  ;***********************************************************
    13                                  kernel:
    14                                          ;------------------------------------------
    15                                          ; フォントアドレスを取得
    16                                          ;------------------------------------------
    17 00000000 BE007E0000                      mov esi, BOOT_LOAD + SECT_SIZE
    18 00000005 0FB706                          movzx eax, word[esi + 0]
    19 00000008 0FB75E02                        movzx ebx, word[esi + 2]
    20 0000000C C1E004                          shl eax, 4
    21 0000000F 01D8                            add eax, ebx
    22 00000011 A3[7C000000]                    mov [FONT_ADR], eax
    23                                  
    24                                          ;------------------------------------------
    25                                          ; 割り込みベクタの初期化
    26                                          ;------------------------------------------
    27 00000016 E85F060000                      cdecl init_int
    28                                          set_vect 0x00, int_zero_div
    28 0000001B 50                  <1>  push eax
    28 0000001C 57                  <1>  push edi
    28                              <1> 
    28 0000001D BF00001000          <1>  mov edi, VECT_BASE + (%1 * 8)
    28 00000022 B8[E1070000]        <1>  mov eax, %2
    28                              <1> 
    28 00000027 668907              <1>  mov [edi + 0], ax
    28 0000002A C1E810              <1>  shr eax, 16
    28 0000002D 66894706            <1>  mov [edi + 6], ax
    28                              <1> 
    28 00000031 5F                  <1>  pop edi
    28 00000032 58                  <1>  pop eax
    29                                  
    30                                          ;------------------------------------------
    31                                          ; フォントの一覧表示
    32                                          ;------------------------------------------
    33 00000033 6A0D6A3FE8BF010000-             cdecl draw_font, 63, 13
    33 0000003C 6683C408           
    34 00000040 6A046A3FE840020000-             cdecl draw_color_bar, 63, 4
    34 00000049 6683C408           
    35                                  
    36                                          ;------------------------------------------
    37                                          ; 文字列を描画
    38                                          ;------------------------------------------
    39 0000004D 68[6A000000]680F01-             cdecl draw_str, 25, 14, 0x010F, .s0
    39 00000055 00006A0E6A19E8E001-
    39 0000005E 00006683C410       
    40                                  
    41                                          ;------------------------------------------
    42                                          ; 0除算による割り込みを生成
    43                                          ;------------------------------------------
    44 00000064 B000                            mov al, 0
    45 00000066 F6F0                            div al
    46                                  
    47                                          ;------------------------------------------
    48                                          ; 処理の終了
    49                                          ;------------------------------------------
    50 00000068 EBFE                            jmp $
    51                                  
    52 0000006A 2048656C6C6F2C206B-     .s0:    db " Hello, kernel! ", 0
    52 00000073 65726E656C212000   
    53                                  
    54 0000007B 00                      ALIGN 4, db 0
    55 0000007C 00000000                FONT_ADR: dd 0
    56 00000080 00000000                RTC_TIME: dd 0
    57                                  
    58                                  ;***********************************************************
    59                                  ;  モジュール
    60                                  ;***********************************************************
    61                                  %include "../modules/protect/vga.s"
     1                              <1> vga_set_read_plane:
     2                              <1>         ;-----------------------------------------
     3                              <1>         ; 【スタックフレームの構築】
     4                              <1>         ;-----------------------------------------
     5 00000084 55                  <1>         push ebp
     6 00000085 89E5                <1>         mov ebp, esp
     7                              <1> 
     8                              <1>         ;-----------------------------------------
     9                              <1>         ; 【レジスタの保存】
    10                              <1>         ;-----------------------------------------
    11 00000087 50                  <1>         push eax
    12 00000088 52                  <1>         push edx
    13                              <1> 
    14                              <1>         ;-----------------------------------------
    15                              <1>         ; 読み込みプレーンの選択
    16                              <1>         ;-----------------------------------------
    17 00000089 8A6508              <1>         mov ah, [ebp + 8]
    18 0000008C 80E403              <1>         and ah, 0x03
    19 0000008F B004                <1>         mov al, 0x04
    20 00000091 66BACE03            <1>         mov dx, 0x03CE
    21 00000095 66EF                <1>         out dx, ax
    22                              <1> 
    23                              <1>         ;-----------------------------------------
    24                              <1>         ; 【レジスタの復帰】
    25                              <1>         ;-----------------------------------------
    26 00000097 5A                  <1>         pop edx
    27 00000098 58                  <1>         pop eax
    28                              <1> 
    29                              <1>         ;-----------------------------------------
    30                              <1>         ; 【スタックフレームの破棄】
    31                              <1>         ;-----------------------------------------
    32 00000099 89EC                <1>         mov esp, ebp
    33 0000009B 5D                  <1>         pop ebp
    34                              <1> 
    35 0000009C C3                  <1>         ret
    36                              <1> 
    37                              <1> vga_set_write_plane:
    38                              <1>         ;-----------------------------------------
    39                              <1>         ; 【スタックフレームの構築】
    40                              <1>         ;-----------------------------------------
    41 0000009D 55                  <1>         push ebp
    42 0000009E 89E5                <1>         mov ebp, esp
    43                              <1> 
    44                              <1>         ;-----------------------------------------
    45                              <1>         ; 【レジスタの保存】
    46                              <1>         ;-----------------------------------------
    47 000000A0 50                  <1>         push eax
    48 000000A1 52                  <1>         push edx
    49                              <1> 
    50                              <1>         ;-----------------------------------------
    51                              <1>         ; 書き込みプレーンの選択
    52                              <1>         ;-----------------------------------------
    53 000000A2 8A6508              <1>         mov ah, [ebp + 8]
    54 000000A5 80E40F              <1>         and ah, 0x0F
    55 000000A8 B002                <1>         mov al, 0x02
    56 000000AA 66BAC403            <1>         mov dx, 0x03C4
    57 000000AE 66EF                <1>         out dx, ax
    58                              <1> 
    59                              <1>         ;-----------------------------------------
    60                              <1>         ; 【レジスタの復帰】
    61                              <1>         ;-----------------------------------------
    62 000000B0 5A                  <1>         pop edx
    63 000000B1 58                  <1>         pop eax
    64                              <1> 
    65                              <1>         ;-----------------------------------------
    66                              <1>         ; 【スタックフレームの破棄】
    67                              <1>         ;-----------------------------------------
    68 000000B2 89EC                <1>         mov esp, ebp
    69 000000B4 5D                  <1>         pop ebp
    70                              <1> 
    71 000000B5 C3                  <1>         ret
    72                              <1> 
    73                              <1> vram_font_copy:
    74                              <1>         ;-----------------------------------------
    75                              <1>         ; 【スタックフレームの構築】
    76                              <1>         ;-----------------------------------------
    77 000000B6 55                  <1>         push ebp
    78 000000B7 89E5                <1>         mov ebp, esp
    79                              <1> 
    80                              <1>         ;-----------------------------------------
    81                              <1>         ; 【レジスタの保存】
    82                              <1>         ;-----------------------------------------
    83 000000B9 50                  <1>         push eax
    84 000000BA 53                  <1>         push ebx
    85 000000BB 51                  <1>         push ecx
    86 000000BC 52                  <1>         push edx
    87 000000BD 56                  <1>         push esi
    88 000000BE 57                  <1>         push edi
    89                              <1> 
    90                              <1>         ;-----------------------------------------
    91                              <1>         ; マスクデータの作成
    92                              <1>         ;-----------------------------------------
    93 000000BF 8B7508              <1>         mov esi, [ebp + 8]
    94 000000C2 8B7D0C              <1>         mov edi, [ebp + 12]
    95 000000C5 0FB64510            <1>         movzx eax, byte [ebp + 16]
    96 000000C9 0FB75D14            <1>         movzx ebx, word [ebp + 20]
    97                              <1> 
    98 000000CD 84C7                <1>         test bh, al
    99 000000CF 0F94C6              <1>         setz dh
   100 000000D2 FECE                <1>         dec dh
   101                              <1> 
   102 000000D4 84C3                <1>         test bl, al
   103 000000D6 0F94C2              <1>         setz dl
   104 000000D9 FECA                <1>         dec dl
   105                              <1> 
   106                              <1>         ;-----------------------------------------
   107                              <1>         ; 16ドットフォントのコピー
   108                              <1>         ;-----------------------------------------
   109 000000DB FC                  <1>         cld
   110                              <1> 
   111 000000DC B910000000          <1>         mov ecx, 16
   112                              <1> .10L:
   113                              <1> 
   114                              <1>         ;-----------------------------------------
   115                              <1>         ; フォントマスクの作成
   116                              <1>         ;-----------------------------------------
   117 000000E1 AC                  <1>         lodsb
   118 000000E2 88C4                <1>         mov ah, al
   119 000000E4 F6D4                <1>         not ah
   120                              <1> 
   121                              <1>         ;-----------------------------------------
   122                              <1>         ; 前景色
   123                              <1>         ;-----------------------------------------
   124 000000E6 20D0                <1>         and al, dl
   125                              <1> 
   126                              <1>         ;-----------------------------------------
   127                              <1>         ; 背景色
   128                              <1>         ;-----------------------------------------
   129 000000E8 F7C310000000        <1>         test ebx, 0x0010
   130 000000EE 7404                <1>         jz .11F
   131 000000F0 2227                <1>         and ah, [edi]
   132 000000F2 EB02                <1>         jmp .11E
   133                              <1> .11F:
   134 000000F4 20F4                <1>         and ah, dh
   135                              <1> .11E:
   136                              <1> 
   137                              <1>         ;-----------------------------------------
   138                              <1>         ; 前景色と背景色をコピー
   139                              <1>         ;-----------------------------------------
   140 000000F6 08E0                <1>         or al, ah
   141                              <1> 
   142                              <1>         ;-----------------------------------------
   143                              <1>         ; 新しい値を出力
   144                              <1>         ;-----------------------------------------
   145 000000F8 8807                <1>         mov [edi], al
   146                              <1> 
   147 000000FA 83C750              <1>         add edi, 80
   148 000000FD E2E2                <1>         loop .10L
   149                              <1> .10E:
   150                              <1> 
   151                              <1>         ;-----------------------------------------
   152                              <1>         ; 【レジスタの復帰】
   153                              <1>         ;-----------------------------------------
   154 000000FF 5F                  <1>         pop edi
   155 00000100 5E                  <1>         pop esi
   156 00000101 5A                  <1>         pop edx
   157 00000102 59                  <1>         pop ecx
   158 00000103 5B                  <1>         pop ebx
   159 00000104 58                  <1>         pop eax
   160                              <1> 
   161                              <1>         ;-----------------------------------------
   162                              <1>         ; 【スタックフレームの破棄】
   163                              <1>         ;-----------------------------------------
   164 00000105 89EC                <1>         mov esp, ebp
   165 00000107 5D                  <1>         pop ebp
   166                              <1> 
   167 00000108 C3                  <1>         ret
   168                              <1> 
   169                              <1> vram_bit_copy:
   170                              <1>         ;-----------------------------------------
   171                              <1>         ; 【スタックフレームの構築】
   172                              <1>         ;-----------------------------------------
   173 00000109 55                  <1>         push ebp
   174 0000010A 89E5                <1>         mov ebp, esp
   175                              <1> 
   176                              <1>         ;-----------------------------------------
   177                              <1>         ; 【レジスタの保存】
   178                              <1>         ;-----------------------------------------
   179 0000010C 50                  <1>         push eax
   180 0000010D 53                  <1>         push ebx
   181 0000010E 57                  <1>         push edi
   182                              <1> 
   183                              <1>         ;-----------------------------------------
   184                              <1>         ; ビットのコピー
   185                              <1>         ;-----------------------------------------
   186 0000010F 8B7D0C              <1>         mov edi, [ebp + 12]
   187 00000112 0FB64510            <1>         movzx eax, byte [ebp + 16]
   188 00000116 0FB75D14            <1>         movzx ebx, word [ebp + 20]
   189                              <1> 
   190 0000011A 84C3                <1>         test bl, al
   191 0000011C 0F94C3              <1>         setz bl
   192 0000011F FECB                <1>         dec bl
   193                              <1> 
   194                              <1>         ;-----------------------------------------
   195                              <1>         ; 反転処理
   196                              <1>         ;-----------------------------------------
   197 00000121 8A4508              <1>         mov al, [ebp + 8]
   198 00000124 88C4                <1>         mov ah, al
   199 00000126 F6D4                <1>         not ah
   200                              <1> 
   201                              <1>         ;-----------------------------------------
   202                              <1>         ; 描画処理
   203                              <1>         ;-----------------------------------------
   204 00000128 2227                <1>         and ah, [edi]
   205 0000012A 20D8                <1>         and al, bl
   206 0000012C 08E0                <1>         or al, ah
   207 0000012E 8807                <1>         mov [edi], al
   208                              <1> 
   209                              <1>         ;-----------------------------------------
   210                              <1>         ; 【レジスタの復帰】
   211                              <1>         ;-----------------------------------------
   212 00000130 5F                  <1>         pop edi
   213 00000131 5B                  <1>         pop ebx
   214 00000132 58                  <1>         pop eax
   215                              <1> 
   216                              <1>         ;-----------------------------------------
   217                              <1>         ; 【スタックフレームの破棄】
   218                              <1>         ;-----------------------------------------
   219 00000133 89EC                <1>         mov esp, ebp
   220 00000135 5D                  <1>         pop ebp
   221                              <1> 
   222 00000136 C3                  <1>         ret
    62                                  %include "../modules/protect/draw_char.s"
     1                              <1> draw_char:
     2                              <1>         ;-----------------------------------------
     3                              <1>         ; 【スタックフレームの構築】
     4                              <1>         ;-----------------------------------------
     5 00000137 55                  <1>         push ebp
     6 00000138 89E5                <1>         mov ebp, esp
     7                              <1> 
     8                              <1>         ;-----------------------------------------
     9                              <1>         ; 【レジスタの保存】
    10                              <1>         ;-----------------------------------------
    11 0000013A 50                  <1>         push eax
    12 0000013B 53                  <1>         push ebx
    13 0000013C 51                  <1>         push ecx
    14 0000013D 52                  <1>         push edx
    15 0000013E 56                  <1>         push esi
    16 0000013F 57                  <1>         push edi
    17                              <1> 
    18                              <1>         ;-----------------------------------------
    19                              <1>         ; コピー元フォントアドレスを設定
    20                              <1>         ;-----------------------------------------
    21 00000140 0FB67514            <1>         movzx esi, byte [ebp + 20]
    22 00000144 C1E604              <1>         shl esi, 4
    23 00000147 0335[7C000000]      <1>         add esi, [FONT_ADR]
    24                              <1> 
    25                              <1>         ;-----------------------------------------
    26                              <1>         ; コピー先アドレスを取得
    27                              <1>         ; Adr = 0xA0000 + (640 / 8 * 16) * y + x
    28                              <1>         ;-----------------------------------------
    29 0000014D 8B7D0C              <1>         mov edi, [ebp + 12]
    30 00000150 C1E708              <1>         shl edi, 8
    31 00000153 8DBCBF00000A00      <1>         lea edi, [edi * 4 + edi + 0xA0000]
    32 0000015A 037D08              <1>         add edi, [ebp + 8]
    33                              <1> 
    34                              <1>         ;-----------------------------------------
    35                              <1>         ; 1文字分のフォントを出力
    36                              <1>         ;-----------------------------------------
    37 0000015D 0FB75D10            <1>         movzx ebx, word[ebp + 16]
    38                              <1> 
    39 00000161 6A03E81CFFFFFF6683- <1>         cdecl vga_set_read_plane, 0x03
    39 0000016A C404                <1>
    40 0000016C 6A08E82AFFFFFF6683- <1>         cdecl vga_set_write_plane, 0x08
    40 00000175 C404                <1>
    41 00000177 536A085756E835FFFF- <1>         cdecl vram_font_copy, esi, edi, 0x08, ebx
    41 00000180 FF6683C410          <1>
    42                              <1> 
    43 00000185 6A02E8F8FEFFFF6683- <1>         cdecl vga_set_read_plane, 0x02
    43 0000018E C404                <1>
    44 00000190 6A04E806FFFFFF6683- <1>         cdecl vga_set_write_plane, 0x04
    44 00000199 C404                <1>
    45 0000019B 536A045756E811FFFF- <1>         cdecl vram_font_copy, esi, edi, 0x04, ebx
    45 000001A4 FF6683C410          <1>
    46                              <1> 
    47 000001A9 6A01E8D4FEFFFF6683- <1>         cdecl vga_set_read_plane, 0x01
    47 000001B2 C404                <1>
    48 000001B4 6A02E8E2FEFFFF6683- <1>         cdecl vga_set_write_plane, 0x02
    48 000001BD C404                <1>
    49 000001BF 536A025756E8EDFEFF- <1>         cdecl vram_font_copy, esi, edi, 0x02, ebx
    49 000001C8 FF6683C410          <1>
    50                              <1> 
    51 000001CD 6A00E8B0FEFFFF6683- <1>         cdecl vga_set_read_plane, 0x00
    51 000001D6 C404                <1>
    52 000001D8 6A01E8BEFEFFFF6683- <1>         cdecl vga_set_write_plane, 0x01
    52 000001E1 C404                <1>
    53 000001E3 536A015756E8C9FEFF- <1>         cdecl vram_font_copy, esi, edi, 0x01, ebx
    53 000001EC FF6683C410          <1>
    54                              <1> 
    55                              <1>         ;-----------------------------------------
    56                              <1>         ; 【レジスタの復帰】
    57                              <1>         ;-----------------------------------------
    58 000001F1 5F                  <1>         pop edi
    59 000001F2 5E                  <1>         pop esi
    60 000001F3 5A                  <1>         pop edx
    61 000001F4 59                  <1>         pop ecx
    62 000001F5 5B                  <1>         pop ebx
    63 000001F6 58                  <1>         pop eax
    64                              <1> 
    65                              <1>         ;-----------------------------------------
    66                              <1>         ; 【スタックフレームの破棄】
    67                              <1>         ;-----------------------------------------
    68 000001F7 89EC                <1>         mov esp, ebp
    69 000001F9 5D                  <1>         pop ebp
    70                              <1> 
    71 000001FA C3                  <1>         ret
    63                                  %include "../modules/protect/draw_font.s"
     1                              <1> draw_font:
     2                              <1>         ;-----------------------------------------
     3                              <1>         ; 【スタックフレームの構築】
     4                              <1>         ;-----------------------------------------
     5 000001FB 55                  <1>         push ebp
     6 000001FC 89E5                <1>         mov ebp, esp
     7                              <1> 
     8                              <1>         ;-----------------------------------------
     9                              <1>         ; 【レジスタの保存】
    10                              <1>         ;-----------------------------------------
    11 000001FE 50                  <1>         push eax
    12 000001FF 53                  <1>         push ebx
    13 00000200 51                  <1>         push ecx
    14 00000201 52                  <1>         push edx
    15 00000202 56                  <1>         push esi
    16 00000203 57                  <1>         push edi
    17                              <1> 
    18                              <1>         ;-----------------------------------------
    19                              <1>         ; 基準となる位置をレジスタに保存
    20                              <1>         ;-----------------------------------------
    21 00000204 8B7508              <1>         mov esi, [ebp + 8]
    22 00000207 8B7D0C              <1>         mov edi, [ebp + 12]
    23                              <1> 
    24                              <1>         ;-----------------------------------------
    25                              <1>         ; フォントを一覧表示する
    26                              <1>         ;-----------------------------------------
    27 0000020A B900000000          <1>         mov ecx, 0
    28                              <1> .10L:
    29 0000020F 81F900010000        <1>         cmp ecx, 256
    30 00000215 731F                <1>         jae .10E
    31                              <1> 
    32 00000217 89C8                <1>         mov eax, ecx
    33 00000219 83E00F              <1>         and eax, 0x0F
    34 0000021C 01F0                <1>         add eax, esi
    35                              <1> 
    36 0000021E 89CB                <1>         mov ebx, ecx
    37 00000220 C1EB04              <1>         shr ebx, 4
    38 00000223 01FB                <1>         add ebx, edi
    39                              <1> 
    40 00000225 516A075350E808FFFF- <1>         cdecl draw_char, eax, ebx, 0x07, ecx
    40 0000022E FF6683C410          <1>
    41                              <1> 
    42 00000233 41                  <1>         inc ecx
    43 00000234 EBD9                <1>         jmp .10L
    44                              <1> .10E:
    45                              <1> 
    46                              <1>         ;-----------------------------------------
    47                              <1>         ; 【レジスタの復帰】
    48                              <1>         ;-----------------------------------------
    49 00000236 5F                  <1>         pop edi
    50 00000237 5E                  <1>         pop esi
    51 00000238 5A                  <1>         pop edx
    52 00000239 59                  <1>         pop ecx
    53 0000023A 5B                  <1>         pop ebx
    54 0000023B 58                  <1>         pop eax
    55                              <1> 
    56                              <1>         ;-----------------------------------------
    57                              <1>         ; 【スタックフレームの破棄】
    58                              <1>         ;-----------------------------------------
    59 0000023C 89EC                <1>         mov esp, ebp
    60 0000023E 5D                  <1>         pop ebp
    61                              <1> 
    62 0000023F C3                  <1>         ret
    64                                  %include "../modules/protect/draw_str.s"
     1                              <1> draw_str:
     2                              <1>         ;-----------------------------------------
     3                              <1>         ; 【スタックフレームの構築】
     4                              <1>         ;-----------------------------------------
     5 00000240 55                  <1>         push ebp
     6 00000241 89E5                <1>         mov ebp, esp
     7                              <1> 
     8                              <1>         ;-----------------------------------------
     9                              <1>         ; 【レジスタの保存】
    10                              <1>         ;-----------------------------------------
    11 00000243 50                  <1>         push eax
    12 00000244 53                  <1>         push ebx
    13 00000245 51                  <1>         push ecx
    14 00000246 52                  <1>         push edx
    15 00000247 56                  <1>         push esi
    16                              <1> 
    17                              <1>         ;-----------------------------------------
    18                              <1>         ; 文字列を描画する
    19                              <1>         ;-----------------------------------------
    20 00000248 8B4D08              <1>         mov ecx, [ebp + 8]
    21 0000024B 8B550C              <1>         mov edx, [ebp + 12]
    22 0000024E 0FB75D10            <1>         movzx ebx, word [ebp + 16]
    23 00000252 8B7514              <1>         mov esi, [ebp + 20]
    24                              <1> 
    25 00000255 FC                  <1>         cld
    26                              <1> .10L:
    27 00000256 AC                  <1>         lodsb
    28 00000257 3C00                <1>         cmp al, 0
    29 00000259 7425                <1>         je .10E
    30                              <1> 
    31 0000025B 50535251E8D3FEFFFF- <1>         cdecl draw_char, ecx, edx, ebx, eax
    31 00000264 6683C410            <1>
    32                              <1> 
    33 00000268 41                  <1>         inc ecx
    34 00000269 83F950              <1>         cmp ecx, 80
    35 0000026C 7C10                <1>         jl .12E
    36 0000026E B900000000          <1>         mov ecx, 0
    37 00000273 42                  <1>         inc edx
    38 00000274 83FA1E              <1>         cmp edx, 30
    39 00000277 7C05                <1>         jl .12E
    40 00000279 BA00000000          <1>         mov edx, 0
    41                              <1> .12E:
    42 0000027E EBD6                <1>         jmp .10L
    43                              <1> .10E:
    44                              <1> 
    45                              <1>         ;-----------------------------------------
    46                              <1>         ; 【レジスタの復帰】
    47                              <1>         ;-----------------------------------------
    48 00000280 5E                  <1>         pop esi
    49 00000281 5A                  <1>         pop edx
    50 00000282 59                  <1>         pop ecx
    51 00000283 5B                  <1>         pop ebx
    52 00000284 58                  <1>         pop eax
    53                              <1> 
    54                              <1>         ;-----------------------------------------
    55                              <1>         ; 【スタックフレームの破棄】
    56                              <1>         ;-----------------------------------------
    57 00000285 89EC                <1>         mov esp, ebp
    58 00000287 5D                  <1>         pop ebp
    59                              <1> 
    60 00000288 C3                  <1>         ret
    65                                  %include "../modules/protect/draw_color_bar.s"
     1                              <1> draw_color_bar:
     2                              <1>         ;-----------------------------------------
     3                              <1>         ; 【スタックフレームの構築】
     4                              <1>         ;-----------------------------------------
     5 00000289 55                  <1>         push ebp
     6 0000028A 89E5                <1>         mov ebp, esp
     7                              <1> 
     8                              <1>         ;-----------------------------------------
     9                              <1>         ; 【レジスタの保存】
    10                              <1>         ;-----------------------------------------
    11 0000028C 50                  <1>         push eax
    12 0000028D 53                  <1>         push ebx
    13 0000028E 51                  <1>         push ecx
    14 0000028F 52                  <1>         push edx
    15 00000290 56                  <1>         push esi
    16 00000291 57                  <1>         push edi
    17                              <1> 
    18                              <1>         ;-----------------------------------------
    19                              <1>         ; 基準となる位置をレジスタに保存
    20                              <1>         ;-----------------------------------------
    21 00000292 8B7508              <1>         mov esi, [ebp + 8]
    22 00000295 8B7D0C              <1>         mov edi, [ebp + 12]
    23                              <1> 
    24                              <1>         ;-----------------------------------------
    25                              <1>         ; カラーバーを表示
    26                              <1>         ;-----------------------------------------
    27 00000298 B900000000          <1>         mov ecx, 0
    28                              <1> .10L:
    29 0000029D 83F910              <1>         cmp ecx, 16
    30 000002A0 732E                <1>         jae .10E
    31                              <1> 
    32 000002A2 89C8                <1>         mov eax, ecx
    33 000002A4 83E001              <1>         and eax, 0x01
    34 000002A7 C1E003              <1>         shl eax, 3
    35 000002AA 01F0                <1>         add eax, esi
    36                              <1> 
    37 000002AC 89CB                <1>         mov ebx, ecx
    38 000002AE D1EB                <1>         shr ebx, 1
    39 000002B0 01FB                <1>         add ebx, edi
    40                              <1> 
    41 000002B2 89CA                <1>         mov edx, ecx
    42 000002B4 D1E2                <1>         shl edx, 1
    43 000002B6 8B92[E3020000]      <1>         mov edx, [.t0 + edx]
    44                              <1> 
    45 000002BC 68[DA020000]525350- <1>         cdecl draw_str, eax, ebx, edx, .s0
    45 000002C4 E877FFFFFF6683C410  <1>
    46                              <1> 
    47 000002CD 41                  <1>         inc ecx
    48 000002CE EBCD                <1>         jmp .10L
    49                              <1> .10E:
    50                              <1> 
    51                              <1>         ;-----------------------------------------
    52                              <1>         ; 【レジスタの復帰】
    53                              <1>         ;-----------------------------------------
    54 000002D0 5F                  <1>         pop edi
    55 000002D1 5E                  <1>         pop esi
    56 000002D2 5A                  <1>         pop edx
    57 000002D3 59                  <1>         pop ecx
    58 000002D4 5B                  <1>         pop ebx
    59 000002D5 58                  <1>         pop eax
    60                              <1> 
    61                              <1>         ;-----------------------------------------
    62                              <1>         ; 【スタックフレームの破棄】
    63                              <1>         ;-----------------------------------------
    64 000002D6 89EC                <1>         mov esp, ebp
    65 000002D8 5D                  <1>         pop ebp
    66                              <1> 
    67 000002D9 C3                  <1>         ret
    68                              <1> 
    69 000002DA 202020202020202000  <1> .s0:    db '        ', 0
    70 000002E3 00000008            <1> .t0:    dw 0x0000, 0x0800
    71 000002E7 00010009            <1>         dw 0x0100, 0x0900
    72 000002EB 0002000A            <1>         dw 0x0200, 0x0A00
    73 000002EF 0003000B            <1>         dw 0x0300, 0x0B00
    74 000002F3 0004000C            <1>         dw 0x0400, 0x0C00
    75 000002F7 0005000D            <1>         dw 0x0500, 0x0D00
    76 000002FB 0006000E            <1>         dw 0x0600, 0x0E00
    77 000002FF 0007000F            <1>         dw 0x0700, 0x0F00
    66                                  %include "../modules/protect/draw_pixel.s"
     1                              <1> draw_pixel:
     2                              <1>         ;-----------------------------------------
     3                              <1>         ; 【スタックフレームの構築】
     4                              <1>         ;-----------------------------------------
     5 00000303 55                  <1>         push ebp
     6 00000304 89E5                <1>         mov ebp, esp
     7                              <1> 
     8                              <1>         ;-----------------------------------------
     9                              <1>         ; 【レジスタの保存】
    10                              <1>         ;-----------------------------------------
    11 00000306 50                  <1>         push eax
    12 00000307 53                  <1>         push ebx
    13 00000308 51                  <1>         push ecx
    14 00000309 57                  <1>         push edi
    15                              <1> 
    16                              <1>         ;-----------------------------------------
    17                              <1>         ; Y座標を80倍する(640/8)
    18                              <1>         ;-----------------------------------------
    19 0000030A 8B7D0C              <1>         mov edi, [ebp + 12]
    20 0000030D C1E704              <1>         shl edi, 4
    21 00000310 8DBCBF00000A00      <1>         lea edi, [edi * 4 + edi + 0xA_0000]
    22                              <1> 
    23                              <1>         ;-----------------------------------------
    24                              <1>         ; X座標を1/8して加算
    25                              <1>         ;-----------------------------------------
    26 00000317 8B5D08              <1>         mov ebx, [ebp + 8]
    27 0000031A 89D9                <1>         mov ecx, ebx
    28 0000031C C1EB03              <1>         shr ebx, 3
    29 0000031F 01DF                <1>         add edi, ebx
    30                              <1> 
    31                              <1>         ;-----------------------------------------
    32                              <1>         ; X座標を8で割った余りからビット位置を計算
    33                              <1>         ; (0=0x80, 1=0x40, ..., 7=0x01)
    34                              <1>         ;-----------------------------------------
    35 00000321 83E107              <1>         and ecx, 0x07
    36 00000324 BB80000000          <1>         mov ebx, 0x80
    37 00000329 D3EB                <1>         shr ebx, cl
    38                              <1> 
    39                              <1>         ;-----------------------------------------
    40                              <1>         ; 色指定
    41                              <1>         ;-----------------------------------------
    42 0000032B 8B4D10              <1>         mov ecx, [ebp + 16]
    43                              <1> 
    44                              <1>         ;-----------------------------------------
    45                              <1>         ; プレーンごとに出力
    46                              <1>         ;-----------------------------------------
    47 0000032E 6A03E84FFDFFFF6683- <1>         cdecl vga_set_read_plane, 0x03
    47 00000337 C404                <1>
    48 00000339 6A08E85DFDFFFF6683- <1>         cdecl vga_set_write_plane, 0x08
    48 00000342 C404                <1>
    49 00000344 516A085753E8BBFDFF- <1>         cdecl vram_bit_copy, ebx, edi, 0x08, ecx
    49 0000034D FF6683C410          <1>
    50                              <1> 
    51 00000352 6A02E82BFDFFFF6683- <1>         cdecl vga_set_read_plane, 0x02
    51 0000035B C404                <1>
    52 0000035D 6A04E839FDFFFF6683- <1>         cdecl vga_set_write_plane, 0x04
    52 00000366 C404                <1>
    53 00000368 516A045753E897FDFF- <1>         cdecl vram_bit_copy, ebx, edi, 0x04, ecx
    53 00000371 FF6683C410          <1>
    54                              <1> 
    55 00000376 6A01E807FDFFFF6683- <1>         cdecl vga_set_read_plane, 0x01
    55 0000037F C404                <1>
    56 00000381 6A02E815FDFFFF6683- <1>         cdecl vga_set_write_plane, 0x02
    56 0000038A C404                <1>
    57 0000038C 516A025753E873FDFF- <1>         cdecl vram_bit_copy, ebx, edi, 0x02, ecx
    57 00000395 FF6683C410          <1>
    58                              <1> 
    59 0000039A 6A00E8E3FCFFFF6683- <1>         cdecl vga_set_read_plane, 0x00
    59 000003A3 C404                <1>
    60 000003A5 6A01E8F1FCFFFF6683- <1>         cdecl vga_set_write_plane, 0x01
    60 000003AE C404                <1>
    61 000003B0 516A015753E84FFDFF- <1>         cdecl vram_bit_copy, ebx, edi, 0x01, ecx
    61 000003B9 FF6683C410          <1>
    62                              <1> 
    63                              <1>         ;-----------------------------------------
    64                              <1>         ; 【レジスタの復帰】
    65                              <1>         ;-----------------------------------------
    66 000003BE 5F                  <1>         pop edi
    67 000003BF 59                  <1>         pop ecx
    68 000003C0 5B                  <1>         pop ebx
    69 000003C1 58                  <1>         pop eax
    70                              <1> 
    71                              <1>         ;-----------------------------------------
    72                              <1>         ; 【スタックフレームの破棄】
    73                              <1>         ;-----------------------------------------
    74 000003C2 89EC                <1>         mov esp, ebp
    75 000003C4 5D                  <1>         pop ebp
    76                              <1> 
    77 000003C5 C3                  <1>         ret
    78                              <1> 
    79 000003C6 202020202020202000  <1> .s0:    db '        ', 0
    80 000003CF 00000008            <1> .t0:    dw 0x0000, 0x0800
    81 000003D3 00010009            <1>         dw 0x0100, 0x0900
    82 000003D7 0002000A            <1>         dw 0x0200, 0x0A00
    83 000003DB 0003000B            <1>         dw 0x0300, 0x0B00
    84 000003DF 0004000C            <1>         dw 0x0400, 0x0C00
    85 000003E3 0005000D            <1>         dw 0x0500, 0x0D00
    86 000003E7 0006000E            <1>         dw 0x0600, 0x0E00
    87 000003EB 0007000F            <1>         dw 0x0700, 0x0F00
    67                                  %include "../modules/protect/draw_line.s"
     1                              <1> draw_line:
     2                              <1>         ;-----------------------------------------
     3                              <1>         ; 【スタックフレームの構築】
     4                              <1>         ;-----------------------------------------
     5 000003EF 55                  <1>         push ebp
     6 000003F0 89E5                <1>         mov ebp, esp
     7                              <1> 
     8 000003F2 6A00                <1>         push dword 0
     9 000003F4 6A00                <1>         push dword 0
    10 000003F6 6A00                <1>         push dword 0
    11 000003F8 6A00                <1>         push dword 0
    12 000003FA 6A00                <1>         push dword 0
    13 000003FC 6A00                <1>         push dword 0
    14 000003FE 6A00                <1>         push dword 0
    15                              <1> 
    16                              <1>         ;-----------------------------------------
    17                              <1>         ; 【レジスタの保存】
    18                              <1>         ;-----------------------------------------
    19 00000400 50                  <1>         push eax
    20 00000401 53                  <1>         push ebx
    21 00000402 51                  <1>         push ecx
    22 00000403 52                  <1>         push edx
    23 00000404 56                  <1>         push esi
    24 00000405 57                  <1>         push edi
    25                              <1> 
    26                              <1>         ;-----------------------------------------
    27                              <1>         ; 幅を計算(X軸)
    28                              <1>         ;-----------------------------------------
    29 00000406 8B4508              <1>         mov eax, [ebp + 8]
    30 00000409 8B5D10              <1>         mov ebx, [ebp +16]
    31 0000040C 29C3                <1>         sub ebx, eax
    32 0000040E 7D09                <1>         jge .10F
    33                              <1> 
    34 00000410 F7DB                <1>         neg ebx
    35 00000412 BEFFFFFFFF          <1>         mov esi, -1
    36 00000417 EB05                <1>         jmp .10E
    37                              <1> .10F:
    38 00000419 BE01000000          <1>         mov esi, 1
    39                              <1> .10E:
    40                              <1> 
    41                              <1>         ;-----------------------------------------
    42                              <1>         ; 高さを計算(Y軸)
    43                              <1>         ;-----------------------------------------
    44 0000041E 8B4D0C              <1>         mov ecx, [ebp + 12]
    45 00000421 8B5514              <1>         mov edx, [ebp + 20]
    46 00000424 29CA                <1>         sub edx, ecx
    47 00000426 7D09                <1>         jge .20F
    48                              <1> 
    49 00000428 F7DA                <1>         neg edx
    50 0000042A BFFFFFFFFF          <1>         mov edi, -1
    51 0000042F EB05                <1>         jmp .20E
    52                              <1> .20F:
    53 00000431 BF01000000          <1>         mov edi, 1
    54                              <1> .20E:
    55                              <1> 
    56                              <1>         ;-----------------------------------------
    57                              <1>         ; X軸
    58                              <1>         ;-----------------------------------------
    59 00000436 8945F8              <1>         mov [ebp - 8], eax
    60 00000439 895DF4              <1>         mov [ebp - 12], ebx
    61 0000043C 8975F0              <1>         mov [ebp - 16], esi
    62                              <1> 
    63                              <1>         ;-----------------------------------------
    64                              <1>         ; Y軸
    65                              <1>         ;-----------------------------------------
    66 0000043F 894DEC              <1>         mov [ebp - 20], ecx
    67 00000442 8955E8              <1>         mov [ebp - 24], edx
    68 00000445 897DE4              <1>         mov [ebp - 28], edi
    69                              <1> 
    70                              <1>         ;-----------------------------------------
    71                              <1>         ; 基準軸を決める
    72                              <1>         ;-----------------------------------------
    73 00000448 39D3                <1>         cmp ebx, edx
    74 0000044A 7F08                <1>         jg .22F
    75                              <1> 
    76 0000044C 8D75EC              <1>         lea esi, [ebp - 20]
    77 0000044F 8D7DF8              <1>         lea edi, [ebp - 8]
    78                              <1> 
    79 00000452 EB06                <1>         jmp .22E
    80                              <1> .22F:
    81 00000454 8D75F8              <1>         lea esi, [ebp - 8]
    82 00000457 8D7DEC              <1>         lea edi, [ebp - 20]
    83                              <1> .22E:
    84                              <1> 
    85                              <1>         ;-----------------------------------------
    86                              <1>         ; 繰り返し回数(基準軸のドット数)
    87                              <1>         ;-----------------------------------------
    88 0000045A 8B4EFC              <1>         mov ecx, [esi - 4]
    89 0000045D 83F900              <1>         cmp ecx, 0
    90 00000460 7505                <1>         jnz .30E
    91 00000462 B901000000          <1>         mov ecx, 1
    92                              <1> .30E:
    93                              <1> 
    94                              <1>         ;-----------------------------------------
    95                              <1>         ; 線を描画
    96                              <1>         ;-----------------------------------------
    97                              <1> .50L:
    98 00000467 FF7518FF75ECFF75F8- <1>         cdecl draw_pixel, dword [ebp - 8], dword [ebp - 20], dword [ebp + 24]
    98 00000470 E88EFEFFFF6683C40C  <1>
    99                              <1> 
   100 00000479 8B46F8              <1>         mov eax, [esi - 8]
   101 0000047C 0106                <1>         add [esi - 0], eax
   102                              <1> 
   103 0000047E 8B45FC              <1>         mov eax, [ebp - 4]
   104 00000481 0347FC              <1>         add eax, [edi - 4]
   105 00000484 8B5EFC              <1>         mov ebx, [esi - 4]
   106                              <1> 
   107 00000487 39D8                <1>         cmp eax, ebx
   108 00000489 7C07                <1>         jl .52E
   109 0000048B 29D8                <1>         sub eax, ebx
   110                              <1> 
   111 0000048D 8B5FF8              <1>         mov ebx, [edi - 8]
   112 00000490 011F                <1>         add [edi - 0], ebx
   113                              <1> .52E:
   114 00000492 8945FC              <1>         mov [ebp - 4], eax
   115                              <1> 
   116 00000495 E2D0                <1>         loop .50L
   117                              <1> .50E:
   118                              <1> 
   119                              <1>         ;-----------------------------------------
   120                              <1>         ; 【レジスタの復帰】
   121                              <1>         ;-----------------------------------------
   122 00000497 5F                  <1>         pop edi
   123 00000498 5E                  <1>         pop esi
   124 00000499 5A                  <1>         pop edx
   125 0000049A 59                  <1>         pop ecx
   126 0000049B 5B                  <1>         pop ebx
   127 0000049C 58                  <1>         pop eax
   128                              <1> 
   129                              <1>         ;-----------------------------------------
   130                              <1>         ; 【スタックフレームの破棄】
   131                              <1>         ;-----------------------------------------
   132 0000049D 89EC                <1>         mov esp, ebp
   133 0000049F 5D                  <1>         pop ebp
   134                              <1> 
   135 000004A0 C3                  <1>         ret
   136                              <1> 
   137 000004A1 202020202020202000  <1> .s0:    db '        ', 0
   138 000004AA 00000008            <1> .t0:    dw 0x0000, 0x0800
   139 000004AE 00010009            <1>         dw 0x0100, 0x0900
   140 000004B2 0002000A            <1>         dw 0x0200, 0x0A00
   141 000004B6 0003000B            <1>         dw 0x0300, 0x0B00
   142 000004BA 0004000C            <1>         dw 0x0400, 0x0C00
   143 000004BE 0005000D            <1>         dw 0x0500, 0x0D00
   144 000004C2 0006000E            <1>         dw 0x0600, 0x0E00
   145 000004C6 0007000F            <1>         dw 0x0700, 0x0F00
    68                                  %include "../modules/protect/draw_rect.s"
     1                              <1> draw_rect:
     2                              <1>         ;-----------------------------------------
     3                              <1>         ; 【スタックフレームの構築】
     4                              <1>         ;-----------------------------------------
     5 000004CA 55                  <1>         push ebp
     6 000004CB 89E5                <1>         mov ebp, esp
     7                              <1> 
     8                              <1>         ;-----------------------------------------
     9                              <1>         ; 【レジスタの保存】
    10                              <1>         ;-----------------------------------------
    11 000004CD 50                  <1>         push eax
    12 000004CE 53                  <1>         push ebx
    13 000004CF 51                  <1>         push ecx
    14 000004D0 52                  <1>         push edx
    15 000004D1 56                  <1>         push esi
    16                              <1> 
    17                              <1>         ;-----------------------------------------
    18                              <1>         ; 引数の取得
    19                              <1>         ;-----------------------------------------
    20 000004D2 8B4508              <1>         mov eax, [ebp + 8]
    21 000004D5 8B5D0C              <1>         mov ebx, [ebp +12]
    22 000004D8 8B4D10              <1>         mov ecx, [ebp +16]
    23 000004DB 8B5514              <1>         mov edx, [ebp +20]
    24 000004DE 8B7518              <1>         mov esi, [ebp +24]
    25                              <1> 
    26                              <1>         ;-----------------------------------------
    27                              <1>         ; 座標軸の大小を確定
    28                              <1>         ;-----------------------------------------
    29 000004E1 39C8                <1>         cmp eax, ecx
    30 000004E3 7C01                <1>         jl .10E
    31 000004E5 91                  <1>         xchg eax, ecx
    32                              <1> .10E:
    33 000004E6 39D3                <1>         cmp ebx, edx
    34 000004E8 7C02                <1>         jl .20E
    35 000004EA 87DA                <1>         xchg ebx, edx
    36                              <1> .20E:
    37                              <1> 
    38                              <1>         ;-----------------------------------------
    39                              <1>         ; 矩形を描画
    40                              <1>         ;-----------------------------------------
    41 000004EC 5653515350E8F9FEFF- <1>         cdecl draw_line, eax, ebx, ecx, ebx, esi
    41 000004F5 FF6683C414          <1>
    42 000004FA 5652505350E8EBFEFF- <1>         cdecl draw_line, eax, ebx, eax, edx, esi
    42 00000503 FF6683C414          <1>
    43                              <1> 
    44 00000508 4A                  <1>         dec edx
    45 00000509 5652515250E8DCFEFF- <1>         cdecl draw_line, eax, edx, ecx, edx, esi
    45 00000512 FF6683C414          <1>
    46 00000517 42                  <1>         inc edx
    47                              <1> 
    48 00000518 49                  <1>         dec ecx
    49 00000519 5652515351E8CCFEFF- <1>         cdecl draw_line, ecx, ebx, ecx, edx, esi
    49 00000522 FF6683C414          <1>
    50                              <1> 
    51                              <1>         ;-----------------------------------------
    52                              <1>         ; 【レジスタの復帰】
    53                              <1>         ;-----------------------------------------
    54 00000527 5E                  <1>         pop esi
    55 00000528 5A                  <1>         pop edx
    56 00000529 59                  <1>         pop ecx
    57 0000052A 5B                  <1>         pop ebx
    58 0000052B 58                  <1>         pop eax
    59                              <1> 
    60                              <1>         ;-----------------------------------------
    61                              <1>         ; 【スタックフレームの破棄】
    62                              <1>         ;-----------------------------------------
    63 0000052C 89EC                <1>         mov esp, ebp
    64 0000052E 5D                  <1>         pop ebp
    65                              <1> 
    66 0000052F C3                  <1>         ret
    69                                  %include "../modules/protect/itoa.s"
     1                              <1> itoa:
     2                              <1>         ;---------------------------------------
     3                              <1>         ; 【スタックフレームの構築】
     4                              <1>         ;---------------------------------------
     5 00000530 55                  <1>         push ebp
     6 00000531 89E5                <1>         mov ebp, esp
     7                              <1> 
     8                              <1>         ;---------------------------------------
     9                              <1>         ; 【レジスタの保存】
    10                              <1>         ;---------------------------------------
    11 00000533 50                  <1>         push eax
    12 00000534 53                  <1>         push ebx
    13 00000535 51                  <1>         push ecx
    14 00000536 52                  <1>         push edx
    15 00000537 56                  <1>         push esi
    16 00000538 57                  <1>         push edi
    17                              <1> 
    18                              <1>         ;---------------------------------------
    19                              <1>         ; 引数を取得
    20                              <1>         ;---------------------------------------
    21 00000539 678B4608            <1>         mov eax, [bp + 8]
    22 0000053D 678B760C            <1>         mov esi, [bp + 12]
    23 00000541 678B4E10            <1>         mov ecx, [bp + 16]
    24                              <1> 
    25 00000545 89F7                <1>         mov edi, esi
    26 00000547 01CF                <1>         add edi, ecx
    27 00000549 4F                  <1>         dec edi
    28                              <1> 
    29 0000054A 8B5D18              <1>         mov ebx, [ebp + 24]
    30                              <1> 
    31                              <1>         ;---------------------------------------
    32                              <1>         ; 符号付き判定
    33                              <1>         ;---------------------------------------
    34 0000054D F7C301000000        <1>         test ebx, 0b0001
    35                              <1> .10Q:
    36 00000553 7408                <1>         je .10E
    37 00000555 83F800              <1>         cmp eax, 0
    38                              <1> .12Q:
    39 00000558 7D03                <1>         jge .12E
    40 0000055A 83CB02              <1>         or ebx, 0b0010
    41                              <1> .12E:
    42                              <1> .10E:
    43                              <1> 
    44                              <1>         ;---------------------------------------
    45                              <1>         ; 符号出力判定
    46                              <1>         ;---------------------------------------
    47 0000055D F7C302000000        <1>         test ebx, 0b0010
    48                              <1> .20Q:
    49 00000563 7410                <1>         je .20E
    50 00000565 83F800              <1>         cmp eax, 0
    51                              <1> .22Q:
    52 00000568 7D07                <1>         jge .22F
    53 0000056A F7D8                <1>         neg eax
    54 0000056C C6062D              <1>         mov [esi], byte '-'
    55 0000056F EB03                <1>         jmp .22E
    56                              <1> .22F:
    57 00000571 C6062B              <1>         mov [esi], byte '+'
    58                              <1> .22E:
    59 00000574 49                  <1>         dec ecx
    60                              <1> .20E:
    61                              <1> 
    62                              <1>         ;---------------------------------------
    63                              <1>         ; ASCII 変換
    64                              <1>         ;---------------------------------------
    65 00000575 8B5D14              <1>         mov ebx, [ebp + 20]
    66                              <1> .30L:
    67 00000578 BA00000000          <1>         mov edx, 0
    68 0000057D F7F3                <1>         div ebx
    69                              <1> 
    70 0000057F 89D6                <1>         mov esi, edx
    71 00000581 8A96[AC050000]      <1>         mov dl, byte[.ascii + esi]
    72                              <1> 
    73 00000587 8817                <1>         mov [edi], dl
    74 00000589 4F                  <1>         dec edi
    75                              <1> 
    76 0000058A 83F800              <1>         cmp eax, 0
    77 0000058D E0E9                <1>         loopnz .30L
    78                              <1> .30E:
    79                              <1> 
    80                              <1>         ;---------------------------------------
    81                              <1>         ; 空欄を埋める
    82                              <1>         ;---------------------------------------
    83 0000058F 83F900              <1>         cmp ecx, 0
    84                              <1> .40Q:
    85 00000592 740E                <1>         je .40E
    86 00000594 B020                <1>         mov al, ' '
    87 00000596 66837D1804          <1>         cmp [ebp + 24], word 0b0100
    88                              <1> .42Q:
    89 0000059B 7502                <1>         jne .42E
    90 0000059D B030                <1>         mov al, '0'
    91                              <1> .42E:
    92 0000059F FD                  <1>         std
    93 000005A0 F3AA                <1>         rep stosb
    94                              <1> .40E:
    95                              <1> 
    96                              <1>         ;---------------------------------------
    97                              <1>         ; 【レジスタの復帰】
    98                              <1>         ;---------------------------------------
    99 000005A2 5F                  <1>         pop edi
   100 000005A3 5E                  <1>         pop esi
   101 000005A4 5A                  <1>         pop edx
   102 000005A5 59                  <1>         pop ecx
   103 000005A6 5B                  <1>         pop ebx
   104 000005A7 58                  <1>         pop eax
   105                              <1> 
   106                              <1>         ;---------------------------------------
   107                              <1>         ; 【スタックフレームの破棄】
   108                              <1>         ;---------------------------------------
   109 000005A8 89EC                <1>         mov esp, ebp
   110 000005AA 5D                  <1>         pop ebp
   111                              <1> 
   112 000005AB C3                  <1>         ret
   113                              <1> 
   114 000005AC 303132333435363738- <1> .ascii db "0123456789ABCDEF"
   114 000005B5 39414243444546      <1>
    70                                  %include "../modules/protect/rtc.s"
     1                              <1> rtc_get_time:
     2                              <1>         ;-----------------------------------------
     3                              <1>         ; 【スタックフレームの構築】
     4                              <1>         ;-----------------------------------------
     5 000005BC 55                  <1>         push ebp
     6 000005BD 89E5                <1>         mov ebp, esp
     7                              <1> 
     8                              <1>         ;-----------------------------------------
     9                              <1>         ; 【レジスタの保存】
    10                              <1>         ;-----------------------------------------
    11 000005BF 53                  <1>         push ebx
    12                              <1> 
    13                              <1>         ;-----------------------------------------
    14                              <1>         ; RTCの読み込み
    15                              <1>         ;-----------------------------------------
    16 000005C0 B00A                <1>         mov al, 0x0A
    17 000005C2 E670                <1>         out 0x70, al
    18 000005C4 E471                <1>         in al, 0x71
    19 000005C6 A880                <1>         test al, 0x80
    20 000005C8 7407                <1>         je .10F
    21 000005CA B801000000          <1>         mov eax, 1
    22 000005CF EB27                <1>         jmp .10E
    23                              <1> .10F:
    24 000005D1 B004                <1>         mov al, 0x04
    25 000005D3 E670                <1>         out 0x70, al
    26 000005D5 E471                <1>         in al, 0x71
    27                              <1> 
    28 000005D7 C1E008              <1>         shl eax, 8
    29                              <1> 
    30 000005DA B002                <1>         mov al, 0x02
    31 000005DC E670                <1>         out 0x70, al
    32 000005DE E471                <1>         in al, 0x71
    33                              <1> 
    34 000005E0 C1E008              <1>         shl eax, 8
    35                              <1> 
    36 000005E3 B000                <1>         mov al, 0x00
    37 000005E5 E670                <1>         out 0x70, al
    38 000005E7 E471                <1>         in al, 0x71
    39                              <1> 
    40 000005E9 25FFFFFF00          <1>         and eax, 0x00_FF_FF_FF
    41                              <1> 
    42 000005EE 8B5D08              <1>         mov ebx, [ebp + 8]
    43 000005F1 8903                <1>         mov [ebx], eax
    44                              <1> 
    45 000005F3 B800000000          <1>         mov eax, 0
    46                              <1> .10E:
    47                              <1> 
    48                              <1>         ;-----------------------------------------
    49                              <1>         ; 【レジスタの復帰】
    50                              <1>         ;-----------------------------------------
    51 000005F8 5B                  <1>         pop ebx
    52                              <1> 
    53                              <1>         ;-----------------------------------------
    54                              <1>         ; 【スタックフレームの破棄】
    55                              <1>         ;-----------------------------------------
    56 000005F9 89EC                <1>         mov esp, ebp
    57 000005FB 5D                  <1>         pop ebp
    58                              <1> 
    59 000005FC C3                  <1>         ret
    71                                  %include "../modules/protect/draw_time.s"
     1                              <1> draw_time:
     2                              <1>         ;-----------------------------------------
     3                              <1>         ; 【スタックフレームの構築】
     4                              <1>         ;-----------------------------------------
     5 000005FD 55                  <1>         push ebp
     6 000005FE 89E5                <1>         mov ebp, esp
     7                              <1> 
     8                              <1>         ;-----------------------------------------
     9                              <1>         ; 【レジスタの保存】
    10                              <1>         ;-----------------------------------------
    11 00000600 50                  <1>         push eax
    12 00000601 53                  <1>         push ebx
    13                              <1> 
    14                              <1>         ;-----------------------------------------
    15                              <1>         ; 時刻の表示
    16                              <1>         ;-----------------------------------------
    17 00000602 8B4514              <1>         mov eax, [ebp + 20]
    18                              <1> 
    19 00000605 0FB6D8              <1>         movzx ebx, al
    20 00000608 6A046A106A0268-     <1>         cdecl itoa, ebx, .sec, 2, 16, 0b0100
    20 0000060F [6F060000]53E817FF- <1>
    20 00000617 FFFF6683C414        <1>
    21                              <1> 
    22 0000061D 88E3                <1>         mov bl, ah
    23 0000061F 6A046A106A0268-     <1>         cdecl itoa, ebx, .min, 2, 16, 0b0100
    23 00000626 [6C060000]53E800FF- <1>
    23 0000062E FFFF6683C414        <1>
    24                              <1> 
    25 00000634 C1E810              <1>         shr eax, 16
    26 00000637 6A046A106A0268-     <1>         cdecl itoa, eax, .hour, 2, 16, 0b0100
    26 0000063E [69060000]50E8E8FE- <1>
    26 00000646 FFFF6683C414        <1>
    27                              <1> 
    28 0000064C 68[69060000]FF7510- <1>         cdecl draw_str, dword[ebp + 8], dword[ebp + 12], dword[ebp + 16], .hour
    28 00000654 FF750CFF7508E8E1FB- <1>
    28 0000065D FFFF6683C410        <1>
    29                              <1> 
    30                              <1>         ;-----------------------------------------
    31                              <1>         ; 【レジスタの復帰】
    32                              <1>         ;-----------------------------------------
    33 00000663 5B                  <1>         pop ebx
    34 00000664 58                  <1>         pop eax
    35                              <1> 
    36                              <1>         ;-----------------------------------------
    37                              <1>         ; 【スタックフレームの破棄】
    38                              <1>         ;-----------------------------------------
    39 00000665 89EC                <1>         mov esp, ebp
    40 00000667 5D                  <1>         pop ebp
    41                              <1> 
    42 00000668 C3                  <1>         ret
    43                              <1> 
    44 00000669 5A5A3A              <1> .hour:  db "ZZ:"
    45 0000066C 5A5A3A              <1> .min:   db "ZZ:"
    46 0000066F 5A5A00              <1> .sec:   db "ZZ", 0
    72                                  %include "modules/interrupt.s"
     1                              <1> ;***********************************************************
     2                              <1> ;  割り込みベクタの初期化
     3                              <1> ;***********************************************************
     4 00000672 90<rept>            <1> ALIGN 4
     5 00000674 FF07                <1> IDTR:   dw 8 * 256 - 1
     6 00000676 00001000            <1>         dd VECT_BASE
     7                              <1> 
     8                              <1> ;***********************************************************
     9                              <1> ;  割り込みテーブルを初期化
    10                              <1> ;***********************************************************
    11                              <1> init_int:
    12                              <1>         ;-----------------------------------------
    13                              <1>         ; 【レジスタの保存】
    14                              <1>         ;-----------------------------------------
    15 0000067A 50                  <1>         push eax
    16 0000067B 53                  <1>         push ebx
    17 0000067C 51                  <1>         push ecx
    18 0000067D 57                  <1>         push edi
    19                              <1> 
    20                              <1>         ;-----------------------------------------
    21                              <1>         ; すべての割り込みにデフォルト処理を設定
    22                              <1>         ;-----------------------------------------
    23 0000067E 8D05[AB060000]      <1>         lea eax, [int_default]
    24 00000684 BB008E0800          <1>         mov ebx, 0x0008_8E00
    25 00000689 6693                <1>         xchg ax, bx
    26                              <1> 
    27 0000068B B900010000          <1>         mov ecx, 256
    28 00000690 BF00001000          <1>         mov edi, VECT_BASE
    29                              <1> 
    30                              <1> .10L:
    31 00000695 891F                <1>         mov [edi + 0], ebx
    32 00000697 894704              <1>         mov [edi + 4], eax
    33 0000069A 83C708              <1>         add edi, 8
    34 0000069D E2F6                <1>         loop .10L
    35                              <1> 
    36                              <1>         ;-----------------------------------------
    37                              <1>         ; 割り込みディスクリプタの設定
    38                              <1>         ;-----------------------------------------
    39 0000069F 0F011D[74060000]    <1>         lidt [IDTR]
    40                              <1> 
    41                              <1>         ;-----------------------------------------
    42                              <1>         ; 【レジスタの復帰】
    43                              <1>         ;-----------------------------------------
    44 000006A6 5F                  <1>         pop edi
    45 000006A7 59                  <1>         pop ecx
    46 000006A8 5B                  <1>         pop ebx
    47 000006A9 58                  <1>         pop eax
    48                              <1> 
    49 000006AA C3                  <1>         ret
    50                              <1> 
    51                              <1> int_default:
    52 000006AB 9C                  <1>         pushf
    53 000006AC 0E                  <1>         push cs
    54 000006AD 68[C9060000]        <1>         push int_stop
    55                              <1> 
    56 000006B2 B8[B8060000]        <1>         mov eax, .s0
    57 000006B7 CF                  <1>         iret
    58                              <1> 
    59 000006B8 203C2020202053544F- <1> .s0:    db " <    STOP    > ", 0
    59 000006C1 50202020203E2000    <1>
    60                              <1> 
    61                              <1> int_stop:
    62                              <1>         ;-----------------------------------------
    63                              <1>         ; EAXで示される文字列を表示
    64                              <1>         ;-----------------------------------------
    65 000006C9 50680F0600006A0F6A- <1>         cdecl draw_str, 25, 15, 0x060F, eax
    65 000006D2 19E868FBFFFF6683C4- <1>
    65 000006DB 10                  <1>
    66                              <1> 
    67                              <1>         ;-----------------------------------------
    68                              <1>         ; スタックのデータを文字列に変換
    69                              <1>         ;-----------------------------------------
    70 000006DC 8B0424              <1>         mov eax, [esp + 0]
    71 000006DF 6A046A106A0868-     <1>         cdecl itoa, eax, .p1, 8, 16, 0b0100
    71 000006E6 [A4070000]50E840FE- <1>
    71 000006EE FFFF6683C414        <1>
    72                              <1> 
    73 000006F4 8B442404            <1>         mov eax, [esp + 4]
    74 000006F8 6A046A106A0868-     <1>         cdecl itoa, eax, .p2, 8, 16, 0b0100
    74 000006FF [B5070000]50E827FE- <1>
    74 00000707 FFFF6683C414        <1>
    75                              <1> 
    76 0000070D 8B442408            <1>         mov eax, [esp + 8]
    77 00000711 6A046A106A0868-     <1>         cdecl itoa, eax, .p3, 8, 16, 0b0100
    77 00000718 [C6070000]50E80EFE- <1>
    77 00000720 FFFF6683C414        <1>
    78                              <1> 
    79 00000726 8B44240C            <1>         mov eax, [esp +12]
    80 0000072A 6A046A106A0868-     <1>         cdecl itoa, eax, .p4, 8, 16, 0b0100
    80 00000731 [D7070000]50E8F5FD- <1>
    80 00000739 FFFF6683C414        <1>
    81                              <1> 
    82                              <1>         ;-----------------------------------------
    83                              <1>         ; 文字列の表示
    84                              <1>         ;-----------------------------------------
    85 0000073F 68[9D070000]68040F- <1>         cdecl draw_str, 25, 16, 0x0F04, .s1
    85 00000747 00006A106A19E8EEFA- <1>
    85 00000750 FFFF6683C410        <1>
    86 00000756 68[AE070000]68040F- <1>         cdecl draw_str, 25, 17, 0x0F04, .s2
    86 0000075E 00006A116A19E8D7FA- <1>
    86 00000767 FFFF6683C410        <1>
    87 0000076D 68[BF070000]68040F- <1>         cdecl draw_str, 25, 18, 0x0F04, .s3
    87 00000775 00006A126A19E8C0FA- <1>
    87 0000077E FFFF6683C410        <1>
    88 00000784 68[D0070000]68040F- <1>         cdecl draw_str, 25, 19, 0x0F04, .s4
    88 0000078C 00006A136A19E8A9FA- <1>
    88 00000795 FFFF6683C410        <1>
    89                              <1> 
    90                              <1>         ;-----------------------------------------
    91                              <1>         ; 無限ループ
    92                              <1>         ;-----------------------------------------
    93 0000079B EBFE                <1>         jmp $
    94                              <1> 
    95 0000079D 4553502B20303A      <1> .s1:    db "ESP+ 0:"
    96 000007A4 5F5F5F5F5F5F5F5F20- <1> .p1:    db "________ ", 0
    96 000007AD 00                  <1>
    97 000007AE 2020202B20343A      <1> .s2:    db "   + 4:"
    98 000007B5 5F5F5F5F5F5F5F5F20- <1> .p2:    db "________ ", 0
    98 000007BE 00                  <1>
    99 000007BF 2020202B20383A      <1> .s3:    db "   + 8:"
   100 000007C6 5F5F5F5F5F5F5F5F20- <1> .p3:    db "________ ", 0
   100 000007CF 00                  <1>
   101 000007D0 2020202B31323A      <1> .s4:    db "   +12:"
   102 000007D7 5F5F5F5F5F5F5F5F20- <1> .p4:    db "________ ", 0
   102 000007E0 00                  <1>
   103                              <1> 
   104                              <1> int_zero_div:
   105 000007E1 9C                  <1>         pushf
   106 000007E2 0E                  <1>         push cs
   107 000007E3 68[C9060000]        <1>         push int_stop
   108                              <1> 
   109 000007E8 B8[EE070000]        <1>         mov eax, .s0
   110 000007ED CF                  <1>         iret
   111                              <1> 
   112 000007EE 203C20205A45524F20- <1> .s0:    db " <  ZERO DIV  > ", 0
   112 000007F7 44495620203E2000    <1>
    73                                  
    74                                  ;***********************************************************
    75                                  ;  パディング
    76                                  ;***********************************************************
    77 000007FF 00<rept>                        times KERNEL_SIZE - ($ - $$) db 0
