     1                                          BOOT_LOAD equ 0x7C00
     2                                          ORG BOOT_LOAD
     3                                  
     4                                  ;***********************************************************
     5                                  ;  マクロ
     6                                  ;***********************************************************
     7                                  %include "../include/macro.s"
     1                              <1> %macro cdecl 1-*.nolist
     2                              <1>   %rep %0 - 1
     3                              <1>     push %{-1:-1}
     4                              <1>     %rotate -1
     5                              <1>   %endrep
     6                              <1>   %rotate -1
     7                              <1> 
     8                              <1>   call %1
     9                              <1> 
    10                              <1>   %if 1 < %0
    11                              <1>     add sp, (__BITS__ >> 3) * (%0 - 1)
    12                              <1>   %endif
    13                              <1> %endmacro
     8                                  
     9                                  ;***********************************************************
    10                                  ;  エントリポイント
    11                                  ;***********************************************************
    12                                  entry:
    13                                          ;---------------------------------------
    14                                          ; BPB(BIOS Parameter Block)
    15                                          ;---------------------------------------
    16 00000000 EB58                            jmp ipl
    17 00000002 90<rept>                        times 90 - ($ - $$) db 0x90
    18                                  
    19                                          ;---------------------------------------
    20                                          ; IPL(Initial Program Loader)
    21                                          ;---------------------------------------
    22                                  ipl:
    23 0000005A FA                              cli
    24                                  
    25 0000005B B80000                          mov ax, 0x0000
    26 0000005E 8ED8                            mov ds, ax
    27 00000060 8EC0                            mov es, ax
    28 00000062 8ED0                            mov ss, ax
    29 00000064 BC007C                          mov sp, BOOT_LOAD
    30                                  
    31 00000067 FB                              sti
    32                                  
    33 00000068 8816[8400]                      mov [BOOT.DRIVE], dl
    34                                  
    35                                          ;---------------------------------------
    36                                          ; 文字を表示
    37                                          ;---------------------------------------
    38 0000006C 68[7700]E8140083C4-             cdecl puts, .s0
    38 00000074 02                 
    39                                  
    40                                          ;---------------------------------------
    41                                          ; 処理の終了
    42                                          ;---------------------------------------
    43 00000075 EBFE                            jmp $
    44                                  
    45                                          ;---------------------------------------
    46                                          ; データ
    47                                          ;---------------------------------------
    48 00000077 426F6F74696E672E2E-     .s0     db "Booting...", 0x0A, 0x0D, 0
    48 00000080 2E0A0D00           
    49                                  
    50                                  ALIGN 2, db 0
    51                                  BOOT:
    52 00000084 0000                    .DRIVE: dw 0
    53                                  
    54                                  ;***********************************************************
    55                                  ;  モジュール
    56                                  ;***********************************************************
    57                                  %include "../modules/real/puts.s"
     1                              <1> puts:
     2                              <1>         ;---------------------------------------
     3                              <1>         ; 【スタックフレームの構築】
     4                              <1>         ;---------------------------------------
     5 00000086 55                  <1>         push bp
     6 00000087 89E5                <1>         mov bp, sp
     7                              <1> 
     8                              <1>         ;---------------------------------------
     9                              <1>         ; 【レジスタの保存】
    10                              <1>         ;---------------------------------------
    11 00000089 50                  <1>         push ax
    12 0000008A 53                  <1>         push bx
    13 0000008B 56                  <1>         push si
    14                              <1> 
    15                              <1>         ;---------------------------------------
    16                              <1>         ; 引数を取得
    17                              <1>         ;---------------------------------------
    18 0000008C 8B7604              <1>         mov si, [bp + 4]
    19                              <1> 
    20                              <1>         ;---------------------------------------
    21                              <1>         ; 【処理の開始】
    22                              <1>         ;---------------------------------------
    23 0000008F B40E                <1>         mov ah, 0x0E
    24 00000091 BB0000              <1>         mov bx, 0x0000
    25 00000094 FC                  <1>         cld
    26                              <1> .10L:
    27 00000095 AC                  <1>         lodsb
    28 00000096 3C00                <1>         cmp al, 0
    29 00000098 7404                <1>         je .10E
    30 0000009A CD10                <1>         int 0x10
    31 0000009C EBF7                <1>         jmp .10L
    32                              <1> .10E:
    33                              <1> 
    34                              <1>         ;---------------------------------------
    35                              <1>         ; 【レジスタの復帰】
    36                              <1>         ;---------------------------------------
    37 0000009E 5E                  <1>         pop si
    38 0000009F 5B                  <1>         pop bx
    39 000000A0 58                  <1>         pop ax
    40                              <1> 
    41                              <1>         ;---------------------------------------
    42                              <1>         ; 【スタックフレームの破棄】
    43                              <1>         ;---------------------------------------
    44 000000A1 89EC                <1>         mov sp, bp
    45 000000A3 5D                  <1>         pop bp
    46                              <1> 
    47 000000A4 C3                  <1>         ret
    58                                  
    59                                  ;***********************************************************
    60                                  ;  ブートフラグ(先頭512バイトの終了)
    61                                  ;***********************************************************
    62 000000A5 00<rept>                        times 510 - ($ - $$) db 0x00
    63 000001FE 55AA                            db 0x55, 0xAA
