     1                                          BOOT_LOAD equ 0x7C00
     2                                          ORG BOOT_LOAD
     3                                  ;***********************************************************
     4                                  ;  エントリポイント
     5                                  ;***********************************************************
     6                                  entry:
     7                                          ;---------------------------------------
     8                                          ; BPB(BIOS Parameter Block)
     9                                          ;---------------------------------------
    10 00000000 EB58                            jmp ipl
    11 00000002 90<rept>                        times 90 - ($ - $$) db 0x90
    12                                  
    13                                          ;---------------------------------------
    14                                          ; IPL(Initial Program Loader)
    15                                          ;---------------------------------------
    16                                  ipl:
    17 0000005A FA                              cli
    18                                  
    19 0000005B B80000                          mov ax, 0x0000
    20 0000005E 8ED8                            mov ds, ax
    21 00000060 8EC0                            mov es, ax
    22 00000062 8ED0                            mov ss, ax
    23 00000064 BC007C                          mov sp, BOOT_LOAD
    24                                  
    25 00000067 FB                              sti
    26                                  
    27 00000068 8816[6E00]                      mov [BOOT.DRIVE], dl
    28                                  
    29                                          ;---------------------------------------
    30                                          ; 処理の終了
    31                                          ;---------------------------------------
    32 0000006C EBFE                            jmp $
    33                                  ALIGN 2, db 0
    34                                  BOOT:
    35 0000006E 0000                    .DRIVE: dw 0
    36                                  
    37                                  ;***********************************************************
    38                                  ;  ブートフラグ(先頭512バイトの終了)
    39                                  ;***********************************************************
    40 00000070 00<rept>                        times 510 - ($ - $$) db 0x00
    41 000001FE 55AA                            db 0x55, 0xAA
